2024-02-28 10:13:49.021 [info] (Client) Pylance async client (2024.2.2) started with python extension (2024.0.1)
2024-02-28 10:13:57.689 [info] [Info  - 10:13:57 AM] (3520) Pylance language server 2024.2.2 (pyright version 1.1.348, commit cfb1de0c) starting
2024-02-28 10:13:57.740 [info] [Info  - 10:13:57 AM] (3520) Server root directory: file:///root/.vscode/extensions/ms-python.vscode-pylance-2024.2.2/dist
2024-02-28 10:13:57.877 [info] [Info  - 10:13:57 AM] (3520) Starting service instance "assignment_2_2023"
2024-02-28 10:13:59.727 [info] [Info  - 10:13:59 AM] (3520) Setting pythonPath for service "assignment_2_2023": "/bin/python3"
2024-02-28 10:13:59.831 [info] [Info  - 10:13:59 AM] (3520) Setting environmentName for service "assignment_2_2023": "3.8.5 (global)"
2024-02-28 10:14:00.111 [info] [Info  - 10:14:00 AM] (3520) Assuming Python version 3.8
2024-02-28 10:14:01.979 [info] [Info  - 10:14:01 AM] (3520) Found 9 source files
2024-02-28 10:14:06.225 [info] [Info  - 10:14:06 AM] (3520) Background analysis(1) root directory: file:///root/.vscode/extensions/ms-python.vscode-pylance-2024.2.2/dist
2024-02-28 10:14:06.243 [info] [Info  - 10:14:06 AM] (3520) Background analysis(1) started
2024-02-28 10:14:10.980 [info] [Info  - 10:14:10 AM] (3520) [BG(1)] Long operation: parsing: file:///root/.vscode/extensions/ms-python.vscode-pylance-2024.2.2/dist/typeshed-fallback/stdlib/builtins.pyi (2030ms)
2024-02-28 10:14:11.176 [info] [Info  - 10:14:11 AM] (3520) Indexer background runner(2) root directory: file:///root/.vscode/extensions/ms-python.vscode-pylance-2024.2.2/dist (index)
2024-02-28 10:14:11.176 [info] [Info  - 10:14:11 AM] (3520) Indexing(2) started
2024-02-28 10:14:18.822 [info] [Info  - 10:14:18 AM] (3520) [BG(1)] Long operation: binding: file:///opt/ros/noetic/lib/python3/dist-packages/nav_msgs/msg/__init__.py (2268ms)
2024-02-28 10:14:35.837 [info] [Info  - 10:14:35 AM] (3520) [IDX(2)] Long operation: scan packages file:///root/ros_ws/src/assignment_2_2023 (24580ms)
2024-02-28 10:14:35.839 [info] [Info  - 10:14:35 AM] (3520) scanned(2) 477 files over 1 exec env
2024-02-28 10:14:38.417 [info] [Info  - 10:14:38 AM] (3520) [BG(1)] Long operation: checking: file:///root/ros_ws/src/assignment_2_2023/scripts/action_client_node.py (26680ms)
2024-02-28 10:14:38.420 [info] [Info  - 10:14:38 AM] (3520) [BG(1)] Long operation: analyzing: file:///root/ros_ws/src/assignment_2_2023/scripts/action_client_node.py (31371ms)
2024-02-28 10:14:48.853 [info] [Info  - 10:14:48 AM] (3520) indexed(2) 159 files over 1 exec env
2024-02-28 10:14:50.305 [info] [Info  - 10:14:50 AM] (3520) Indexing finished(2).
2024-02-28 10:23:00.132 [info] [Info  - 10:23:00 AM] (3520) Indexer background runner(3) root directory: file:///root/.vscode/extensions/ms-python.vscode-pylance-2024.2.2/dist (refresh)
2024-02-28 10:23:00.133 [info] [Info  - 10:23:00 AM] (3520) Indexing(3) started
2024-02-28 10:23:06.265 [info] [Info  - 10:23:06 AM] (3520) [BG(1)] Long operation: checking: file:///root/ros_ws/src/assignment_2_2023/scripts/action_client_node.py (10438ms)
2024-02-28 10:23:06.267 [info] [Info  - 10:23:06 AM] (3520) [BG(1)] Long operation: analyzing: file:///root/ros_ws/src/assignment_2_2023/scripts/action_client_node.py (11550ms)
2024-02-28 10:23:09.880 [info] [Info  - 10:23:09 AM] (3520) [IDX(3)] Long operation: scan packages file:///root/ros_ws/src/assignment_2_2023 (9687ms)
2024-02-28 10:23:09.881 [info] [Info  - 10:23:09 AM] (3520) scanned(3) 477 files over 1 exec env
2024-02-28 10:23:18.955 [info] [Info  - 10:23:18 AM] (3520) indexed(3) 159 files over 1 exec env
2024-02-28 10:23:19.972 [info] [Info  - 10:23:19 AM] (3520) Indexing finished(3).
2024-02-28 10:29:53.833 [info] [Info  - 10:29:53 AM] (3520) [FG] Long operation: parsing: file:///root/.vscode/extensions/ms-python.vscode-pylance-2024.2.2/dist/typeshed-fallback/stdlib/builtins.pyi (2450ms)
2024-02-28 10:29:55.474 [info] [Info  - 10:29:55 AM] (3520) [BG(1)] Long operation: checking: file:///root/ros_ws/src/assignment_2_2023/scripts/position_node.py (6164ms)
2024-02-28 10:29:55.477 [info] [Info  - 10:29:55 AM] (3520) [BG(1)] Long operation: analyzing: file:///root/ros_ws/src/assignment_2_2023/scripts/position_node.py (6338ms)
