2024-02-27 14:09:44.963 [info] (Client) Pylance async client (2023.12.1) started with python extension (2023.22.1)
2024-02-27 14:09:51.809 [info] [Info  - 2:09:51 PM] (1105) Pylance language server 2023.12.1 (pyright a78e2b10) starting
2024-02-27 14:09:51.816 [info] [Info  - 2:09:51 PM] (1105) Server root directory: /root/.vscode/extensions/ms-python.vscode-pylance-2023.12.1/dist
2024-02-27 14:09:51.823 [info] [Info  - 2:09:51 PM] (1105) Starting service instance "assignment_2_2023"
2024-02-27 14:09:52.421 [info] [Info  - 2:09:52 PM] (1105) Setting pythonPath for service "assignment_2_2023": "/bin/python3"
2024-02-27 14:09:52.422 [info] [Info  - 2:09:52 PM] (1105) Setting environmentName for service "assignment_2_2023": "3.8.5 (global)"
2024-02-27 14:09:52.903 [info] [Info  - 2:09:52 PM] (1105) Assuming Python version 3.8
2024-02-27 14:09:53.855 [info] [Info  - 2:09:53 PM] (1105) Found 6 source files
2024-02-27 14:10:14.581 [info] [Info  - 2:10:14 PM] (1105) [IDX(2)] Long operation: scan packages /root/ros_ws/src/assignment_2_2023 (12868ms)
2024-02-27 14:10:20.213 [info] [Info  - 2:10:20 PM] (1105) [BG(1)] Long operation: checking: /root/ros_ws/src/assignment_2_2023/scripts/action_client_node.py (17330ms)
2024-02-27 14:10:20.214 [info] [Info  - 2:10:20 PM] (1105) [BG(1)] Long operation: analyzing: /root/ros_ws/src/assignment_2_2023/scripts/action_client_node.py (20481ms)
2024-02-27 14:22:03.919 [info] [Info  - 2:22:03 PM] (1105) [BG(1)] Long operation: checking: /root/ros_ws/src/assignment_2_2023/scripts/action_client_node.py (13168ms)
2024-02-27 14:22:03.920 [info] [Info  - 2:22:03 PM] (1105) [BG(1)] Long operation: analyzing: /root/ros_ws/src/assignment_2_2023/scripts/action_client_node.py (14672ms)
2024-02-27 14:22:04.306 [info] [Info  - 2:22:04 PM] (1105) [IDX(3)] Long operation: scan packages /root/ros_ws/src/assignment_2_2023 (9163ms)
2024-02-27 14:22:07.716 [info] [Info  - 2:22:07 PM] (1105) [IDX(3)] Long operation: index execution environment /root/ros_ws/src/assignment_2_2023 (2490ms)
2024-02-27 14:22:07.732 [info] [Info  - 2:22:07 PM] (1105) [IDX(3)] Long operation: index packages /root/ros_ws/src/assignment_2_2023 (2805ms)
2024-02-27 14:23:30.181 [info] [Info  - 2:23:30 PM] (1105) [BG(1)] Long operation: checking: /root/ros_ws/src/assignment_2_2023/scripts/action_client_node.py (12578ms)
2024-02-27 14:23:30.181 [info] [Info  - 2:23:30 PM] (1105) [BG(1)] Long operation: analyzing: /root/ros_ws/src/assignment_2_2023/scripts/action_client_node.py (13351ms)
2024-02-27 14:23:30.507 [info] [Info  - 2:23:30 PM] (1105) [IDX(4)] Long operation: scan packages /root/ros_ws/src/assignment_2_2023 (9015ms)
2024-02-27 14:23:34.457 [info] [Info  - 2:23:34 PM] (1105) [IDX(4)] Long operation: index execution environment /root/ros_ws/src/assignment_2_2023 (2872ms)
2024-02-27 14:23:34.481 [info] [Info  - 2:23:34 PM] (1105) [IDX(4)] Long operation: index packages /root/ros_ws/src/assignment_2_2023 (3228ms)
2024-02-27 14:25:57.353 [info] [Info  - 2:25:57 PM] (1105) [IDX(5)] Long operation: scan packages /root/ros_ws/src/assignment_2_2023 (9330ms)
2024-02-27 14:25:58.027 [info] [Info  - 2:25:58 PM] (1105) [BG(1)] Long operation: checking: /root/ros_ws/src/assignment_2_2023/scripts/action_client_node.py (14129ms)
2024-02-27 14:25:58.030 [info] [Info  - 2:25:58 PM] (1105) [BG(1)] Long operation: analyzing: /root/ros_ws/src/assignment_2_2023/scripts/action_client_node.py (15454ms)
2024-02-27 14:32:17.815 [info] [Info  - 2:32:17 PM] (1105) [BG(1)] Long operation: checking: /root/ros_ws/src/assignment_2_2023/scripts/action_client_node.py (2229ms)
2024-02-27 14:32:17.816 [info] [Info  - 2:32:17 PM] (1105) [BG(1)] Long operation: analyzing: /root/ros_ws/src/assignment_2_2023/scripts/action_client_node.py (2277ms)
2024-02-27 14:32:20.064 [info] [Info  - 2:32:20 PM] (1105) Found 7 source files
2024-02-27 14:32:32.245 [info] [Info  - 2:32:32 PM] (1105) [BG(1)] Long operation: checking: /root/ros_ws/src/assignment_2_2023/scripts/action_client_node.py (10714ms)
2024-02-27 14:32:32.253 [info] [Info  - 2:32:32 PM] (1105) [BG(1)] Long operation: analyzing: /root/ros_ws/src/assignment_2_2023/scripts/action_client_node.py (12051ms)
2024-02-27 14:38:17.035 [info] [Info  - 2:38:17 PM] (1105) [BG(1)] Long operation: checking: /root/ros_ws/src/assignment_2_2023/scripts/action_client_node.py (3768ms)
2024-02-27 14:38:17.036 [info] [Info  - 2:38:17 PM] (1105) [BG(1)] Long operation: analyzing: /root/ros_ws/src/assignment_2_2023/scripts/action_client_node.py (3843ms)
2024-02-27 14:38:21.464 [info] [Info  - 2:38:21 PM] (1105) [BG(1)] Long operation: checking: /root/ros_ws/src/assignment_2_2023/scripts/action_client_node.py (2359ms)
2024-02-27 14:38:21.472 [info] [Info  - 2:38:21 PM] (1105) [BG(1)] Long operation: analyzing: /root/ros_ws/src/assignment_2_2023/scripts/action_client_node.py (2385ms)
2024-02-27 14:38:24.817 [info] [Info  - 2:38:24 PM] (1105) [BG(1)] Long operation: checking: /root/ros_ws/src/assignment_2_2023/scripts/action_client_node.py (2986ms)
2024-02-27 14:38:24.818 [info] [Info  - 2:38:24 PM] (1105) [BG(1)] Long operation: analyzing: /root/ros_ws/src/assignment_2_2023/scripts/action_client_node.py (3009ms)
2024-02-27 14:38:29.163 [info] [Info  - 2:38:29 PM] (1105) [BG(1)] Long operation: checking: /root/ros_ws/src/assignment_2_2023/scripts/action_client_node.py (2460ms)
2024-02-27 14:38:29.164 [info] [Info  - 2:38:29 PM] (1105) [BG(1)] Long operation: analyzing: /root/ros_ws/src/assignment_2_2023/scripts/action_client_node.py (2479ms)
2024-02-27 14:38:35.887 [info] [Info  - 2:38:35 PM] (1105) [BG(1)] Long operation: checking: /root/ros_ws/src/assignment_2_2023/scripts/action_client_node.py (2279ms)
2024-02-27 14:38:35.890 [info] [Info  - 2:38:35 PM] (1105) [BG(1)] Long operation: analyzing: /root/ros_ws/src/assignment_2_2023/scripts/action_client_node.py (2290ms)
2024-02-27 14:38:49.772 [info] [Info  - 2:38:49 PM] (1105) [BG(1)] Long operation: checking: /root/ros_ws/src/assignment_2_2023/scripts/action_client_node.py (2107ms)
2024-02-27 14:38:49.774 [info] [Info  - 2:38:49 PM] (1105) [BG(1)] Long operation: analyzing: /root/ros_ws/src/assignment_2_2023/scripts/action_client_node.py (2123ms)
2024-02-27 14:38:55.915 [info] [Info  - 2:38:55 PM] (1105) [BG(1)] Long operation: checking: /root/ros_ws/src/assignment_2_2023/scripts/action_client_node.py (3055ms)
2024-02-27 14:38:55.916 [info] [Info  - 2:38:55 PM] (1105) [BG(1)] Long operation: analyzing: /root/ros_ws/src/assignment_2_2023/scripts/action_client_node.py (3072ms)
2024-02-27 14:39:10.869 [info] [Info  - 2:39:10 PM] (1105) [BG(1)] Long operation: checking: /root/ros_ws/src/assignment_2_2023/scripts/action_client_node.py (2879ms)
2024-02-27 14:39:10.873 [info] [Info  - 2:39:10 PM] (1105) [BG(1)] Long operation: analyzing: /root/ros_ws/src/assignment_2_2023/scripts/action_client_node.py (2891ms)
2024-02-27 14:39:44.729 [info] [Info  - 2:39:44 PM] (1105) [BG(1)] Long operation: checking: /root/ros_ws/src/assignment_2_2023/scripts/action_client_node.py (4346ms)
2024-02-27 14:39:44.730 [info] [Info  - 2:39:44 PM] (1105) [BG(1)] Long operation: analyzing: /root/ros_ws/src/assignment_2_2023/scripts/action_client_node.py (4359ms)
2024-02-27 14:39:52.652 [info] [Info  - 2:39:52 PM] (1105) [BG(1)] Long operation: checking: /root/ros_ws/src/assignment_2_2023/scripts/action_client_node.py (2666ms)
2024-02-27 14:39:52.653 [info] [Info  - 2:39:52 PM] (1105) [BG(1)] Long operation: analyzing: /root/ros_ws/src/assignment_2_2023/scripts/action_client_node.py (2678ms)
2024-02-27 14:40:06.517 [info] [Info  - 2:40:06 PM] (1105) [BG(1)] Long operation: checking: /root/ros_ws/src/assignment_2_2023/scripts/action_client_node.py (2927ms)
2024-02-27 14:40:06.518 [info] [Info  - 2:40:06 PM] (1105) [BG(1)] Long operation: analyzing: /root/ros_ws/src/assignment_2_2023/scripts/action_client_node.py (2944ms)
2024-02-27 14:40:15.541 [info] [Info  - 2:40:15 PM] (1105) [BG(1)] Long operation: checking: /root/ros_ws/src/assignment_2_2023/scripts/action_client_node.py (3258ms)
2024-02-27 14:40:15.542 [info] [Info  - 2:40:15 PM] (1105) [BG(1)] Long operation: analyzing: /root/ros_ws/src/assignment_2_2023/scripts/action_client_node.py (3268ms)
2024-02-27 14:40:33.751 [info] [Info  - 2:40:33 PM] (1105) [BG(1)] Long operation: checking: /root/ros_ws/src/assignment_2_2023/scripts/action_client_node.py (3388ms)
2024-02-27 14:40:33.752 [info] [Info  - 2:40:33 PM] (1105) [BG(1)] Long operation: analyzing: /root/ros_ws/src/assignment_2_2023/scripts/action_client_node.py (3397ms)
2024-02-27 14:40:40.464 [info] [Info  - 2:40:40 PM] (1105) [BG(1)] Long operation: checking: /root/ros_ws/src/assignment_2_2023/scripts/action_client_node.py (2476ms)
2024-02-27 14:40:40.465 [info] [Info  - 2:40:40 PM] (1105) [BG(1)] Long operation: analyzing: /root/ros_ws/src/assignment_2_2023/scripts/action_client_node.py (2486ms)
2024-02-27 14:40:57.956 [info] [Info  - 2:40:57 PM] (1105) [BG(1)] Long operation: checking: /root/ros_ws/src/assignment_2_2023/scripts/action_client_node.py (2371ms)
2024-02-27 14:40:57.958 [info] [Info  - 2:40:57 PM] (1105) [BG(1)] Long operation: analyzing: /root/ros_ws/src/assignment_2_2023/scripts/action_client_node.py (2381ms)
2024-02-27 14:40:59.183 [info] [Info  - 2:40:59 PM] (1105) Found 8 source files
2024-02-27 14:41:08.892 [info] [Info  - 2:41:08 PM] (1105) [BG(1)] Long operation: checking: /root/ros_ws/src/assignment_2_2023/scripts/action_client_node.py (8628ms)
2024-02-27 14:41:08.893 [info] [Info  - 2:41:08 PM] (1105) [BG(1)] Long operation: analyzing: /root/ros_ws/src/assignment_2_2023/scripts/action_client_node.py (9648ms)
2024-02-27 15:09:19.616 [info] [Info  - 3:09:19 PM] (1105) Found 9 source files
2024-02-27 15:09:38.924 [info] [Info  - 3:09:38 PM] (1105) [BG(1)] Long operation: checking: /root/ros_ws/src/assignment_2_2023/scripts/action_client_node.py (16257ms)
2024-02-27 15:09:38.927 [info] [Info  - 3:09:38 PM] (1105) [BG(1)] Long operation: analyzing: /root/ros_ws/src/assignment_2_2023/scripts/action_client_node.py (18147ms)
