2024-02-28 10:13:45.066 [info] Log level: Info
2024-02-28 10:13:45.066 [info] Validating found git in: "git"
2024-02-28 10:13:45.067 [info] Using git "2.25.1" from "git"
2024-02-28 10:13:45.067 [info] > git rev-parse --show-toplevel [119ms]
2024-02-28 10:13:45.067 [info] > git rev-parse --git-dir --git-common-dir [126ms]
2024-02-28 10:13:45.067 [info] Open repository: /root/ros_ws/src/assignment_2_2023
2024-02-28 10:13:45.397 [info] > git rev-parse --show-toplevel [195ms]
2024-02-28 10:13:45.404 [info] > git config --get commit.template [259ms]
2024-02-28 10:13:46.048 [info] > git rev-parse --show-toplevel [496ms]
2024-02-28 10:13:46.489 [info] > git for-each-ref --format=%(refname)%00%(upstream:short)%00%(objectname)%00%(upstream:track)%00%(upstream:remotename)%00%(upstream:remoteref) refs/heads/main refs/remotes/main [850ms]
2024-02-28 10:13:47.215 [warning] ENOENT: no such file or directory, open '/root/ros_ws/src/assignment_2_2023/.git/refs/remotes/origin/main'
2024-02-28 10:13:47.311 [info] > git check-ignore -v -z --stdin [1078ms]
2024-02-28 10:13:47.327 [info] > git rev-parse --show-toplevel [846ms]
2024-02-28 10:13:47.835 [info] > git rev-parse refs/remotes/origin/main [621ms]
2024-02-28 10:13:48.781 [info] > git status -z -uall [877ms]
2024-02-28 10:13:48.940 [info] > git rev-parse --show-toplevel [1161ms]
2024-02-28 10:13:50.466 [info] > git rev-parse --show-toplevel [418ms]
2024-02-28 10:13:50.470 [info] > git config --get commit.template [481ms]
2024-02-28 10:13:51.655 [info] > git rev-parse --show-toplevel [866ms]
2024-02-28 10:13:51.835 [info] > git for-each-ref --format=%(refname)%00%(upstream:short)%00%(objectname)%00%(upstream:track)%00%(upstream:remotename)%00%(upstream:remoteref) refs/heads/main refs/remotes/main [663ms]
2024-02-28 10:13:52.153 [warning] ENOENT: no such file or directory, open '/root/ros_ws/src/assignment_2_2023/.git/refs/remotes/origin/main'
2024-02-28 10:13:52.193 [info] > git rev-parse --show-toplevel [438ms]
2024-02-28 10:13:52.325 [info] > git rev-parse refs/remotes/origin/main [171ms]
2024-02-28 10:13:52.886 [info] > git status -z -uall [477ms]
2024-02-28 10:13:53.025 [info] > git rev-parse --show-toplevel [713ms]
2024-02-28 10:13:54.319 [info] > git rev-parse --show-toplevel [361ms]
2024-02-28 10:13:54.488 [info] > git config --get commit.template [183ms]
2024-02-28 10:13:54.572 [info] > git rev-parse --show-toplevel [97ms]
2024-02-28 10:13:55.182 [info] > git for-each-ref --format=%(refname)%00%(upstream:short)%00%(objectname)%00%(upstream:track)%00%(upstream:remotename)%00%(upstream:remoteref) refs/heads/main refs/remotes/main [508ms]
2024-02-28 10:13:55.273 [warning] ENOENT: no such file or directory, open '/root/ros_ws/src/assignment_2_2023/.git/refs/remotes/origin/main'
2024-02-28 10:13:55.282 [info] > git rev-parse --show-toplevel [503ms]
2024-02-28 10:13:55.437 [info] > git rev-parse refs/remotes/origin/main [164ms]
2024-02-28 10:13:55.559 [info] > git rev-parse --show-toplevel [189ms]
2024-02-28 10:13:55.649 [info] > git status -z -uall [139ms]
2024-02-28 10:13:55.756 [info] > git rev-parse --show-toplevel [115ms]
2024-02-28 10:13:56.534 [info] > git rev-parse --show-toplevel [670ms]
2024-02-28 10:13:56.868 [info] > git rev-parse --show-toplevel [72ms]
2024-02-28 10:13:57.053 [info] > git rev-parse --show-toplevel [61ms]
2024-02-28 10:13:57.167 [info] > git rev-parse --show-toplevel [28ms]
2024-02-28 10:13:57.280 [info] > git rev-parse --show-toplevel [19ms]
2024-02-28 10:13:57.480 [info] > git rev-parse --show-toplevel [99ms]
2024-02-28 10:13:57.743 [info] > git rev-parse --show-toplevel [118ms]
2024-02-28 10:13:58.517 [info] > git rev-parse --show-toplevel [643ms]
2024-02-28 10:13:58.746 [info] > git rev-parse --show-toplevel [128ms]
2024-02-28 10:13:59.397 [info] > git rev-parse --show-toplevel [319ms]
2024-02-28 10:13:59.581 [info] > git rev-parse --show-toplevel [34ms]
2024-02-28 10:13:59.729 [info] > git rev-parse --show-toplevel [28ms]
2024-02-28 10:13:59.848 [info] > git rev-parse --show-toplevel [18ms]
2024-02-28 10:14:00.011 [info] > git rev-parse --show-toplevel [19ms]
2024-02-28 10:14:00.119 [info] > git rev-parse --show-toplevel [14ms]
2024-02-28 10:14:00.221 [info] > git rev-parse --show-toplevel [17ms]
2024-02-28 10:14:00.553 [info] > git show --textconv :scripts/action_client_node.py [239ms]
2024-02-28 10:14:00.554 [info] > git ls-files --stage -- /root/ros_ws/src/assignment_2_2023/scripts/action_client_node.py [139ms]
2024-02-28 10:14:00.922 [info] > git config --get commit.template [102ms]
2024-02-28 10:14:00.934 [info] > git for-each-ref --format=%(refname)%00%(upstream:short)%00%(objectname)%00%(upstream:track)%00%(upstream:remotename)%00%(upstream:remoteref) refs/heads/main refs/remotes/main [25ms]
2024-02-28 10:14:01.030 [warning] ENOENT: no such file or directory, open '/root/ros_ws/src/assignment_2_2023/.git/refs/remotes/origin/main'
2024-02-28 10:14:01.054 [info] > git rev-parse refs/remotes/origin/main [24ms]
2024-02-28 10:14:01.227 [info] > git status -z -uall [80ms]
2024-02-28 10:14:06.476 [info] > git config --get commit.template [29ms]
2024-02-28 10:14:06.569 [info] > git for-each-ref --format=%(refname)%00%(upstream:short)%00%(objectname)%00%(upstream:track)%00%(upstream:remotename)%00%(upstream:remoteref) refs/heads/main refs/remotes/main [17ms]
2024-02-28 10:14:06.646 [warning] ENOENT: no such file or directory, open '/root/ros_ws/src/assignment_2_2023/.git/refs/remotes/origin/main'
2024-02-28 10:14:06.667 [info] > git rev-parse refs/remotes/origin/main [22ms]
2024-02-28 10:14:06.837 [info] > git status -z -uall [78ms]
2024-02-28 10:14:54.445 [info] > git config --get commit.template [74ms]
2024-02-28 10:14:54.449 [info] > git for-each-ref --format=%(refname)%00%(upstream:short)%00%(objectname)%00%(upstream:track)%00%(upstream:remotename)%00%(upstream:remoteref) refs/heads/main refs/remotes/main [15ms]
2024-02-28 10:14:54.509 [warning] ENOENT: no such file or directory, open '/root/ros_ws/src/assignment_2_2023/.git/refs/remotes/origin/main'
2024-02-28 10:14:54.519 [info] > git rev-parse refs/remotes/origin/main [9ms]
2024-02-28 10:14:54.664 [info] > git status -z -uall [69ms]
2024-02-28 10:14:59.842 [info] > git config --get commit.template [12ms]
2024-02-28 10:14:59.921 [info] > git for-each-ref --format=%(refname)%00%(upstream:short)%00%(objectname)%00%(upstream:track)%00%(upstream:remotename)%00%(upstream:remoteref) refs/heads/main refs/remotes/main [12ms]
2024-02-28 10:14:59.983 [warning] ENOENT: no such file or directory, open '/root/ros_ws/src/assignment_2_2023/.git/refs/remotes/origin/main'
2024-02-28 10:14:59.993 [info] > git rev-parse refs/remotes/origin/main [10ms]
2024-02-28 10:15:00.094 [info] > git status -z -uall [40ms]
2024-02-28 10:15:05.295 [info] > git config --get commit.template [69ms]
2024-02-28 10:15:05.303 [info] > git for-each-ref --format=%(refname)%00%(upstream:short)%00%(objectname)%00%(upstream:track)%00%(upstream:remotename)%00%(upstream:remoteref) refs/heads/main refs/remotes/main [13ms]
2024-02-28 10:15:05.364 [warning] ENOENT: no such file or directory, open '/root/ros_ws/src/assignment_2_2023/.git/refs/remotes/origin/main'
2024-02-28 10:15:05.375 [info] > git rev-parse refs/remotes/origin/main [11ms]
2024-02-28 10:15:05.477 [info] > git status -z -uall [40ms]
2024-02-28 10:15:10.677 [info] > git config --get commit.template [77ms]
2024-02-28 10:15:10.681 [info] > git for-each-ref --format=%(refname)%00%(upstream:short)%00%(objectname)%00%(upstream:track)%00%(upstream:remotename)%00%(upstream:remoteref) refs/heads/main refs/remotes/main [19ms]
2024-02-28 10:15:10.734 [warning] ENOENT: no such file or directory, open '/root/ros_ws/src/assignment_2_2023/.git/refs/remotes/origin/main'
2024-02-28 10:15:10.744 [info] > git rev-parse refs/remotes/origin/main [11ms]
2024-02-28 10:15:10.832 [info] > git status -z -uall [35ms]
2024-02-28 10:15:16.040 [info] > git config --get commit.template [68ms]
2024-02-28 10:15:16.046 [info] > git for-each-ref --format=%(refname)%00%(upstream:short)%00%(objectname)%00%(upstream:track)%00%(upstream:remotename)%00%(upstream:remoteref) refs/heads/main refs/remotes/main [14ms]
2024-02-28 10:15:16.112 [warning] ENOENT: no such file or directory, open '/root/ros_ws/src/assignment_2_2023/.git/refs/remotes/origin/main'
2024-02-28 10:15:16.124 [info] > git rev-parse refs/remotes/origin/main [11ms]
2024-02-28 10:15:16.228 [info] > git status -z -uall [42ms]
2024-02-28 10:15:21.415 [info] > git config --get commit.template [59ms]
2024-02-28 10:15:21.429 [info] > git for-each-ref --format=%(refname)%00%(upstream:short)%00%(objectname)%00%(upstream:track)%00%(upstream:remotename)%00%(upstream:remoteref) refs/heads/main refs/remotes/main [19ms]
2024-02-28 10:15:21.490 [warning] ENOENT: no such file or directory, open '/root/ros_ws/src/assignment_2_2023/.git/refs/remotes/origin/main'
2024-02-28 10:15:21.505 [info] > git rev-parse refs/remotes/origin/main [14ms]
2024-02-28 10:15:21.615 [info] > git status -z -uall [39ms]
2024-02-28 10:15:26.821 [info] > git config --get commit.template [62ms]
2024-02-28 10:15:26.828 [info] > git for-each-ref --format=%(refname)%00%(upstream:short)%00%(objectname)%00%(upstream:track)%00%(upstream:remotename)%00%(upstream:remoteref) refs/heads/main refs/remotes/main [12ms]
2024-02-28 10:15:26.882 [warning] ENOENT: no such file or directory, open '/root/ros_ws/src/assignment_2_2023/.git/refs/remotes/origin/main'
2024-02-28 10:15:26.891 [info] > git rev-parse refs/remotes/origin/main [10ms]
2024-02-28 10:15:26.980 [info] > git status -z -uall [35ms]
2024-02-28 10:15:32.167 [info] > git config --get commit.template [60ms]
2024-02-28 10:15:32.176 [info] > git for-each-ref --format=%(refname)%00%(upstream:short)%00%(objectname)%00%(upstream:track)%00%(upstream:remotename)%00%(upstream:remoteref) refs/heads/main refs/remotes/main [13ms]
2024-02-28 10:15:32.239 [warning] ENOENT: no such file or directory, open '/root/ros_ws/src/assignment_2_2023/.git/refs/remotes/origin/main'
2024-02-28 10:15:32.249 [info] > git rev-parse refs/remotes/origin/main [11ms]
2024-02-28 10:15:32.347 [info] > git status -z -uall [39ms]
2024-02-28 10:15:37.479 [info] > git config --get commit.template [11ms]
2024-02-28 10:15:37.547 [info] > git for-each-ref --format=%(refname)%00%(upstream:short)%00%(objectname)%00%(upstream:track)%00%(upstream:remotename)%00%(upstream:remoteref) refs/heads/main refs/remotes/main [13ms]
2024-02-28 10:15:37.605 [warning] ENOENT: no such file or directory, open '/root/ros_ws/src/assignment_2_2023/.git/refs/remotes/origin/main'
2024-02-28 10:15:37.616 [info] > git rev-parse refs/remotes/origin/main [10ms]
2024-02-28 10:15:37.708 [info] > git status -z -uall [37ms]
2024-02-28 10:19:38.301 [info] > git config --get commit.template [91ms]
2024-02-28 10:19:38.331 [info] > git for-each-ref --format=%(refname)%00%(upstream:short)%00%(objectname)%00%(upstream:track)%00%(upstream:remotename)%00%(upstream:remoteref) refs/heads/main refs/remotes/main [34ms]
2024-02-28 10:19:38.412 [warning] ENOENT: no such file or directory, open '/root/ros_ws/src/assignment_2_2023/.git/refs/remotes/origin/main'
2024-02-28 10:19:38.426 [info] > git rev-parse refs/remotes/origin/main [14ms]
2024-02-28 10:19:38.559 [info] > git status -z -uall [59ms]
2024-02-28 10:19:40.646 [info] > git check-ignore -v -z --stdin [14ms]
2024-02-28 10:19:41.217 [info] > git check-ignore -v -z --stdin [11ms]
2024-02-28 10:19:43.604 [info] > git show --textconv :CMakeLists.txt [101ms]
2024-02-28 10:19:43.627 [info] > git ls-files --stage -- /root/ros_ws/src/assignment_2_2023/CMakeLists.txt [36ms]
2024-02-28 10:19:43.716 [info] > git cat-file -s a65185261bba985fc159d8514b2c5d1bbdc2c827 [15ms]
2024-02-28 10:19:43.841 [info] > git config --get commit.template [20ms]
2024-02-28 10:19:43.971 [info] > git for-each-ref --format=%(refname)%00%(upstream:short)%00%(objectname)%00%(upstream:track)%00%(upstream:remotename)%00%(upstream:remoteref) refs/heads/main refs/remotes/main [24ms]
2024-02-28 10:19:44.202 [warning] ENOENT: no such file or directory, open '/root/ros_ws/src/assignment_2_2023/.git/refs/remotes/origin/main'
2024-02-28 10:19:44.285 [info] > git rev-parse refs/remotes/origin/main [83ms]
2024-02-28 10:19:44.447 [info] > git status -z -uall [57ms]
2024-02-28 10:19:49.624 [info] > git config --get commit.template [10ms]
2024-02-28 10:19:49.683 [info] > git for-each-ref --format=%(refname)%00%(upstream:short)%00%(objectname)%00%(upstream:track)%00%(upstream:remotename)%00%(upstream:remoteref) refs/heads/main refs/remotes/main [11ms]
2024-02-28 10:19:49.734 [warning] ENOENT: no such file or directory, open '/root/ros_ws/src/assignment_2_2023/.git/refs/remotes/origin/main'
2024-02-28 10:19:49.745 [info] > git rev-parse refs/remotes/origin/main [10ms]
2024-02-28 10:19:49.831 [info] > git status -z -uall [37ms]
2024-02-28 10:19:55.008 [info] > git config --get commit.template [56ms]
2024-02-28 10:19:55.020 [info] > git for-each-ref --format=%(refname)%00%(upstream:short)%00%(objectname)%00%(upstream:track)%00%(upstream:remotename)%00%(upstream:remoteref) refs/heads/main refs/remotes/main [16ms]
2024-02-28 10:19:55.075 [warning] ENOENT: no such file or directory, open '/root/ros_ws/src/assignment_2_2023/.git/refs/remotes/origin/main'
2024-02-28 10:19:55.085 [info] > git rev-parse refs/remotes/origin/main [11ms]
2024-02-28 10:19:55.172 [info] > git status -z -uall [38ms]
2024-02-28 10:25:23.129 [info] > git config --get commit.template [166ms]
2024-02-28 10:25:23.150 [info] > git for-each-ref --format=%(refname)%00%(upstream:short)%00%(objectname)%00%(upstream:track)%00%(upstream:remotename)%00%(upstream:remoteref) refs/heads/main refs/remotes/main [31ms]
2024-02-28 10:25:23.247 [warning] ENOENT: no such file or directory, open '/root/ros_ws/src/assignment_2_2023/.git/refs/remotes/origin/main'
2024-02-28 10:25:23.264 [info] > git rev-parse refs/remotes/origin/main [17ms]
2024-02-28 10:25:23.624 [info] > git status -z -uall [277ms]
2024-02-28 10:25:25.689 [info] > git show --textconv :msg/RobotState.msg [117ms]
2024-02-28 10:25:25.721 [info] > git ls-files --stage -- /root/ros_ws/src/assignment_2_2023/msg/RobotState.msg [45ms]
2024-02-28 10:25:29.181 [info] > git config --get commit.template [24ms]
2024-02-28 10:25:29.348 [info] > git for-each-ref --format=%(refname)%00%(upstream:short)%00%(objectname)%00%(upstream:track)%00%(upstream:remotename)%00%(upstream:remoteref) refs/heads/main refs/remotes/main [63ms]
2024-02-28 10:25:29.443 [warning] ENOENT: no such file or directory, open '/root/ros_ws/src/assignment_2_2023/.git/refs/remotes/origin/main'
2024-02-28 10:25:29.467 [info] > git rev-parse refs/remotes/origin/main [23ms]
2024-02-28 10:25:29.722 [info] > git status -z -uall [128ms]
2024-02-28 10:28:51.734 [info] > git config --get commit.template [190ms]
2024-02-28 10:28:51.782 [info] > git for-each-ref --format=%(refname)%00%(upstream:short)%00%(objectname)%00%(upstream:track)%00%(upstream:remotename)%00%(upstream:remoteref) refs/heads/main refs/remotes/main [53ms]
2024-02-28 10:28:51.909 [warning] ENOENT: no such file or directory, open '/root/ros_ws/src/assignment_2_2023/.git/refs/remotes/origin/main'
2024-02-28 10:28:51.937 [info] > git rev-parse refs/remotes/origin/main [28ms]
2024-02-28 10:28:52.339 [info] > git status -z -uall [270ms]
2024-02-28 10:28:57.773 [info] > git config --get commit.template [105ms]
2024-02-28 10:28:57.791 [info] > git for-each-ref --format=%(refname)%00%(upstream:short)%00%(objectname)%00%(upstream:track)%00%(upstream:remotename)%00%(upstream:remoteref) refs/heads/main refs/remotes/main [31ms]
2024-02-28 10:28:57.871 [warning] ENOENT: no such file or directory, open '/root/ros_ws/src/assignment_2_2023/.git/refs/remotes/origin/main'
2024-02-28 10:28:57.888 [info] > git rev-parse refs/remotes/origin/main [17ms]
2024-02-28 10:28:58.044 [info] > git status -z -uall [64ms]
2024-02-28 10:29:03.287 [info] > git config --get commit.template [20ms]
2024-02-28 10:29:03.410 [info] > git for-each-ref --format=%(refname)%00%(upstream:short)%00%(objectname)%00%(upstream:track)%00%(upstream:remotename)%00%(upstream:remoteref) refs/heads/main refs/remotes/main [22ms]
2024-02-28 10:29:03.525 [warning] ENOENT: no such file or directory, open '/root/ros_ws/src/assignment_2_2023/.git/refs/remotes/origin/main'
2024-02-28 10:29:03.544 [info] > git rev-parse refs/remotes/origin/main [18ms]
2024-02-28 10:29:03.692 [info] > git status -z -uall [55ms]
2024-02-28 10:29:09.018 [info] > git config --get commit.template [124ms]
2024-02-28 10:29:09.051 [info] > git for-each-ref --format=%(refname)%00%(upstream:short)%00%(objectname)%00%(upstream:track)%00%(upstream:remotename)%00%(upstream:remoteref) refs/heads/main refs/remotes/main [40ms]
2024-02-28 10:29:09.168 [warning] ENOENT: no such file or directory, open '/root/ros_ws/src/assignment_2_2023/.git/refs/remotes/origin/main'
2024-02-28 10:29:09.189 [info] > git rev-parse refs/remotes/origin/main [23ms]
2024-02-28 10:29:09.350 [info] > git status -z -uall [80ms]
2024-02-28 10:29:14.648 [info] > git config --get commit.template [93ms]
2024-02-28 10:29:14.677 [info] > git for-each-ref --format=%(refname)%00%(upstream:short)%00%(objectname)%00%(upstream:track)%00%(upstream:remotename)%00%(upstream:remoteref) refs/heads/main refs/remotes/main [39ms]
2024-02-28 10:29:14.774 [warning] ENOENT: no such file or directory, open '/root/ros_ws/src/assignment_2_2023/.git/refs/remotes/origin/main'
2024-02-28 10:29:14.794 [info] > git rev-parse refs/remotes/origin/main [19ms]
2024-02-28 10:29:14.954 [info] > git status -z -uall [69ms]
2024-02-28 10:29:20.213 [info] > git config --get commit.template [18ms]
2024-02-28 10:29:20.320 [info] > git for-each-ref --format=%(refname)%00%(upstream:short)%00%(objectname)%00%(upstream:track)%00%(upstream:remotename)%00%(upstream:remoteref) refs/heads/main refs/remotes/main [26ms]
2024-02-28 10:29:20.405 [warning] ENOENT: no such file or directory, open '/root/ros_ws/src/assignment_2_2023/.git/refs/remotes/origin/main'
2024-02-28 10:29:20.426 [info] > git rev-parse refs/remotes/origin/main [20ms]
2024-02-28 10:29:20.600 [info] > git status -z -uall [82ms]
2024-02-28 10:29:25.832 [info] > git config --get commit.template [33ms]
2024-02-28 10:29:25.946 [info] > git for-each-ref --format=%(refname)%00%(upstream:short)%00%(objectname)%00%(upstream:track)%00%(upstream:remotename)%00%(upstream:remoteref) refs/heads/main refs/remotes/main [25ms]
2024-02-28 10:29:26.024 [warning] ENOENT: no such file or directory, open '/root/ros_ws/src/assignment_2_2023/.git/refs/remotes/origin/main'
2024-02-28 10:29:26.051 [info] > git rev-parse refs/remotes/origin/main [27ms]
2024-02-28 10:29:26.205 [info] > git status -z -uall [61ms]
2024-02-28 10:29:31.610 [info] > git config --get commit.template [166ms]
2024-02-28 10:29:31.644 [info] > git for-each-ref --format=%(refname)%00%(upstream:short)%00%(objectname)%00%(upstream:track)%00%(upstream:remotename)%00%(upstream:remoteref) refs/heads/main refs/remotes/main [44ms]
2024-02-28 10:29:31.769 [warning] ENOENT: no such file or directory, open '/root/ros_ws/src/assignment_2_2023/.git/refs/remotes/origin/main'
2024-02-28 10:29:31.797 [info] > git rev-parse refs/remotes/origin/main [28ms]
2024-02-28 10:29:32.031 [info] > git status -z -uall [82ms]
2024-02-28 10:29:37.246 [info] > git config --get commit.template [22ms]
2024-02-28 10:29:37.366 [info] > git for-each-ref --format=%(refname)%00%(upstream:short)%00%(objectname)%00%(upstream:track)%00%(upstream:remotename)%00%(upstream:remoteref) refs/heads/main refs/remotes/main [27ms]
2024-02-28 10:29:37.459 [warning] ENOENT: no such file or directory, open '/root/ros_ws/src/assignment_2_2023/.git/refs/remotes/origin/main'
2024-02-28 10:29:37.482 [info] > git rev-parse refs/remotes/origin/main [21ms]
2024-02-28 10:29:37.652 [info] > git status -z -uall [64ms]
2024-02-28 10:29:42.294 [info] > git check-ignore -v -z --stdin [22ms]
2024-02-28 10:29:42.943 [info] > git config --get commit.template [100ms]
2024-02-28 10:29:42.958 [info] > git for-each-ref --format=%(refname)%00%(upstream:short)%00%(objectname)%00%(upstream:track)%00%(upstream:remotename)%00%(upstream:remoteref) refs/heads/main refs/remotes/main [28ms]
2024-02-28 10:29:43.063 [warning] ENOENT: no such file or directory, open '/root/ros_ws/src/assignment_2_2023/.git/refs/remotes/origin/main'
2024-02-28 10:29:43.080 [info] > git rev-parse refs/remotes/origin/main [16ms]
2024-02-28 10:29:43.243 [info] > git status -z -uall [73ms]
2024-02-28 10:29:45.758 [info] > git check-ignore -v -z --stdin [38ms]
2024-02-28 10:29:46.101 [info] > git show --textconv :msg/Vel_pos_xy.msg [141ms]
2024-02-28 10:29:46.105 [info] > git ls-files --stage -- /root/ros_ws/src/assignment_2_2023/msg/Vel_pos_xy.msg [31ms]
2024-02-28 10:29:48.609 [info] > git config --get commit.template [130ms]
2024-02-28 10:29:48.662 [info] > git for-each-ref --format=%(refname)%00%(upstream:short)%00%(objectname)%00%(upstream:track)%00%(upstream:remotename)%00%(upstream:remoteref) refs/heads/main refs/remotes/main [59ms]
2024-02-28 10:29:48.756 [warning] ENOENT: no such file or directory, open '/root/ros_ws/src/assignment_2_2023/.git/refs/remotes/origin/main'
2024-02-28 10:29:48.783 [info] > git rev-parse refs/remotes/origin/main [26ms]
2024-02-28 10:29:48.940 [info] > git status -z -uall [62ms]
2024-02-28 10:29:51.761 [info] > git show --textconv :scripts/position_node.py [126ms]
2024-02-28 10:29:51.939 [info] > git ls-files --stage -- /root/ros_ws/src/assignment_2_2023/scripts/position_node.py [182ms]
2024-02-28 10:29:54.716 [info] > git config --get commit.template [255ms]
2024-02-28 10:29:55.045 [info] > git for-each-ref --format=%(refname)%00%(upstream:short)%00%(objectname)%00%(upstream:track)%00%(upstream:remotename)%00%(upstream:remoteref) refs/heads/main refs/remotes/main [100ms]
2024-02-28 10:29:55.144 [warning] ENOENT: no such file or directory, open '/root/ros_ws/src/assignment_2_2023/.git/refs/remotes/origin/main'
2024-02-28 10:29:55.214 [info] > git rev-parse refs/remotes/origin/main [61ms]
2024-02-28 10:29:55.483 [info] > git status -z -uall [85ms]
2024-02-28 10:30:00.936 [info] > git config --get commit.template [136ms]
2024-02-28 10:30:00.962 [info] > git for-each-ref --format=%(refname)%00%(upstream:short)%00%(objectname)%00%(upstream:track)%00%(upstream:remotename)%00%(upstream:remoteref) refs/heads/main refs/remotes/main [30ms]
2024-02-28 10:30:01.059 [warning] ENOENT: no such file or directory, open '/root/ros_ws/src/assignment_2_2023/.git/refs/remotes/origin/main'
2024-02-28 10:30:01.084 [info] > git rev-parse refs/remotes/origin/main [18ms]
2024-02-28 10:30:01.292 [info] > git status -z -uall [83ms]
2024-02-28 10:30:06.508 [info] > git config --get commit.template [31ms]
2024-02-28 10:30:06.615 [info] > git for-each-ref --format=%(refname)%00%(upstream:short)%00%(objectname)%00%(upstream:track)%00%(upstream:remotename)%00%(upstream:remoteref) refs/heads/main refs/remotes/main [19ms]
2024-02-28 10:30:06.701 [warning] ENOENT: no such file or directory, open '/root/ros_ws/src/assignment_2_2023/.git/refs/remotes/origin/main'
2024-02-28 10:30:06.719 [info] > git rev-parse refs/remotes/origin/main [18ms]
2024-02-28 10:30:06.878 [info] > git status -z -uall [60ms]
2024-02-28 10:30:12.097 [info] > git config --get commit.template [30ms]
2024-02-28 10:30:12.215 [info] > git for-each-ref --format=%(refname)%00%(upstream:short)%00%(objectname)%00%(upstream:track)%00%(upstream:remotename)%00%(upstream:remoteref) refs/heads/main refs/remotes/main [25ms]
2024-02-28 10:30:12.333 [warning] ENOENT: no such file or directory, open '/root/ros_ws/src/assignment_2_2023/.git/refs/remotes/origin/main'
2024-02-28 10:30:12.363 [info] > git rev-parse refs/remotes/origin/main [30ms]
2024-02-28 10:30:12.519 [info] > git status -z -uall [68ms]
2024-02-28 10:30:17.867 [info] > git config --get commit.template [121ms]
2024-02-28 10:30:17.878 [info] > git for-each-ref --format=%(refname)%00%(upstream:short)%00%(objectname)%00%(upstream:track)%00%(upstream:remotename)%00%(upstream:remoteref) refs/heads/main refs/remotes/main [26ms]
2024-02-28 10:30:17.977 [warning] ENOENT: no such file or directory, open '/root/ros_ws/src/assignment_2_2023/.git/refs/remotes/origin/main'
2024-02-28 10:30:18.004 [info] > git rev-parse refs/remotes/origin/main [27ms]
2024-02-28 10:30:18.168 [info] > git status -z -uall [70ms]
2024-02-28 10:30:23.466 [info] > git config --get commit.template [39ms]
2024-02-28 10:30:23.610 [info] > git for-each-ref --format=%(refname)%00%(upstream:short)%00%(objectname)%00%(upstream:track)%00%(upstream:remotename)%00%(upstream:remoteref) refs/heads/main refs/remotes/main [37ms]
2024-02-28 10:30:23.713 [warning] ENOENT: no such file or directory, open '/root/ros_ws/src/assignment_2_2023/.git/refs/remotes/origin/main'
2024-02-28 10:30:23.733 [info] > git rev-parse refs/remotes/origin/main [19ms]
2024-02-28 10:30:23.906 [info] > git status -z -uall [79ms]
2024-02-28 10:30:29.270 [info] > git config --get commit.template [108ms]
2024-02-28 10:30:29.294 [info] > git for-each-ref --format=%(refname)%00%(upstream:short)%00%(objectname)%00%(upstream:track)%00%(upstream:remotename)%00%(upstream:remoteref) refs/heads/main refs/remotes/main [42ms]
2024-02-28 10:30:29.378 [warning] ENOENT: no such file or directory, open '/root/ros_ws/src/assignment_2_2023/.git/refs/remotes/origin/main'
2024-02-28 10:30:29.409 [info] > git rev-parse refs/remotes/origin/main [31ms]
2024-02-28 10:30:29.566 [info] > git status -z -uall [63ms]
2024-02-28 10:30:34.799 [info] > git config --get commit.template [15ms]
2024-02-28 10:30:34.912 [info] > git for-each-ref --format=%(refname)%00%(upstream:short)%00%(objectname)%00%(upstream:track)%00%(upstream:remotename)%00%(upstream:remoteref) refs/heads/main refs/remotes/main [17ms]
2024-02-28 10:30:34.998 [warning] ENOENT: no such file or directory, open '/root/ros_ws/src/assignment_2_2023/.git/refs/remotes/origin/main'
2024-02-28 10:30:35.038 [info] > git rev-parse refs/remotes/origin/main [40ms]
2024-02-28 10:30:35.185 [info] > git status -z -uall [63ms]
2024-02-28 10:30:40.503 [info] > git config --get commit.template [126ms]
2024-02-28 10:30:40.531 [info] > git for-each-ref --format=%(refname)%00%(upstream:short)%00%(objectname)%00%(upstream:track)%00%(upstream:remotename)%00%(upstream:remoteref) refs/heads/main refs/remotes/main [49ms]
2024-02-28 10:30:40.632 [warning] ENOENT: no such file or directory, open '/root/ros_ws/src/assignment_2_2023/.git/refs/remotes/origin/main'
2024-02-28 10:30:40.657 [info] > git rev-parse refs/remotes/origin/main [25ms]
2024-02-28 10:30:40.824 [info] > git status -z -uall [65ms]
2024-02-28 10:30:46.171 [info] > git config --get commit.template [124ms]
2024-02-28 10:30:46.182 [info] > git for-each-ref --format=%(refname)%00%(upstream:short)%00%(objectname)%00%(upstream:track)%00%(upstream:remotename)%00%(upstream:remoteref) refs/heads/main refs/remotes/main [24ms]
2024-02-28 10:30:46.303 [warning] ENOENT: no such file or directory, open '/root/ros_ws/src/assignment_2_2023/.git/refs/remotes/origin/main'
2024-02-28 10:30:46.341 [info] > git rev-parse refs/remotes/origin/main [37ms]
2024-02-28 10:30:46.486 [info] > git status -z -uall [59ms]
2024-02-28 10:30:51.860 [info] > git config --get commit.template [131ms]
2024-02-28 10:30:51.884 [info] > git for-each-ref --format=%(refname)%00%(upstream:short)%00%(objectname)%00%(upstream:track)%00%(upstream:remotename)%00%(upstream:remoteref) refs/heads/main refs/remotes/main [33ms]
2024-02-28 10:30:51.985 [warning] ENOENT: no such file or directory, open '/root/ros_ws/src/assignment_2_2023/.git/refs/remotes/origin/main'
2024-02-28 10:30:52.005 [info] > git rev-parse refs/remotes/origin/main [19ms]
2024-02-28 10:30:52.177 [info] > git status -z -uall [58ms]
2024-02-28 10:30:57.406 [info] > git config --get commit.template [28ms]
2024-02-28 10:30:57.530 [info] > git for-each-ref --format=%(refname)%00%(upstream:short)%00%(objectname)%00%(upstream:track)%00%(upstream:remotename)%00%(upstream:remoteref) refs/heads/main refs/remotes/main [25ms]
2024-02-28 10:30:57.627 [warning] ENOENT: no such file or directory, open '/root/ros_ws/src/assignment_2_2023/.git/refs/remotes/origin/main'
2024-02-28 10:30:57.652 [info] > git rev-parse refs/remotes/origin/main [25ms]
2024-02-28 10:30:57.799 [info] > git status -z -uall [59ms]
2024-02-28 10:31:03.083 [info] > git config --get commit.template [112ms]
2024-02-28 10:31:03.117 [info] > git for-each-ref --format=%(refname)%00%(upstream:short)%00%(objectname)%00%(upstream:track)%00%(upstream:remotename)%00%(upstream:remoteref) refs/heads/main refs/remotes/main [43ms]
2024-02-28 10:31:03.215 [warning] ENOENT: no such file or directory, open '/root/ros_ws/src/assignment_2_2023/.git/refs/remotes/origin/main'
2024-02-28 10:31:03.250 [info] > git rev-parse refs/remotes/origin/main [35ms]
2024-02-28 10:31:03.420 [info] > git status -z -uall [74ms]
2024-02-28 10:31:08.705 [info] > git config --get commit.template [100ms]
2024-02-28 10:31:08.725 [info] > git for-each-ref --format=%(refname)%00%(upstream:short)%00%(objectname)%00%(upstream:track)%00%(upstream:remotename)%00%(upstream:remoteref) refs/heads/main refs/remotes/main [26ms]
2024-02-28 10:31:08.847 [warning] ENOENT: no such file or directory, open '/root/ros_ws/src/assignment_2_2023/.git/refs/remotes/origin/main'
2024-02-28 10:31:08.878 [info] > git rev-parse refs/remotes/origin/main [32ms]
2024-02-28 10:31:09.015 [info] > git status -z -uall [54ms]
2024-02-28 10:31:14.243 [info] > git config --get commit.template [22ms]
2024-02-28 10:31:14.380 [info] > git for-each-ref --format=%(refname)%00%(upstream:short)%00%(objectname)%00%(upstream:track)%00%(upstream:remotename)%00%(upstream:remoteref) refs/heads/main refs/remotes/main [23ms]
2024-02-28 10:31:14.483 [warning] ENOENT: no such file or directory, open '/root/ros_ws/src/assignment_2_2023/.git/refs/remotes/origin/main'
2024-02-28 10:31:14.506 [info] > git rev-parse refs/remotes/origin/main [22ms]
2024-02-28 10:31:14.685 [info] > git status -z -uall [88ms]
2024-02-28 10:31:19.979 [info] > git config --get commit.template [93ms]
2024-02-28 10:31:20.003 [info] > git for-each-ref --format=%(refname)%00%(upstream:short)%00%(objectname)%00%(upstream:track)%00%(upstream:remotename)%00%(upstream:remoteref) refs/heads/main refs/remotes/main [28ms]
2024-02-28 10:31:20.083 [warning] ENOENT: no such file or directory, open '/root/ros_ws/src/assignment_2_2023/.git/refs/remotes/origin/main'
2024-02-28 10:31:20.105 [info] > git rev-parse refs/remotes/origin/main [21ms]
2024-02-28 10:31:20.266 [info] > git status -z -uall [65ms]
2024-02-28 10:31:25.462 [info] > git config --get commit.template [17ms]
2024-02-28 10:31:25.569 [info] > git for-each-ref --format=%(refname)%00%(upstream:short)%00%(objectname)%00%(upstream:track)%00%(upstream:remotename)%00%(upstream:remoteref) refs/heads/main refs/remotes/main [25ms]
2024-02-28 10:31:25.661 [warning] ENOENT: no such file or directory, open '/root/ros_ws/src/assignment_2_2023/.git/refs/remotes/origin/main'
2024-02-28 10:31:25.680 [info] > git rev-parse refs/remotes/origin/main [18ms]
2024-02-28 10:31:25.823 [info] > git status -z -uall [60ms]
2024-02-28 10:31:31.036 [info] > git config --get commit.template [41ms]
2024-02-28 10:31:31.165 [info] > git for-each-ref --format=%(refname)%00%(upstream:short)%00%(objectname)%00%(upstream:track)%00%(upstream:remotename)%00%(upstream:remoteref) refs/heads/main refs/remotes/main [34ms]
2024-02-28 10:31:31.257 [warning] ENOENT: no such file or directory, open '/root/ros_ws/src/assignment_2_2023/.git/refs/remotes/origin/main'
2024-02-28 10:31:31.284 [info] > git rev-parse refs/remotes/origin/main [28ms]
2024-02-28 10:31:31.439 [info] > git status -z -uall [58ms]
2024-02-28 10:31:36.753 [info] > git config --get commit.template [105ms]
2024-02-28 10:31:36.757 [info] > git for-each-ref --format=%(refname)%00%(upstream:short)%00%(objectname)%00%(upstream:track)%00%(upstream:remotename)%00%(upstream:remoteref) refs/heads/main refs/remotes/main [24ms]
2024-02-28 10:31:36.853 [warning] ENOENT: no such file or directory, open '/root/ros_ws/src/assignment_2_2023/.git/refs/remotes/origin/main'
2024-02-28 10:31:36.881 [info] > git rev-parse refs/remotes/origin/main [26ms]
2024-02-28 10:31:37.033 [info] > git status -z -uall [60ms]
2024-02-28 10:31:42.342 [info] > git config --get commit.template [18ms]
2024-02-28 10:31:42.496 [info] > git for-each-ref --format=%(refname)%00%(upstream:short)%00%(objectname)%00%(upstream:track)%00%(upstream:remotename)%00%(upstream:remoteref) refs/heads/main refs/remotes/main [32ms]
2024-02-28 10:31:42.623 [warning] ENOENT: no such file or directory, open '/root/ros_ws/src/assignment_2_2023/.git/refs/remotes/origin/main'
2024-02-28 10:31:42.655 [info] > git rev-parse refs/remotes/origin/main [33ms]
2024-02-28 10:31:42.808 [info] > git status -z -uall [66ms]
2024-02-28 10:31:48.163 [info] > git for-each-ref --format=%(refname)%00%(upstream:short)%00%(objectname)%00%(upstream:track)%00%(upstream:remotename)%00%(upstream:remoteref) refs/heads/main refs/remotes/main [27ms]
2024-02-28 10:31:48.166 [info] > git config --get commit.template [125ms]
2024-02-28 10:31:48.256 [warning] ENOENT: no such file or directory, open '/root/ros_ws/src/assignment_2_2023/.git/refs/remotes/origin/main'
2024-02-28 10:31:48.284 [info] > git rev-parse refs/remotes/origin/main [26ms]
2024-02-28 10:31:48.465 [info] > git status -z -uall [64ms]
2024-02-28 10:31:53.734 [info] > git config --get commit.template [27ms]
2024-02-28 10:31:53.857 [info] > git for-each-ref --format=%(refname)%00%(upstream:short)%00%(objectname)%00%(upstream:track)%00%(upstream:remotename)%00%(upstream:remoteref) refs/heads/main refs/remotes/main [26ms]
2024-02-28 10:31:53.938 [warning] ENOENT: no such file or directory, open '/root/ros_ws/src/assignment_2_2023/.git/refs/remotes/origin/main'
2024-02-28 10:31:53.960 [info] > git rev-parse refs/remotes/origin/main [22ms]
2024-02-28 10:31:54.117 [info] > git status -z -uall [59ms]
2024-02-28 10:31:59.369 [info] > git config --get commit.template [18ms]
2024-02-28 10:31:59.485 [info] > git for-each-ref --format=%(refname)%00%(upstream:short)%00%(objectname)%00%(upstream:track)%00%(upstream:remotename)%00%(upstream:remoteref) refs/heads/main refs/remotes/main [21ms]
2024-02-28 10:31:59.573 [warning] ENOENT: no such file or directory, open '/root/ros_ws/src/assignment_2_2023/.git/refs/remotes/origin/main'
2024-02-28 10:31:59.593 [info] > git rev-parse refs/remotes/origin/main [19ms]
2024-02-28 10:31:59.745 [info] > git status -z -uall [63ms]
2024-02-28 10:32:05.030 [info] > git config --get commit.template [101ms]
2024-02-28 10:32:05.041 [info] > git for-each-ref --format=%(refname)%00%(upstream:short)%00%(objectname)%00%(upstream:track)%00%(upstream:remotename)%00%(upstream:remoteref) refs/heads/main refs/remotes/main [19ms]
2024-02-28 10:32:05.132 [warning] ENOENT: no such file or directory, open '/root/ros_ws/src/assignment_2_2023/.git/refs/remotes/origin/main'
2024-02-28 10:32:05.153 [info] > git rev-parse refs/remotes/origin/main [21ms]
2024-02-28 10:32:05.300 [info] > git status -z -uall [56ms]
2024-02-28 10:32:10.606 [info] > git config --get commit.template [126ms]
2024-02-28 10:32:10.623 [info] > git for-each-ref --format=%(refname)%00%(upstream:short)%00%(objectname)%00%(upstream:track)%00%(upstream:remotename)%00%(upstream:remoteref) refs/heads/main refs/remotes/main [31ms]
2024-02-28 10:32:10.705 [warning] ENOENT: no such file or directory, open '/root/ros_ws/src/assignment_2_2023/.git/refs/remotes/origin/main'
2024-02-28 10:32:10.726 [info] > git rev-parse refs/remotes/origin/main [21ms]
2024-02-28 10:32:10.897 [info] > git status -z -uall [82ms]
2024-02-28 10:32:16.205 [info] > git config --get commit.template [99ms]
2024-02-28 10:32:16.219 [info] > git for-each-ref --format=%(refname)%00%(upstream:short)%00%(objectname)%00%(upstream:track)%00%(upstream:remotename)%00%(upstream:remoteref) refs/heads/main refs/remotes/main [18ms]
2024-02-28 10:32:16.299 [warning] ENOENT: no such file or directory, open '/root/ros_ws/src/assignment_2_2023/.git/refs/remotes/origin/main'
2024-02-28 10:32:16.322 [info] > git rev-parse refs/remotes/origin/main [24ms]
2024-02-28 10:32:16.477 [info] > git status -z -uall [60ms]
2024-02-28 10:32:21.759 [info] > git config --get commit.template [104ms]
2024-02-28 10:32:21.765 [info] > git for-each-ref --format=%(refname)%00%(upstream:short)%00%(objectname)%00%(upstream:track)%00%(upstream:remotename)%00%(upstream:remoteref) refs/heads/main refs/remotes/main [21ms]
2024-02-28 10:32:21.849 [warning] ENOENT: no such file or directory, open '/root/ros_ws/src/assignment_2_2023/.git/refs/remotes/origin/main'
2024-02-28 10:32:21.867 [info] > git rev-parse refs/remotes/origin/main [18ms]
2024-02-28 10:32:22.009 [info] > git status -z -uall [57ms]
2024-02-28 10:32:27.326 [info] > git config --get commit.template [113ms]
2024-02-28 10:32:27.340 [info] > git for-each-ref --format=%(refname)%00%(upstream:short)%00%(objectname)%00%(upstream:track)%00%(upstream:remotename)%00%(upstream:remoteref) refs/heads/main refs/remotes/main [32ms]
2024-02-28 10:32:27.422 [warning] ENOENT: no such file or directory, open '/root/ros_ws/src/assignment_2_2023/.git/refs/remotes/origin/main'
2024-02-28 10:32:27.444 [info] > git rev-parse refs/remotes/origin/main [21ms]
2024-02-28 10:32:27.595 [info] > git status -z -uall [67ms]
2024-02-28 10:32:32.893 [info] > git config --get commit.template [99ms]
2024-02-28 10:32:32.909 [info] > git for-each-ref --format=%(refname)%00%(upstream:short)%00%(objectname)%00%(upstream:track)%00%(upstream:remotename)%00%(upstream:remoteref) refs/heads/main refs/remotes/main [31ms]
2024-02-28 10:32:32.994 [warning] ENOENT: no such file or directory, open '/root/ros_ws/src/assignment_2_2023/.git/refs/remotes/origin/main'
2024-02-28 10:32:33.017 [info] > git rev-parse refs/remotes/origin/main [22ms]
2024-02-28 10:32:33.161 [info] > git status -z -uall [55ms]
2024-02-28 10:32:38.362 [info] > git config --get commit.template [18ms]
2024-02-28 10:32:38.472 [info] > git for-each-ref --format=%(refname)%00%(upstream:short)%00%(objectname)%00%(upstream:track)%00%(upstream:remotename)%00%(upstream:remoteref) refs/heads/main refs/remotes/main [25ms]
2024-02-28 10:32:38.566 [warning] ENOENT: no such file or directory, open '/root/ros_ws/src/assignment_2_2023/.git/refs/remotes/origin/main'
2024-02-28 10:32:38.591 [info] > git rev-parse refs/remotes/origin/main [25ms]
2024-02-28 10:32:38.734 [info] > git status -z -uall [61ms]
2024-02-28 10:32:44.037 [info] > git config --get commit.template [103ms]
2024-02-28 10:32:44.044 [info] > git for-each-ref --format=%(refname)%00%(upstream:short)%00%(objectname)%00%(upstream:track)%00%(upstream:remotename)%00%(upstream:remoteref) refs/heads/main refs/remotes/main [25ms]
2024-02-28 10:32:44.133 [warning] ENOENT: no such file or directory, open '/root/ros_ws/src/assignment_2_2023/.git/refs/remotes/origin/main'
2024-02-28 10:32:44.150 [info] > git rev-parse refs/remotes/origin/main [16ms]
2024-02-28 10:32:44.301 [info] > git status -z -uall [68ms]
2024-02-28 10:32:49.728 [info] > git config --get commit.template [157ms]
2024-02-28 10:32:49.756 [info] > git for-each-ref --format=%(refname)%00%(upstream:short)%00%(objectname)%00%(upstream:track)%00%(upstream:remotename)%00%(upstream:remoteref) refs/heads/main refs/remotes/main [34ms]
2024-02-28 10:32:49.862 [warning] ENOENT: no such file or directory, open '/root/ros_ws/src/assignment_2_2023/.git/refs/remotes/origin/main'
2024-02-28 10:32:49.894 [info] > git rev-parse refs/remotes/origin/main [32ms]
2024-02-28 10:32:50.054 [info] > git status -z -uall [66ms]
2024-02-28 10:32:55.431 [info] > git for-each-ref --format=%(refname)%00%(upstream:short)%00%(objectname)%00%(upstream:track)%00%(upstream:remotename)%00%(upstream:remoteref) refs/heads/main refs/remotes/main [37ms]
2024-02-28 10:32:55.434 [info] > git config --get commit.template [140ms]
2024-02-28 10:32:55.528 [warning] ENOENT: no such file or directory, open '/root/ros_ws/src/assignment_2_2023/.git/refs/remotes/origin/main'
2024-02-28 10:32:55.559 [info] > git rev-parse refs/remotes/origin/main [31ms]
2024-02-28 10:32:55.724 [info] > git status -z -uall [68ms]
2024-02-28 10:33:01.035 [info] > git config --get commit.template [106ms]
2024-02-28 10:33:01.058 [info] > git for-each-ref --format=%(refname)%00%(upstream:short)%00%(objectname)%00%(upstream:track)%00%(upstream:remotename)%00%(upstream:remoteref) refs/heads/main refs/remotes/main [34ms]
2024-02-28 10:33:01.147 [warning] ENOENT: no such file or directory, open '/root/ros_ws/src/assignment_2_2023/.git/refs/remotes/origin/main'
2024-02-28 10:33:01.180 [info] > git rev-parse refs/remotes/origin/main [33ms]
2024-02-28 10:33:01.399 [info] > git status -z -uall [94ms]
2024-02-28 10:33:06.695 [info] > git config --get commit.template [107ms]
2024-02-28 10:33:06.706 [info] > git for-each-ref --format=%(refname)%00%(upstream:short)%00%(objectname)%00%(upstream:track)%00%(upstream:remotename)%00%(upstream:remoteref) refs/heads/main refs/remotes/main [21ms]
2024-02-28 10:33:06.820 [warning] ENOENT: no such file or directory, open '/root/ros_ws/src/assignment_2_2023/.git/refs/remotes/origin/main'
2024-02-28 10:33:06.847 [info] > git rev-parse refs/remotes/origin/main [28ms]
2024-02-28 10:33:06.991 [info] > git status -z -uall [56ms]
2024-02-28 10:33:12.288 [info] > git config --get commit.template [112ms]
2024-02-28 10:33:12.310 [info] > git for-each-ref --format=%(refname)%00%(upstream:short)%00%(objectname)%00%(upstream:track)%00%(upstream:remotename)%00%(upstream:remoteref) refs/heads/main refs/remotes/main [31ms]
2024-02-28 10:33:12.396 [warning] ENOENT: no such file or directory, open '/root/ros_ws/src/assignment_2_2023/.git/refs/remotes/origin/main'
2024-02-28 10:33:12.428 [info] > git rev-parse refs/remotes/origin/main [30ms]
2024-02-28 10:33:12.595 [info] > git status -z -uall [62ms]
2024-02-28 10:33:17.837 [info] > git config --get commit.template [22ms]
2024-02-28 10:33:17.955 [info] > git for-each-ref --format=%(refname)%00%(upstream:short)%00%(objectname)%00%(upstream:track)%00%(upstream:remotename)%00%(upstream:remoteref) refs/heads/main refs/remotes/main [29ms]
2024-02-28 10:33:18.058 [warning] ENOENT: no such file or directory, open '/root/ros_ws/src/assignment_2_2023/.git/refs/remotes/origin/main'
2024-02-28 10:33:18.081 [info] > git rev-parse refs/remotes/origin/main [22ms]
2024-02-28 10:33:18.240 [info] > git status -z -uall [74ms]
2024-02-28 10:33:23.548 [info] > git config --get commit.template [97ms]
2024-02-28 10:33:23.561 [info] > git for-each-ref --format=%(refname)%00%(upstream:short)%00%(objectname)%00%(upstream:track)%00%(upstream:remotename)%00%(upstream:remoteref) refs/heads/main refs/remotes/main [25ms]
2024-02-28 10:33:23.647 [warning] ENOENT: no such file or directory, open '/root/ros_ws/src/assignment_2_2023/.git/refs/remotes/origin/main'
2024-02-28 10:33:23.671 [info] > git rev-parse refs/remotes/origin/main [24ms]
2024-02-28 10:33:23.846 [info] > git status -z -uall [81ms]
2024-02-28 10:33:29.183 [info] > git config --get commit.template [108ms]
2024-02-28 10:33:29.198 [info] > git for-each-ref --format=%(refname)%00%(upstream:short)%00%(objectname)%00%(upstream:track)%00%(upstream:remotename)%00%(upstream:remoteref) refs/heads/main refs/remotes/main [24ms]
2024-02-28 10:33:29.283 [warning] ENOENT: no such file or directory, open '/root/ros_ws/src/assignment_2_2023/.git/refs/remotes/origin/main'
2024-02-28 10:33:29.306 [info] > git rev-parse refs/remotes/origin/main [22ms]
2024-02-28 10:33:29.455 [info] > git status -z -uall [57ms]
2024-02-28 10:33:34.756 [info] > git config --get commit.template [114ms]
2024-02-28 10:33:34.760 [info] > git for-each-ref --format=%(refname)%00%(upstream:short)%00%(objectname)%00%(upstream:track)%00%(upstream:remotename)%00%(upstream:remoteref) refs/heads/main refs/remotes/main [24ms]
2024-02-28 10:33:34.874 [warning] ENOENT: no such file or directory, open '/root/ros_ws/src/assignment_2_2023/.git/refs/remotes/origin/main'
2024-02-28 10:33:34.895 [info] > git rev-parse refs/remotes/origin/main [22ms]
2024-02-28 10:33:35.116 [info] > git status -z -uall [76ms]
2024-02-28 10:33:40.479 [info] > git config --get commit.template [111ms]
2024-02-28 10:33:40.502 [info] > git for-each-ref --format=%(refname)%00%(upstream:short)%00%(objectname)%00%(upstream:track)%00%(upstream:remotename)%00%(upstream:remoteref) refs/heads/main refs/remotes/main [29ms]
2024-02-28 10:33:40.585 [warning] ENOENT: no such file or directory, open '/root/ros_ws/src/assignment_2_2023/.git/refs/remotes/origin/main'
2024-02-28 10:33:40.610 [info] > git rev-parse refs/remotes/origin/main [24ms]
2024-02-28 10:33:40.826 [info] > git status -z -uall [100ms]
2024-02-28 10:33:46.099 [info] > git config --get commit.template [24ms]
2024-02-28 10:33:46.221 [info] > git for-each-ref --format=%(refname)%00%(upstream:short)%00%(objectname)%00%(upstream:track)%00%(upstream:remotename)%00%(upstream:remoteref) refs/heads/main refs/remotes/main [22ms]
2024-02-28 10:33:46.313 [warning] ENOENT: no such file or directory, open '/root/ros_ws/src/assignment_2_2023/.git/refs/remotes/origin/main'
2024-02-28 10:33:46.339 [info] > git rev-parse refs/remotes/origin/main [26ms]
2024-02-28 10:33:46.584 [info] > git status -z -uall [101ms]
2024-02-28 10:33:51.871 [info] > git config --get commit.template [26ms]
2024-02-28 10:33:52.018 [info] > git for-each-ref --format=%(refname)%00%(upstream:short)%00%(objectname)%00%(upstream:track)%00%(upstream:remotename)%00%(upstream:remoteref) refs/heads/main refs/remotes/main [37ms]
2024-02-28 10:33:52.234 [warning] ENOENT: no such file or directory, open '/root/ros_ws/src/assignment_2_2023/.git/refs/remotes/origin/main'
2024-02-28 10:33:52.288 [info] > git rev-parse refs/remotes/origin/main [54ms]
2024-02-28 10:33:52.633 [info] > git status -z -uall [141ms]
2024-02-28 10:33:57.945 [info] > git config --get commit.template [98ms]
2024-02-28 10:33:57.967 [info] > git for-each-ref --format=%(refname)%00%(upstream:short)%00%(objectname)%00%(upstream:track)%00%(upstream:remotename)%00%(upstream:remoteref) refs/heads/main refs/remotes/main [34ms]
2024-02-28 10:33:58.051 [warning] ENOENT: no such file or directory, open '/root/ros_ws/src/assignment_2_2023/.git/refs/remotes/origin/main'
2024-02-28 10:33:58.073 [info] > git rev-parse refs/remotes/origin/main [23ms]
2024-02-28 10:33:58.238 [info] > git status -z -uall [81ms]
2024-02-28 10:34:03.543 [info] > git config --get commit.template [102ms]
2024-02-28 10:34:03.562 [info] > git for-each-ref --format=%(refname)%00%(upstream:short)%00%(objectname)%00%(upstream:track)%00%(upstream:remotename)%00%(upstream:remoteref) refs/heads/main refs/remotes/main [28ms]
2024-02-28 10:34:03.658 [warning] ENOENT: no such file or directory, open '/root/ros_ws/src/assignment_2_2023/.git/refs/remotes/origin/main'
2024-02-28 10:34:03.678 [info] > git rev-parse refs/remotes/origin/main [20ms]
2024-02-28 10:34:03.830 [info] > git status -z -uall [70ms]
2024-02-28 10:34:09.164 [info] > git show --textconv :CMakeLists.txt [239ms]
2024-02-28 10:34:09.169 [info] > git ls-files --stage -- /root/ros_ws/src/assignment_2_2023/CMakeLists.txt [145ms]
2024-02-28 10:34:09.322 [info] > git cat-file -s a65185261bba985fc159d8514b2c5d1bbdc2c827 [39ms]
2024-02-28 10:34:09.351 [info] > git config --get commit.template [190ms]
2024-02-28 10:34:09.523 [info] > git for-each-ref --format=%(refname)%00%(upstream:short)%00%(objectname)%00%(upstream:track)%00%(upstream:remotename)%00%(upstream:remoteref) refs/heads/main refs/remotes/main [28ms]
2024-02-28 10:34:09.626 [warning] ENOENT: no such file or directory, open '/root/ros_ws/src/assignment_2_2023/.git/refs/remotes/origin/main'
2024-02-28 10:34:09.645 [info] > git rev-parse refs/remotes/origin/main [19ms]
2024-02-28 10:34:09.829 [info] > git status -z -uall [77ms]
2024-02-28 10:34:15.135 [info] > git config --get commit.template [113ms]
2024-02-28 10:34:15.154 [info] > git for-each-ref --format=%(refname)%00%(upstream:short)%00%(objectname)%00%(upstream:track)%00%(upstream:remotename)%00%(upstream:remoteref) refs/heads/main refs/remotes/main [33ms]
2024-02-28 10:34:15.333 [warning] ENOENT: no such file or directory, open '/root/ros_ws/src/assignment_2_2023/.git/refs/remotes/origin/main'
2024-02-28 10:34:15.367 [info] > git rev-parse refs/remotes/origin/main [34ms]
2024-02-28 10:34:15.564 [info] > git status -z -uall [73ms]
2024-02-28 10:34:20.937 [info] > git config --get commit.template [109ms]
2024-02-28 10:34:20.959 [info] > git for-each-ref --format=%(refname)%00%(upstream:short)%00%(objectname)%00%(upstream:track)%00%(upstream:remotename)%00%(upstream:remoteref) refs/heads/main refs/remotes/main [28ms]
2024-02-28 10:34:21.045 [warning] ENOENT: no such file or directory, open '/root/ros_ws/src/assignment_2_2023/.git/refs/remotes/origin/main'
2024-02-28 10:34:21.065 [info] > git rev-parse refs/remotes/origin/main [20ms]
2024-02-28 10:34:21.212 [info] > git status -z -uall [57ms]
2024-02-28 10:34:26.888 [info] > git config --get commit.template [20ms]
2024-02-28 10:34:27.017 [info] > git for-each-ref --format=%(refname)%00%(upstream:short)%00%(objectname)%00%(upstream:track)%00%(upstream:remotename)%00%(upstream:remoteref) refs/heads/main refs/remotes/main [22ms]
2024-02-28 10:34:27.114 [warning] ENOENT: no such file or directory, open '/root/ros_ws/src/assignment_2_2023/.git/refs/remotes/origin/main'
2024-02-28 10:34:27.139 [info] > git rev-parse refs/remotes/origin/main [25ms]
2024-02-28 10:34:27.299 [info] > git status -z -uall [72ms]
2024-02-28 10:34:32.587 [info] > git config --get commit.template [100ms]
2024-02-28 10:34:32.619 [info] > git for-each-ref --format=%(refname)%00%(upstream:short)%00%(objectname)%00%(upstream:track)%00%(upstream:remotename)%00%(upstream:remoteref) refs/heads/main refs/remotes/main [38ms]
2024-02-28 10:34:32.740 [warning] ENOENT: no such file or directory, open '/root/ros_ws/src/assignment_2_2023/.git/refs/remotes/origin/main'
2024-02-28 10:34:32.763 [info] > git rev-parse refs/remotes/origin/main [24ms]
2024-02-28 10:34:32.923 [info] > git status -z -uall [68ms]
2024-02-28 10:34:34.007 [info] > git show --textconv :scripts/position_node.py [230ms]
2024-02-28 10:34:34.012 [info] > git ls-files --stage -- /root/ros_ws/src/assignment_2_2023/scripts/position_node.py [123ms]
2024-02-28 10:34:38.302 [info] > git for-each-ref --format=%(refname)%00%(upstream:short)%00%(objectname)%00%(upstream:track)%00%(upstream:remotename)%00%(upstream:remoteref) refs/heads/main refs/remotes/main [28ms]
2024-02-28 10:34:38.306 [info] > git config --get commit.template [139ms]
2024-02-28 10:34:38.402 [warning] ENOENT: no such file or directory, open '/root/ros_ws/src/assignment_2_2023/.git/refs/remotes/origin/main'
2024-02-28 10:34:38.443 [info] > git rev-parse refs/remotes/origin/main [39ms]
2024-02-28 10:34:38.624 [info] > git status -z -uall [70ms]
2024-02-28 10:34:43.938 [info] > git config --get commit.template [103ms]
2024-02-28 10:34:43.941 [info] > git for-each-ref --format=%(refname)%00%(upstream:short)%00%(objectname)%00%(upstream:track)%00%(upstream:remotename)%00%(upstream:remoteref) refs/heads/main refs/remotes/main [20ms]
2024-02-28 10:34:44.027 [warning] ENOENT: no such file or directory, open '/root/ros_ws/src/assignment_2_2023/.git/refs/remotes/origin/main'
2024-02-28 10:34:44.041 [info] > git rev-parse refs/remotes/origin/main [14ms]
2024-02-28 10:34:44.183 [info] > git status -z -uall [59ms]
2024-02-28 10:34:47.934 [info] > git show --textconv :scripts/target_service_node.py [126ms]
2024-02-28 10:34:47.950 [info] > git ls-files --stage -- /root/ros_ws/src/assignment_2_2023/scripts/target_service_node.py [36ms]
2024-02-28 10:34:49.383 [info] > git config --get commit.template [18ms]
2024-02-28 10:34:49.494 [info] > git for-each-ref --format=%(refname)%00%(upstream:short)%00%(objectname)%00%(upstream:track)%00%(upstream:remotename)%00%(upstream:remoteref) refs/heads/main refs/remotes/main [25ms]
2024-02-28 10:34:49.581 [warning] ENOENT: no such file or directory, open '/root/ros_ws/src/assignment_2_2023/.git/refs/remotes/origin/main'
2024-02-28 10:34:49.605 [info] > git rev-parse refs/remotes/origin/main [24ms]
2024-02-28 10:34:49.767 [info] > git status -z -uall [75ms]
2024-02-28 10:34:55.092 [info] > git config --get commit.template [121ms]
2024-02-28 10:34:55.114 [info] > git for-each-ref --format=%(refname)%00%(upstream:short)%00%(objectname)%00%(upstream:track)%00%(upstream:remotename)%00%(upstream:remoteref) refs/heads/main refs/remotes/main [32ms]
2024-02-28 10:34:55.199 [warning] ENOENT: no such file or directory, open '/root/ros_ws/src/assignment_2_2023/.git/refs/remotes/origin/main'
2024-02-28 10:34:55.225 [info] > git rev-parse refs/remotes/origin/main [27ms]
2024-02-28 10:34:55.374 [info] > git status -z -uall [58ms]
2024-02-28 10:35:00.657 [info] > git config --get commit.template [104ms]
2024-02-28 10:35:00.666 [info] > git for-each-ref --format=%(refname)%00%(upstream:short)%00%(objectname)%00%(upstream:track)%00%(upstream:remotename)%00%(upstream:remoteref) refs/heads/main refs/remotes/main [20ms]
2024-02-28 10:35:00.765 [warning] ENOENT: no such file or directory, open '/root/ros_ws/src/assignment_2_2023/.git/refs/remotes/origin/main'
2024-02-28 10:35:00.796 [info] > git rev-parse refs/remotes/origin/main [32ms]
2024-02-28 10:35:00.966 [info] > git status -z -uall [78ms]
2024-02-28 10:35:06.270 [info] > git config --get commit.template [98ms]
2024-02-28 10:35:06.291 [info] > git for-each-ref --format=%(refname)%00%(upstream:short)%00%(objectname)%00%(upstream:track)%00%(upstream:remotename)%00%(upstream:remoteref) refs/heads/main refs/remotes/main [26ms]
2024-02-28 10:35:06.374 [warning] ENOENT: no such file or directory, open '/root/ros_ws/src/assignment_2_2023/.git/refs/remotes/origin/main'
2024-02-28 10:35:06.409 [info] > git rev-parse refs/remotes/origin/main [35ms]
2024-02-28 10:35:06.593 [info] > git status -z -uall [78ms]
2024-02-28 10:35:10.241 [info] > git show --textconv :scripts/position_node.py [118ms]
2024-02-28 10:35:10.257 [info] > git ls-files --stage -- /root/ros_ws/src/assignment_2_2023/scripts/position_node.py [30ms]
2024-02-28 10:35:11.888 [info] > git config --get commit.template [103ms]
2024-02-28 10:35:11.896 [info] > git for-each-ref --format=%(refname)%00%(upstream:short)%00%(objectname)%00%(upstream:track)%00%(upstream:remotename)%00%(upstream:remoteref) refs/heads/main refs/remotes/main [17ms]
2024-02-28 10:35:11.983 [warning] ENOENT: no such file or directory, open '/root/ros_ws/src/assignment_2_2023/.git/refs/remotes/origin/main'
2024-02-28 10:35:12.001 [info] > git rev-parse refs/remotes/origin/main [18ms]
2024-02-28 10:35:12.152 [info] > git status -z -uall [61ms]
2024-02-28 10:35:17.467 [info] > git config --get commit.template [115ms]
2024-02-28 10:35:17.472 [info] > git for-each-ref --format=%(refname)%00%(upstream:short)%00%(objectname)%00%(upstream:track)%00%(upstream:remotename)%00%(upstream:remoteref) refs/heads/main refs/remotes/main [18ms]
2024-02-28 10:35:17.563 [warning] ENOENT: no such file or directory, open '/root/ros_ws/src/assignment_2_2023/.git/refs/remotes/origin/main'
2024-02-28 10:35:17.581 [info] > git rev-parse refs/remotes/origin/main [19ms]
2024-02-28 10:35:17.740 [info] > git status -z -uall [61ms]
2024-02-28 10:35:23.046 [info] > git config --get commit.template [112ms]
2024-02-28 10:35:23.060 [info] > git for-each-ref --format=%(refname)%00%(upstream:short)%00%(objectname)%00%(upstream:track)%00%(upstream:remotename)%00%(upstream:remoteref) refs/heads/main refs/remotes/main [20ms]
2024-02-28 10:35:23.159 [warning] ENOENT: no such file or directory, open '/root/ros_ws/src/assignment_2_2023/.git/refs/remotes/origin/main'
2024-02-28 10:35:23.178 [info] > git rev-parse refs/remotes/origin/main [19ms]
2024-02-28 10:35:23.344 [info] > git status -z -uall [62ms]
2024-02-28 10:35:28.553 [info] > git config --get commit.template [17ms]
2024-02-28 10:35:28.659 [info] > git for-each-ref --format=%(refname)%00%(upstream:short)%00%(objectname)%00%(upstream:track)%00%(upstream:remotename)%00%(upstream:remoteref) refs/heads/main refs/remotes/main [25ms]
2024-02-28 10:35:28.746 [warning] ENOENT: no such file or directory, open '/root/ros_ws/src/assignment_2_2023/.git/refs/remotes/origin/main'
2024-02-28 10:35:28.761 [info] > git rev-parse refs/remotes/origin/main [15ms]
2024-02-28 10:35:28.914 [info] > git status -z -uall [61ms]
2024-02-28 10:35:31.609 [info] > git show --textconv :scripts/action_client_node.py [140ms]
2024-02-28 10:35:31.649 [info] > git ls-files --stage -- /root/ros_ws/src/assignment_2_2023/scripts/action_client_node.py [44ms]
2024-02-28 10:35:34.254 [info] > git config --get commit.template [138ms]
2024-02-28 10:35:34.262 [info] > git for-each-ref --format=%(refname)%00%(upstream:short)%00%(objectname)%00%(upstream:track)%00%(upstream:remotename)%00%(upstream:remoteref) refs/heads/main refs/remotes/main [29ms]
2024-02-28 10:35:34.352 [warning] ENOENT: no such file or directory, open '/root/ros_ws/src/assignment_2_2023/.git/refs/remotes/origin/main'
2024-02-28 10:35:34.376 [info] > git rev-parse refs/remotes/origin/main [24ms]
2024-02-28 10:35:34.537 [info] > git status -z -uall [66ms]
2024-02-28 10:35:39.833 [info] > git config --get commit.template [109ms]
2024-02-28 10:35:39.854 [info] > git for-each-ref --format=%(refname)%00%(upstream:short)%00%(objectname)%00%(upstream:track)%00%(upstream:remotename)%00%(upstream:remoteref) refs/heads/main refs/remotes/main [34ms]
2024-02-28 10:35:39.945 [warning] ENOENT: no such file or directory, open '/root/ros_ws/src/assignment_2_2023/.git/refs/remotes/origin/main'
2024-02-28 10:35:39.969 [info] > git rev-parse refs/remotes/origin/main [23ms]
2024-02-28 10:35:40.121 [info] > git status -z -uall [66ms]
2024-02-28 10:35:42.754 [info] > git show --textconv :msg/RobotState.msg [104ms]
2024-02-28 10:35:42.776 [info] > git ls-files --stage -- /root/ros_ws/src/assignment_2_2023/msg/RobotState.msg [31ms]
2024-02-28 10:35:45.454 [info] > git config --get commit.template [109ms]
2024-02-28 10:35:45.462 [info] > git for-each-ref --format=%(refname)%00%(upstream:short)%00%(objectname)%00%(upstream:track)%00%(upstream:remotename)%00%(upstream:remoteref) refs/heads/main refs/remotes/main [22ms]
2024-02-28 10:35:45.556 [warning] ENOENT: no such file or directory, open '/root/ros_ws/src/assignment_2_2023/.git/refs/remotes/origin/main'
2024-02-28 10:35:45.582 [info] > git rev-parse refs/remotes/origin/main [27ms]
2024-02-28 10:35:45.729 [info] > git status -z -uall [58ms]
2024-02-28 10:35:51.056 [info] > git config --get commit.template [115ms]
2024-02-28 10:35:51.066 [info] > git for-each-ref --format=%(refname)%00%(upstream:short)%00%(objectname)%00%(upstream:track)%00%(upstream:remotename)%00%(upstream:remoteref) refs/heads/main refs/remotes/main [23ms]
2024-02-28 10:35:51.159 [warning] ENOENT: no such file or directory, open '/root/ros_ws/src/assignment_2_2023/.git/refs/remotes/origin/main'
2024-02-28 10:35:51.177 [info] > git rev-parse refs/remotes/origin/main [17ms]
2024-02-28 10:35:51.334 [info] > git status -z -uall [63ms]
2024-02-28 10:35:56.566 [info] > git config --get commit.template [7ms]
2024-02-28 10:35:56.696 [info] > git for-each-ref --format=%(refname)%00%(upstream:short)%00%(objectname)%00%(upstream:track)%00%(upstream:remotename)%00%(upstream:remoteref) refs/heads/main refs/remotes/main [28ms]
2024-02-28 10:35:56.802 [warning] ENOENT: no such file or directory, open '/root/ros_ws/src/assignment_2_2023/.git/refs/remotes/origin/main'
2024-02-28 10:35:56.821 [info] > git rev-parse refs/remotes/origin/main [19ms]
2024-02-28 10:35:56.986 [info] > git status -z -uall [65ms]
2024-02-28 10:36:02.264 [info] > git config --get commit.template [103ms]
2024-02-28 10:36:02.286 [info] > git for-each-ref --format=%(refname)%00%(upstream:short)%00%(objectname)%00%(upstream:track)%00%(upstream:remotename)%00%(upstream:remoteref) refs/heads/main refs/remotes/main [30ms]
2024-02-28 10:36:02.375 [warning] ENOENT: no such file or directory, open '/root/ros_ws/src/assignment_2_2023/.git/refs/remotes/origin/main'
2024-02-28 10:36:02.391 [info] > git rev-parse refs/remotes/origin/main [16ms]
2024-02-28 10:36:02.533 [info] > git status -z -uall [61ms]
2024-02-28 10:36:07.850 [info] > git for-each-ref --format=%(refname)%00%(upstream:short)%00%(objectname)%00%(upstream:track)%00%(upstream:remotename)%00%(upstream:remoteref) refs/heads/main refs/remotes/main [28ms]
2024-02-28 10:36:07.853 [info] > git config --get commit.template [121ms]
2024-02-28 10:36:07.951 [warning] ENOENT: no such file or directory, open '/root/ros_ws/src/assignment_2_2023/.git/refs/remotes/origin/main'
2024-02-28 10:36:07.972 [info] > git rev-parse refs/remotes/origin/main [20ms]
2024-02-28 10:36:08.125 [info] > git status -z -uall [66ms]
2024-02-28 10:36:13.317 [info] > git config --get commit.template [17ms]
2024-02-28 10:36:13.420 [info] > git for-each-ref --format=%(refname)%00%(upstream:short)%00%(objectname)%00%(upstream:track)%00%(upstream:remotename)%00%(upstream:remoteref) refs/heads/main refs/remotes/main [18ms]
2024-02-28 10:36:13.504 [warning] ENOENT: no such file or directory, open '/root/ros_ws/src/assignment_2_2023/.git/refs/remotes/origin/main'
2024-02-28 10:36:13.523 [info] > git rev-parse refs/remotes/origin/main [18ms]
2024-02-28 10:36:13.666 [info] > git status -z -uall [56ms]
2024-02-28 10:36:18.946 [info] > git config --get commit.template [94ms]
2024-02-28 10:36:18.955 [info] > git for-each-ref --format=%(refname)%00%(upstream:short)%00%(objectname)%00%(upstream:track)%00%(upstream:remotename)%00%(upstream:remoteref) refs/heads/main refs/remotes/main [21ms]
2024-02-28 10:36:19.040 [warning] ENOENT: no such file or directory, open '/root/ros_ws/src/assignment_2_2023/.git/refs/remotes/origin/main'
2024-02-28 10:36:19.055 [info] > git rev-parse refs/remotes/origin/main [14ms]
2024-02-28 10:36:19.199 [info] > git status -z -uall [59ms]
