2024-02-27 15:10:47.992 [info] Log level: Info
2024-02-27 15:10:47.992 [info] Validating found git in: "git"
2024-02-27 15:10:47.992 [info] Using git "2.25.1" from "git"
2024-02-27 15:10:47.992 [info] > git rev-parse --show-toplevel [411ms]
2024-02-27 15:10:47.992 [info] > git rev-parse --git-dir --git-common-dir [95ms]
2024-02-27 15:10:47.993 [info] Open repository: /root/ros_ws/src/assignment_2_2023
2024-02-27 15:10:48.781 [info] > git rev-parse --show-toplevel [658ms]
2024-02-27 15:10:48.788 [info] > git config --get commit.template [727ms]
2024-02-27 15:10:49.597 [info] > git rev-parse --show-toplevel [719ms]
2024-02-27 15:10:49.803 [info] > git for-each-ref --format=%(refname)%00%(upstream:short)%00%(objectname)%00%(upstream:track)%00%(upstream:remotename)%00%(upstream:remoteref) refs/heads/main refs/remotes/main [233ms]
2024-02-27 15:10:49.886 [warning] ENOENT: no such file or directory, open '/root/ros_ws/src/assignment_2_2023/.git/refs/remotes/origin/main'
2024-02-27 15:10:49.904 [info] > git check-ignore -v -z --stdin [228ms]
2024-02-27 15:10:49.915 [info] > git rev-parse --show-toplevel [126ms]
2024-02-27 15:10:50.208 [info] > git rev-parse refs/remotes/origin/main [322ms]
2024-02-27 15:10:50.374 [info] > git status -z -uall [81ms]
2024-02-27 15:10:50.378 [info] > git rev-parse --show-toplevel [363ms]
2024-02-27 15:10:51.957 [info] > git rev-parse --show-toplevel [1397ms]
2024-02-27 15:10:52.107 [info] > git config --get commit.template [190ms]
2024-02-27 15:10:52.509 [info] > git rev-parse --show-toplevel [412ms]
2024-02-27 15:10:53.106 [info] > git rev-parse --show-toplevel [202ms]
2024-02-27 15:10:53.107 [info] > git for-each-ref --format=%(refname)%00%(upstream:short)%00%(objectname)%00%(upstream:track)%00%(upstream:remotename)%00%(upstream:remoteref) refs/heads/main refs/remotes/main [284ms]
2024-02-27 15:10:53.273 [warning] ENOENT: no such file or directory, open '/root/ros_ws/src/assignment_2_2023/.git/refs/remotes/origin/main'
2024-02-27 15:10:53.396 [info] > git rev-parse refs/remotes/origin/main [123ms]
2024-02-27 15:10:53.462 [info] > git rev-parse --show-toplevel [262ms]
2024-02-27 15:10:54.327 [info] > git status -z -uall [866ms]
2024-02-27 15:10:55.543 [info] > git rev-parse --show-toplevel [1345ms]
2024-02-27 15:10:56.358 [info] > git rev-parse --show-toplevel [370ms]
2024-02-27 15:10:56.765 [info] > git rev-parse --show-toplevel [135ms]
2024-02-27 15:10:57.776 [info] > git rev-parse --show-toplevel [730ms]
2024-02-27 15:10:58.130 [info] > git rev-parse --show-toplevel [102ms]
2024-02-27 15:10:58.788 [info] > git rev-parse --show-toplevel [508ms]
2024-02-27 15:10:59.086 [info] > git rev-parse --show-toplevel [113ms]
2024-02-27 15:10:59.441 [info] > git rev-parse --show-toplevel [218ms]
2024-02-27 15:10:59.692 [info] > git rev-parse --show-toplevel [108ms]
2024-02-27 15:11:00.115 [info] > git rev-parse --show-toplevel [226ms]
2024-02-27 15:11:00.465 [info] > git rev-parse --show-toplevel [199ms]
2024-02-27 15:11:00.894 [info] > git rev-parse --show-toplevel [325ms]
2024-02-27 15:11:01.218 [info] > git rev-parse --show-toplevel [67ms]
2024-02-27 15:11:01.334 [info] > git rev-parse --show-toplevel [26ms]
2024-02-27 15:11:01.555 [info] > git rev-parse --show-toplevel [68ms]
2024-02-27 15:11:01.890 [info] > git rev-parse --show-toplevel [129ms]
2024-02-27 15:11:02.042 [info] > git rev-parse --show-toplevel [41ms]
2024-02-27 15:11:02.206 [info] > git rev-parse --show-toplevel [59ms]
2024-02-27 15:11:02.337 [info] > git rev-parse --show-toplevel [20ms]
2024-02-27 15:11:02.457 [info] > git rev-parse --show-toplevel [38ms]
2024-02-27 15:11:02.672 [info] > git rev-parse --show-toplevel [134ms]
2024-02-27 15:11:03.064 [info] > git show --textconv :scripts/action_client_node.py [222ms]
2024-02-27 15:11:03.066 [info] > git ls-files --stage -- /root/ros_ws/src/assignment_2_2023/scripts/action_client_node.py [104ms]
2024-02-27 15:19:13.699 [info] > git check-ignore -v -z --stdin [11ms]
2024-02-27 15:19:14.791 [info] > git check-ignore -v -z --stdin [12ms]
2024-02-27 15:19:16.004 [info] > git check-ignore -v -z --stdin [15ms]
2024-02-27 15:19:16.849 [info] > git check-ignore -v -z --stdin [15ms]
2024-02-27 15:19:22.446 [info] > git config --get commit.template [84ms]
2024-02-27 15:19:22.453 [info] > git for-each-ref --format=%(refname)%00%(upstream:short)%00%(objectname)%00%(upstream:track)%00%(upstream:remotename)%00%(upstream:remoteref) refs/heads/main refs/remotes/main [19ms]
2024-02-27 15:19:22.535 [warning] ENOENT: no such file or directory, open '/root/ros_ws/src/assignment_2_2023/.git/refs/remotes/origin/main'
2024-02-27 15:19:22.560 [info] > git rev-parse refs/remotes/origin/main [26ms]
2024-02-27 15:19:22.695 [info] > git status -z -uall [63ms]
2024-02-27 15:19:23.549 [info] > git check-ignore -v -z --stdin [62ms]
2024-02-27 15:19:26.309 [info] > git check-ignore -v -z --stdin [15ms]
2024-02-27 15:19:27.974 [info] > git config --get commit.template [82ms]
2024-02-27 15:19:27.977 [info] > git for-each-ref --format=%(refname)%00%(upstream:short)%00%(objectname)%00%(upstream:track)%00%(upstream:remotename)%00%(upstream:remoteref) refs/heads/main refs/remotes/main [20ms]
2024-02-27 15:19:28.037 [warning] ENOENT: no such file or directory, open '/root/ros_ws/src/assignment_2_2023/.git/refs/remotes/origin/main'
2024-02-27 15:19:28.048 [info] > git rev-parse refs/remotes/origin/main [11ms]
2024-02-27 15:19:28.157 [info] > git status -z -uall [51ms]
2024-02-27 15:19:29.820 [info] > git check-ignore -v -z --stdin [12ms]
2024-02-27 15:19:33.366 [info] > git config --get commit.template [69ms]
2024-02-27 15:19:33.371 [info] > git for-each-ref --format=%(refname)%00%(upstream:short)%00%(objectname)%00%(upstream:track)%00%(upstream:remotename)%00%(upstream:remoteref) refs/heads/main refs/remotes/main [15ms]
2024-02-27 15:19:33.424 [warning] ENOENT: no such file or directory, open '/root/ros_ws/src/assignment_2_2023/.git/refs/remotes/origin/main'
2024-02-27 15:19:33.435 [info] > git rev-parse refs/remotes/origin/main [10ms]
2024-02-27 15:19:33.529 [info] > git status -z -uall [39ms]
2024-02-27 15:19:38.675 [info] > git config --get commit.template [11ms]
2024-02-27 15:19:38.755 [info] > git for-each-ref --format=%(refname)%00%(upstream:short)%00%(objectname)%00%(upstream:track)%00%(upstream:remotename)%00%(upstream:remoteref) refs/heads/main refs/remotes/main [15ms]
2024-02-27 15:19:38.817 [warning] ENOENT: no such file or directory, open '/root/ros_ws/src/assignment_2_2023/.git/refs/remotes/origin/main'
2024-02-27 15:19:38.829 [info] > git rev-parse refs/remotes/origin/main [11ms]
2024-02-27 15:19:38.940 [info] > git status -z -uall [50ms]
2024-02-27 15:19:44.160 [info] > git config --get commit.template [72ms]
2024-02-27 15:19:44.165 [info] > git for-each-ref --format=%(refname)%00%(upstream:short)%00%(objectname)%00%(upstream:track)%00%(upstream:remotename)%00%(upstream:remoteref) refs/heads/main refs/remotes/main [14ms]
2024-02-27 15:19:44.223 [warning] ENOENT: no such file or directory, open '/root/ros_ws/src/assignment_2_2023/.git/refs/remotes/origin/main'
2024-02-27 15:19:44.235 [info] > git rev-parse refs/remotes/origin/main [12ms]
2024-02-27 15:19:44.336 [info] > git status -z -uall [41ms]
2024-02-27 15:19:49.560 [info] > git config --get commit.template [70ms]
2024-02-27 15:19:49.569 [info] > git for-each-ref --format=%(refname)%00%(upstream:short)%00%(objectname)%00%(upstream:track)%00%(upstream:remotename)%00%(upstream:remoteref) refs/heads/main refs/remotes/main [14ms]
2024-02-27 15:19:49.629 [warning] ENOENT: no such file or directory, open '/root/ros_ws/src/assignment_2_2023/.git/refs/remotes/origin/main'
2024-02-27 15:19:49.642 [info] > git rev-parse refs/remotes/origin/main [12ms]
2024-02-27 15:19:49.748 [info] > git status -z -uall [44ms]
2024-02-27 15:19:54.976 [info] > git config --get commit.template [72ms]
2024-02-27 15:19:54.985 [info] > git for-each-ref --format=%(refname)%00%(upstream:short)%00%(objectname)%00%(upstream:track)%00%(upstream:remotename)%00%(upstream:remoteref) refs/heads/main refs/remotes/main [12ms]
2024-02-27 15:19:55.042 [warning] ENOENT: no such file or directory, open '/root/ros_ws/src/assignment_2_2023/.git/refs/remotes/origin/main'
2024-02-27 15:19:55.054 [info] > git rev-parse refs/remotes/origin/main [13ms]
2024-02-27 15:19:55.151 [info] > git status -z -uall [38ms]
2024-02-27 15:20:00.305 [info] > git config --get commit.template [15ms]
2024-02-27 15:20:00.375 [info] > git for-each-ref --format=%(refname)%00%(upstream:short)%00%(objectname)%00%(upstream:track)%00%(upstream:remotename)%00%(upstream:remoteref) refs/heads/main refs/remotes/main [14ms]
2024-02-27 15:20:00.442 [warning] ENOENT: no such file or directory, open '/root/ros_ws/src/assignment_2_2023/.git/refs/remotes/origin/main'
2024-02-27 15:20:00.452 [info] > git rev-parse refs/remotes/origin/main [11ms]
2024-02-27 15:20:00.554 [info] > git status -z -uall [42ms]
2024-02-27 15:20:05.759 [info] > git config --get commit.template [71ms]
2024-02-27 15:20:05.763 [info] > git for-each-ref --format=%(refname)%00%(upstream:short)%00%(objectname)%00%(upstream:track)%00%(upstream:remotename)%00%(upstream:remoteref) refs/heads/main refs/remotes/main [20ms]
2024-02-27 15:20:05.824 [warning] ENOENT: no such file or directory, open '/root/ros_ws/src/assignment_2_2023/.git/refs/remotes/origin/main'
2024-02-27 15:20:05.837 [info] > git rev-parse refs/remotes/origin/main [13ms]
2024-02-27 15:20:05.938 [info] > git status -z -uall [40ms]
2024-02-27 15:20:11.144 [info] > git config --get commit.template [75ms]
2024-02-27 15:20:11.151 [info] > git for-each-ref --format=%(refname)%00%(upstream:short)%00%(objectname)%00%(upstream:track)%00%(upstream:remotename)%00%(upstream:remoteref) refs/heads/main refs/remotes/main [13ms]
2024-02-27 15:20:11.213 [warning] ENOENT: no such file or directory, open '/root/ros_ws/src/assignment_2_2023/.git/refs/remotes/origin/main'
2024-02-27 15:20:11.229 [info] > git rev-parse refs/remotes/origin/main [16ms]
2024-02-27 15:20:11.321 [info] > git status -z -uall [40ms]
2024-02-27 15:20:16.514 [info] > git config --get commit.template [61ms]
2024-02-27 15:20:16.523 [info] > git for-each-ref --format=%(refname)%00%(upstream:short)%00%(objectname)%00%(upstream:track)%00%(upstream:remotename)%00%(upstream:remoteref) refs/heads/main refs/remotes/main [13ms]
2024-02-27 15:20:16.583 [warning] ENOENT: no such file or directory, open '/root/ros_ws/src/assignment_2_2023/.git/refs/remotes/origin/main'
2024-02-27 15:20:16.596 [info] > git rev-parse refs/remotes/origin/main [12ms]
2024-02-27 15:20:16.698 [info] > git status -z -uall [42ms]
2024-02-27 15:20:21.905 [info] > git config --get commit.template [68ms]
2024-02-27 15:20:21.916 [info] > git for-each-ref --format=%(refname)%00%(upstream:short)%00%(objectname)%00%(upstream:track)%00%(upstream:remotename)%00%(upstream:remoteref) refs/heads/main refs/remotes/main [15ms]
2024-02-27 15:20:21.973 [warning] ENOENT: no such file or directory, open '/root/ros_ws/src/assignment_2_2023/.git/refs/remotes/origin/main'
2024-02-27 15:20:21.988 [info] > git rev-parse refs/remotes/origin/main [15ms]
2024-02-27 15:20:22.095 [info] > git status -z -uall [43ms]
2024-02-27 15:20:27.278 [info] > git config --get commit.template [65ms]
2024-02-27 15:20:27.289 [info] > git for-each-ref --format=%(refname)%00%(upstream:short)%00%(objectname)%00%(upstream:track)%00%(upstream:remotename)%00%(upstream:remoteref) refs/heads/main refs/remotes/main [15ms]
2024-02-27 15:20:27.348 [warning] ENOENT: no such file or directory, open '/root/ros_ws/src/assignment_2_2023/.git/refs/remotes/origin/main'
2024-02-27 15:20:27.360 [info] > git rev-parse refs/remotes/origin/main [12ms]
2024-02-27 15:20:27.457 [info] > git status -z -uall [39ms]
2024-02-27 15:20:32.604 [info] > git config --get commit.template [19ms]
2024-02-27 15:20:32.682 [info] > git for-each-ref --format=%(refname)%00%(upstream:short)%00%(objectname)%00%(upstream:track)%00%(upstream:remotename)%00%(upstream:remoteref) refs/heads/main refs/remotes/main [16ms]
2024-02-27 15:20:32.756 [warning] ENOENT: no such file or directory, open '/root/ros_ws/src/assignment_2_2023/.git/refs/remotes/origin/main'
2024-02-27 15:20:32.773 [info] > git rev-parse refs/remotes/origin/main [16ms]
2024-02-27 15:20:32.891 [info] > git status -z -uall [47ms]
2024-02-27 15:20:38.116 [info] > git config --get commit.template [70ms]
2024-02-27 15:20:38.121 [info] > git for-each-ref --format=%(refname)%00%(upstream:short)%00%(objectname)%00%(upstream:track)%00%(upstream:remotename)%00%(upstream:remoteref) refs/heads/main refs/remotes/main [15ms]
2024-02-27 15:20:38.185 [warning] ENOENT: no such file or directory, open '/root/ros_ws/src/assignment_2_2023/.git/refs/remotes/origin/main'
2024-02-27 15:20:38.198 [info] > git rev-parse refs/remotes/origin/main [13ms]
2024-02-27 15:20:38.302 [info] > git status -z -uall [40ms]
2024-02-27 15:20:43.498 [info] > git config --get commit.template [67ms]
2024-02-27 15:20:43.507 [info] > git for-each-ref --format=%(refname)%00%(upstream:short)%00%(objectname)%00%(upstream:track)%00%(upstream:remotename)%00%(upstream:remoteref) refs/heads/main refs/remotes/main [13ms]
2024-02-27 15:20:43.561 [warning] ENOENT: no such file or directory, open '/root/ros_ws/src/assignment_2_2023/.git/refs/remotes/origin/main'
2024-02-27 15:20:43.575 [info] > git rev-parse refs/remotes/origin/main [15ms]
2024-02-27 15:20:43.680 [info] > git status -z -uall [38ms]
2024-02-27 15:20:48.877 [info] > git config --get commit.template [64ms]
2024-02-27 15:20:48.888 [info] > git for-each-ref --format=%(refname)%00%(upstream:short)%00%(objectname)%00%(upstream:track)%00%(upstream:remotename)%00%(upstream:remoteref) refs/heads/main refs/remotes/main [15ms]
2024-02-27 15:20:48.944 [warning] ENOENT: no such file or directory, open '/root/ros_ws/src/assignment_2_2023/.git/refs/remotes/origin/main'
2024-02-27 15:20:48.957 [info] > git rev-parse refs/remotes/origin/main [13ms]
2024-02-27 15:20:49.054 [info] > git status -z -uall [42ms]
2024-02-27 15:20:54.259 [info] > git config --get commit.template [63ms]
2024-02-27 15:20:54.268 [info] > git for-each-ref --format=%(refname)%00%(upstream:short)%00%(objectname)%00%(upstream:track)%00%(upstream:remotename)%00%(upstream:remoteref) refs/heads/main refs/remotes/main [14ms]
2024-02-27 15:20:54.323 [warning] ENOENT: no such file or directory, open '/root/ros_ws/src/assignment_2_2023/.git/refs/remotes/origin/main'
2024-02-27 15:20:54.339 [info] > git rev-parse refs/remotes/origin/main [16ms]
2024-02-27 15:20:54.438 [info] > git status -z -uall [40ms]
2024-02-27 15:20:59.585 [info] > git config --get commit.template [16ms]
2024-02-27 15:20:59.658 [info] > git for-each-ref --format=%(refname)%00%(upstream:short)%00%(objectname)%00%(upstream:track)%00%(upstream:remotename)%00%(upstream:remoteref) refs/heads/main refs/remotes/main [15ms]
2024-02-27 15:20:59.716 [warning] ENOENT: no such file or directory, open '/root/ros_ws/src/assignment_2_2023/.git/refs/remotes/origin/main'
2024-02-27 15:20:59.728 [info] > git rev-parse refs/remotes/origin/main [13ms]
2024-02-27 15:20:59.827 [info] > git status -z -uall [42ms]
2024-02-27 15:21:05.009 [info] > git config --get commit.template [67ms]
2024-02-27 15:21:05.017 [info] > git for-each-ref --format=%(refname)%00%(upstream:short)%00%(objectname)%00%(upstream:track)%00%(upstream:remotename)%00%(upstream:remoteref) refs/heads/main refs/remotes/main [15ms]
2024-02-27 15:21:05.075 [warning] ENOENT: no such file or directory, open '/root/ros_ws/src/assignment_2_2023/.git/refs/remotes/origin/main'
2024-02-27 15:21:05.086 [info] > git rev-parse refs/remotes/origin/main [10ms]
2024-02-27 15:21:05.189 [info] > git status -z -uall [47ms]
2024-02-27 15:21:10.409 [info] > git config --get commit.template [88ms]
2024-02-27 15:21:10.420 [info] > git for-each-ref --format=%(refname)%00%(upstream:short)%00%(objectname)%00%(upstream:track)%00%(upstream:remotename)%00%(upstream:remoteref) refs/heads/main refs/remotes/main [15ms]
2024-02-27 15:21:10.476 [warning] ENOENT: no such file or directory, open '/root/ros_ws/src/assignment_2_2023/.git/refs/remotes/origin/main'
2024-02-27 15:21:10.490 [info] > git rev-parse refs/remotes/origin/main [15ms]
2024-02-27 15:21:10.597 [info] > git status -z -uall [42ms]
2024-02-27 15:21:15.788 [info] > git config --get commit.template [69ms]
2024-02-27 15:21:15.798 [info] > git for-each-ref --format=%(refname)%00%(upstream:short)%00%(objectname)%00%(upstream:track)%00%(upstream:remotename)%00%(upstream:remoteref) refs/heads/main refs/remotes/main [15ms]
2024-02-27 15:21:15.855 [warning] ENOENT: no such file or directory, open '/root/ros_ws/src/assignment_2_2023/.git/refs/remotes/origin/main'
2024-02-27 15:21:15.869 [info] > git rev-parse refs/remotes/origin/main [13ms]
2024-02-27 15:21:15.962 [info] > git status -z -uall [37ms]
2024-02-27 15:21:21.167 [info] > git config --get commit.template [64ms]
2024-02-27 15:21:21.176 [info] > git for-each-ref --format=%(refname)%00%(upstream:short)%00%(objectname)%00%(upstream:track)%00%(upstream:remotename)%00%(upstream:remoteref) refs/heads/main refs/remotes/main [13ms]
2024-02-27 15:21:21.232 [warning] ENOENT: no such file or directory, open '/root/ros_ws/src/assignment_2_2023/.git/refs/remotes/origin/main'
2024-02-27 15:21:21.245 [info] > git rev-parse refs/remotes/origin/main [13ms]
2024-02-27 15:21:21.357 [info] > git status -z -uall [43ms]
2024-02-27 15:21:26.553 [info] > git config --get commit.template [66ms]
2024-02-27 15:21:26.563 [info] > git for-each-ref --format=%(refname)%00%(upstream:short)%00%(objectname)%00%(upstream:track)%00%(upstream:remotename)%00%(upstream:remoteref) refs/heads/main refs/remotes/main [14ms]
2024-02-27 15:21:26.620 [warning] ENOENT: no such file or directory, open '/root/ros_ws/src/assignment_2_2023/.git/refs/remotes/origin/main'
2024-02-27 15:21:26.632 [info] > git rev-parse refs/remotes/origin/main [12ms]
2024-02-27 15:21:26.728 [info] > git status -z -uall [39ms]
2024-02-27 15:21:31.924 [info] > git config --get commit.template [62ms]
2024-02-27 15:21:31.935 [info] > git for-each-ref --format=%(refname)%00%(upstream:short)%00%(objectname)%00%(upstream:track)%00%(upstream:remotename)%00%(upstream:remoteref) refs/heads/main refs/remotes/main [16ms]
2024-02-27 15:21:31.993 [warning] ENOENT: no such file or directory, open '/root/ros_ws/src/assignment_2_2023/.git/refs/remotes/origin/main'
2024-02-27 15:21:32.005 [info] > git rev-parse refs/remotes/origin/main [11ms]
2024-02-27 15:21:32.102 [info] > git status -z -uall [38ms]
2024-02-27 15:21:37.300 [info] > git config --get commit.template [65ms]
2024-02-27 15:21:37.309 [info] > git for-each-ref --format=%(refname)%00%(upstream:short)%00%(objectname)%00%(upstream:track)%00%(upstream:remotename)%00%(upstream:remoteref) refs/heads/main refs/remotes/main [14ms]
2024-02-27 15:21:37.369 [warning] ENOENT: no such file or directory, open '/root/ros_ws/src/assignment_2_2023/.git/refs/remotes/origin/main'
2024-02-27 15:21:37.383 [info] > git rev-parse refs/remotes/origin/main [14ms]
2024-02-27 15:21:37.476 [info] > git status -z -uall [36ms]
2024-02-27 15:21:42.643 [info] > git config --get commit.template [13ms]
2024-02-27 15:21:42.725 [info] > git for-each-ref --format=%(refname)%00%(upstream:short)%00%(objectname)%00%(upstream:track)%00%(upstream:remotename)%00%(upstream:remoteref) refs/heads/main refs/remotes/main [14ms]
2024-02-27 15:21:42.793 [warning] ENOENT: no such file or directory, open '/root/ros_ws/src/assignment_2_2023/.git/refs/remotes/origin/main'
2024-02-27 15:21:42.804 [info] > git rev-parse refs/remotes/origin/main [10ms]
2024-02-27 15:21:42.900 [info] > git status -z -uall [43ms]
2024-02-27 15:21:48.095 [info] > git config --get commit.template [64ms]
2024-02-27 15:21:48.104 [info] > git for-each-ref --format=%(refname)%00%(upstream:short)%00%(objectname)%00%(upstream:track)%00%(upstream:remotename)%00%(upstream:remoteref) refs/heads/main refs/remotes/main [13ms]
2024-02-27 15:21:48.158 [warning] ENOENT: no such file or directory, open '/root/ros_ws/src/assignment_2_2023/.git/refs/remotes/origin/main'
2024-02-27 15:21:48.171 [info] > git rev-parse refs/remotes/origin/main [12ms]
2024-02-27 15:21:48.285 [info] > git status -z -uall [52ms]
2024-02-27 15:21:53.483 [info] > git config --get commit.template [64ms]
2024-02-27 15:21:53.492 [info] > git for-each-ref --format=%(refname)%00%(upstream:short)%00%(objectname)%00%(upstream:track)%00%(upstream:remotename)%00%(upstream:remoteref) refs/heads/main refs/remotes/main [15ms]
2024-02-27 15:21:53.552 [warning] ENOENT: no such file or directory, open '/root/ros_ws/src/assignment_2_2023/.git/refs/remotes/origin/main'
2024-02-27 15:21:53.566 [info] > git rev-parse refs/remotes/origin/main [14ms]
2024-02-27 15:21:53.667 [info] > git status -z -uall [43ms]
2024-02-27 15:21:58.876 [info] > git config --get commit.template [75ms]
2024-02-27 15:21:58.886 [info] > git for-each-ref --format=%(refname)%00%(upstream:short)%00%(objectname)%00%(upstream:track)%00%(upstream:remotename)%00%(upstream:remoteref) refs/heads/main refs/remotes/main [15ms]
2024-02-27 15:21:58.948 [warning] ENOENT: no such file or directory, open '/root/ros_ws/src/assignment_2_2023/.git/refs/remotes/origin/main'
2024-02-27 15:21:58.963 [info] > git rev-parse refs/remotes/origin/main [15ms]
2024-02-27 15:21:59.060 [info] > git status -z -uall [40ms]
2024-02-27 15:22:04.251 [info] > git config --get commit.template [59ms]
2024-02-27 15:22:04.260 [info] > git for-each-ref --format=%(refname)%00%(upstream:short)%00%(objectname)%00%(upstream:track)%00%(upstream:remotename)%00%(upstream:remoteref) refs/heads/main refs/remotes/main [14ms]
2024-02-27 15:22:04.315 [warning] ENOENT: no such file or directory, open '/root/ros_ws/src/assignment_2_2023/.git/refs/remotes/origin/main'
2024-02-27 15:22:04.338 [info] > git rev-parse refs/remotes/origin/main [24ms]
2024-02-27 15:22:04.438 [info] > git status -z -uall [42ms]
2024-02-27 15:22:09.628 [info] > git config --get commit.template [62ms]
2024-02-27 15:22:09.637 [info] > git for-each-ref --format=%(refname)%00%(upstream:short)%00%(objectname)%00%(upstream:track)%00%(upstream:remotename)%00%(upstream:remoteref) refs/heads/main refs/remotes/main [16ms]
2024-02-27 15:22:09.699 [warning] ENOENT: no such file or directory, open '/root/ros_ws/src/assignment_2_2023/.git/refs/remotes/origin/main'
2024-02-27 15:22:09.715 [info] > git rev-parse refs/remotes/origin/main [16ms]
2024-02-27 15:22:09.827 [info] > git status -z -uall [53ms]
2024-02-27 15:22:15.076 [info] > git config --get commit.template [68ms]
2024-02-27 15:22:15.084 [info] > git for-each-ref --format=%(refname)%00%(upstream:short)%00%(objectname)%00%(upstream:track)%00%(upstream:remotename)%00%(upstream:remoteref) refs/heads/main refs/remotes/main [13ms]
2024-02-27 15:22:15.138 [warning] ENOENT: no such file or directory, open '/root/ros_ws/src/assignment_2_2023/.git/refs/remotes/origin/main'
2024-02-27 15:22:15.149 [info] > git rev-parse refs/remotes/origin/main [11ms]
2024-02-27 15:22:15.250 [info] > git status -z -uall [45ms]
2024-02-27 15:22:20.441 [info] > git config --get commit.template [64ms]
2024-02-27 15:22:20.451 [info] > git for-each-ref --format=%(refname)%00%(upstream:short)%00%(objectname)%00%(upstream:track)%00%(upstream:remotename)%00%(upstream:remoteref) refs/heads/main refs/remotes/main [14ms]
2024-02-27 15:22:20.509 [warning] ENOENT: no such file or directory, open '/root/ros_ws/src/assignment_2_2023/.git/refs/remotes/origin/main'
2024-02-27 15:22:20.521 [info] > git rev-parse refs/remotes/origin/main [12ms]
2024-02-27 15:22:20.621 [info] > git status -z -uall [40ms]
2024-02-27 15:22:25.772 [info] > git config --get commit.template [11ms]
2024-02-27 15:22:25.855 [info] > git for-each-ref --format=%(refname)%00%(upstream:short)%00%(objectname)%00%(upstream:track)%00%(upstream:remotename)%00%(upstream:remoteref) refs/heads/main refs/remotes/main [15ms]
2024-02-27 15:22:25.916 [warning] ENOENT: no such file or directory, open '/root/ros_ws/src/assignment_2_2023/.git/refs/remotes/origin/main'
2024-02-27 15:22:25.931 [info] > git rev-parse refs/remotes/origin/main [14ms]
2024-02-27 15:22:26.032 [info] > git status -z -uall [47ms]
2024-02-27 15:22:31.235 [info] > git config --get commit.template [66ms]
2024-02-27 15:22:31.245 [info] > git for-each-ref --format=%(refname)%00%(upstream:short)%00%(objectname)%00%(upstream:track)%00%(upstream:remotename)%00%(upstream:remoteref) refs/heads/main refs/remotes/main [14ms]
2024-02-27 15:22:31.301 [warning] ENOENT: no such file or directory, open '/root/ros_ws/src/assignment_2_2023/.git/refs/remotes/origin/main'
2024-02-27 15:22:31.312 [info] > git rev-parse refs/remotes/origin/main [11ms]
2024-02-27 15:22:31.415 [info] > git status -z -uall [40ms]
2024-02-27 15:22:36.608 [info] > git config --get commit.template [76ms]
2024-02-27 15:22:36.614 [info] > git for-each-ref --format=%(refname)%00%(upstream:short)%00%(objectname)%00%(upstream:track)%00%(upstream:remotename)%00%(upstream:remoteref) refs/heads/main refs/remotes/main [12ms]
2024-02-27 15:22:36.678 [warning] ENOENT: no such file or directory, open '/root/ros_ws/src/assignment_2_2023/.git/refs/remotes/origin/main'
2024-02-27 15:22:36.689 [info] > git rev-parse refs/remotes/origin/main [10ms]
2024-02-27 15:22:36.797 [info] > git status -z -uall [51ms]
2024-02-27 15:22:41.988 [info] > git config --get commit.template [77ms]
2024-02-27 15:22:41.992 [info] > git for-each-ref --format=%(refname)%00%(upstream:short)%00%(objectname)%00%(upstream:track)%00%(upstream:remotename)%00%(upstream:remoteref) refs/heads/main refs/remotes/main [18ms]
2024-02-27 15:22:42.046 [warning] ENOENT: no such file or directory, open '/root/ros_ws/src/assignment_2_2023/.git/refs/remotes/origin/main'
2024-02-27 15:22:42.060 [info] > git rev-parse refs/remotes/origin/main [13ms]
2024-02-27 15:22:42.170 [info] > git status -z -uall [44ms]
2024-02-27 15:22:47.366 [info] > git config --get commit.template [66ms]
2024-02-27 15:22:47.374 [info] > git for-each-ref --format=%(refname)%00%(upstream:short)%00%(objectname)%00%(upstream:track)%00%(upstream:remotename)%00%(upstream:remoteref) refs/heads/main refs/remotes/main [13ms]
2024-02-27 15:22:47.432 [warning] ENOENT: no such file or directory, open '/root/ros_ws/src/assignment_2_2023/.git/refs/remotes/origin/main'
2024-02-27 15:22:47.444 [info] > git rev-parse refs/remotes/origin/main [12ms]
2024-02-27 15:22:47.537 [info] > git status -z -uall [39ms]
2024-02-27 15:22:52.776 [info] > git for-each-ref --format=%(refname)%00%(upstream:short)%00%(objectname)%00%(upstream:track)%00%(upstream:remotename)%00%(upstream:remoteref) refs/heads/main refs/remotes/main [23ms]
2024-02-27 15:22:52.778 [info] > git config --get commit.template [95ms]
2024-02-27 15:22:52.839 [warning] ENOENT: no such file or directory, open '/root/ros_ws/src/assignment_2_2023/.git/refs/remotes/origin/main'
2024-02-27 15:22:52.849 [info] > git rev-parse refs/remotes/origin/main [11ms]
2024-02-27 15:22:52.951 [info] > git status -z -uall [42ms]
2024-02-27 15:22:58.149 [info] > git config --get commit.template [74ms]
2024-02-27 15:22:58.159 [info] > git for-each-ref --format=%(refname)%00%(upstream:short)%00%(objectname)%00%(upstream:track)%00%(upstream:remotename)%00%(upstream:remoteref) refs/heads/main refs/remotes/main [14ms]
2024-02-27 15:22:58.219 [warning] ENOENT: no such file or directory, open '/root/ros_ws/src/assignment_2_2023/.git/refs/remotes/origin/main'
2024-02-27 15:22:58.245 [info] > git rev-parse refs/remotes/origin/main [25ms]
2024-02-27 15:22:58.350 [info] > git status -z -uall [45ms]
2024-02-27 15:23:03.553 [info] > git config --get commit.template [66ms]
2024-02-27 15:23:03.562 [info] > git for-each-ref --format=%(refname)%00%(upstream:short)%00%(objectname)%00%(upstream:track)%00%(upstream:remotename)%00%(upstream:remoteref) refs/heads/main refs/remotes/main [12ms]
2024-02-27 15:23:03.618 [warning] ENOENT: no such file or directory, open '/root/ros_ws/src/assignment_2_2023/.git/refs/remotes/origin/main'
2024-02-27 15:23:03.632 [info] > git rev-parse refs/remotes/origin/main [13ms]
2024-02-27 15:23:03.728 [info] > git status -z -uall [38ms]
2024-02-27 15:23:08.948 [info] > git config --get commit.template [90ms]
2024-02-27 15:23:08.953 [info] > git for-each-ref --format=%(refname)%00%(upstream:short)%00%(objectname)%00%(upstream:track)%00%(upstream:remotename)%00%(upstream:remoteref) refs/heads/main refs/remotes/main [17ms]
2024-02-27 15:23:09.027 [warning] ENOENT: no such file or directory, open '/root/ros_ws/src/assignment_2_2023/.git/refs/remotes/origin/main'
2024-02-27 15:23:09.042 [info] > git rev-parse refs/remotes/origin/main [14ms]
2024-02-27 15:23:09.160 [info] > git status -z -uall [46ms]
2024-02-27 15:23:14.364 [info] > git config --get commit.template [77ms]
2024-02-27 15:23:14.366 [info] > git for-each-ref --format=%(refname)%00%(upstream:short)%00%(objectname)%00%(upstream:track)%00%(upstream:remotename)%00%(upstream:remoteref) refs/heads/main refs/remotes/main [16ms]
2024-02-27 15:23:14.425 [warning] ENOENT: no such file or directory, open '/root/ros_ws/src/assignment_2_2023/.git/refs/remotes/origin/main'
2024-02-27 15:23:14.437 [info] > git rev-parse refs/remotes/origin/main [11ms]
2024-02-27 15:23:14.547 [info] > git status -z -uall [41ms]
2024-02-27 15:23:19.814 [info] > git for-each-ref --format=%(refname)%00%(upstream:short)%00%(objectname)%00%(upstream:track)%00%(upstream:remotename)%00%(upstream:remoteref) refs/heads/main refs/remotes/main [50ms]
2024-02-27 15:23:19.815 [info] > git config --get commit.template [123ms]
2024-02-27 15:23:19.900 [warning] ENOENT: no such file or directory, open '/root/ros_ws/src/assignment_2_2023/.git/refs/remotes/origin/main'
2024-02-27 15:23:19.912 [info] > git rev-parse refs/remotes/origin/main [13ms]
2024-02-27 15:23:20.024 [info] > git status -z -uall [37ms]
2024-02-27 15:23:25.230 [info] > git config --get commit.template [73ms]
2024-02-27 15:23:25.240 [info] > git for-each-ref --format=%(refname)%00%(upstream:short)%00%(objectname)%00%(upstream:track)%00%(upstream:remotename)%00%(upstream:remoteref) refs/heads/main refs/remotes/main [14ms]
2024-02-27 15:23:25.297 [warning] ENOENT: no such file or directory, open '/root/ros_ws/src/assignment_2_2023/.git/refs/remotes/origin/main'
2024-02-27 15:23:25.308 [info] > git rev-parse refs/remotes/origin/main [11ms]
2024-02-27 15:23:25.402 [info] > git status -z -uall [37ms]
2024-02-27 15:23:30.616 [info] > git config --get commit.template [80ms]
2024-02-27 15:23:30.618 [info] > git for-each-ref --format=%(refname)%00%(upstream:short)%00%(objectname)%00%(upstream:track)%00%(upstream:remotename)%00%(upstream:remoteref) refs/heads/main refs/remotes/main [19ms]
2024-02-27 15:23:30.674 [warning] ENOENT: no such file or directory, open '/root/ros_ws/src/assignment_2_2023/.git/refs/remotes/origin/main'
2024-02-27 15:23:30.688 [info] > git rev-parse refs/remotes/origin/main [14ms]
2024-02-27 15:23:30.791 [info] > git status -z -uall [40ms]
2024-02-27 15:23:35.985 [info] > git config --get commit.template [68ms]
2024-02-27 15:23:35.995 [info] > git for-each-ref --format=%(refname)%00%(upstream:short)%00%(objectname)%00%(upstream:track)%00%(upstream:remotename)%00%(upstream:remoteref) refs/heads/main refs/remotes/main [13ms]
2024-02-27 15:23:36.050 [warning] ENOENT: no such file or directory, open '/root/ros_ws/src/assignment_2_2023/.git/refs/remotes/origin/main'
2024-02-27 15:23:36.061 [info] > git rev-parse refs/remotes/origin/main [11ms]
2024-02-27 15:23:36.162 [info] > git status -z -uall [45ms]
2024-02-27 15:23:41.368 [info] > git config --get commit.template [64ms]
2024-02-27 15:23:41.377 [info] > git for-each-ref --format=%(refname)%00%(upstream:short)%00%(objectname)%00%(upstream:track)%00%(upstream:remotename)%00%(upstream:remoteref) refs/heads/main refs/remotes/main [12ms]
2024-02-27 15:23:41.436 [warning] ENOENT: no such file or directory, open '/root/ros_ws/src/assignment_2_2023/.git/refs/remotes/origin/main'
2024-02-27 15:23:41.448 [info] > git rev-parse refs/remotes/origin/main [12ms]
2024-02-27 15:23:41.543 [info] > git status -z -uall [39ms]
2024-02-27 15:23:46.741 [info] > git config --get commit.template [72ms]
2024-02-27 15:23:46.745 [info] > git for-each-ref --format=%(refname)%00%(upstream:short)%00%(objectname)%00%(upstream:track)%00%(upstream:remotename)%00%(upstream:remoteref) refs/heads/main refs/remotes/main [16ms]
2024-02-27 15:23:46.805 [warning] ENOENT: no such file or directory, open '/root/ros_ws/src/assignment_2_2023/.git/refs/remotes/origin/main'
2024-02-27 15:23:46.817 [info] > git rev-parse refs/remotes/origin/main [12ms]
2024-02-27 15:23:46.909 [info] > git status -z -uall [39ms]
2024-02-27 15:23:52.082 [info] > git config --get commit.template [60ms]
2024-02-27 15:23:52.092 [info] > git for-each-ref --format=%(refname)%00%(upstream:short)%00%(objectname)%00%(upstream:track)%00%(upstream:remotename)%00%(upstream:remoteref) refs/heads/main refs/remotes/main [13ms]
2024-02-27 15:23:52.144 [warning] ENOENT: no such file or directory, open '/root/ros_ws/src/assignment_2_2023/.git/refs/remotes/origin/main'
2024-02-27 15:23:52.162 [info] > git rev-parse refs/remotes/origin/main [19ms]
2024-02-27 15:23:52.256 [info] > git status -z -uall [37ms]
2024-02-27 15:23:57.489 [info] > git config --get commit.template [67ms]
2024-02-27 15:23:57.503 [info] > git for-each-ref --format=%(refname)%00%(upstream:short)%00%(objectname)%00%(upstream:track)%00%(upstream:remotename)%00%(upstream:remoteref) refs/heads/main refs/remotes/main [18ms]
2024-02-27 15:23:57.558 [warning] ENOENT: no such file or directory, open '/root/ros_ws/src/assignment_2_2023/.git/refs/remotes/origin/main'
2024-02-27 15:23:57.570 [info] > git rev-parse refs/remotes/origin/main [11ms]
2024-02-27 15:23:57.660 [info] > git status -z -uall [37ms]
2024-02-27 15:24:02.855 [info] > git config --get commit.template [71ms]
2024-02-27 15:24:02.869 [info] > git for-each-ref --format=%(refname)%00%(upstream:short)%00%(objectname)%00%(upstream:track)%00%(upstream:remotename)%00%(upstream:remoteref) refs/heads/main refs/remotes/main [17ms]
2024-02-27 15:24:02.924 [warning] ENOENT: no such file or directory, open '/root/ros_ws/src/assignment_2_2023/.git/refs/remotes/origin/main'
2024-02-27 15:24:02.944 [info] > git rev-parse refs/remotes/origin/main [20ms]
2024-02-27 15:24:03.058 [info] > git status -z -uall [43ms]
2024-02-27 15:24:08.244 [info] > git config --get commit.template [68ms]
2024-02-27 15:24:08.252 [info] > git for-each-ref --format=%(refname)%00%(upstream:short)%00%(objectname)%00%(upstream:track)%00%(upstream:remotename)%00%(upstream:remoteref) refs/heads/main refs/remotes/main [13ms]
2024-02-27 15:24:08.314 [warning] ENOENT: no such file or directory, open '/root/ros_ws/src/assignment_2_2023/.git/refs/remotes/origin/main'
2024-02-27 15:24:08.336 [info] > git rev-parse refs/remotes/origin/main [22ms]
2024-02-27 15:24:08.446 [info] > git status -z -uall [43ms]
2024-02-27 15:24:13.585 [info] > git config --get commit.template [11ms]
2024-02-27 15:24:13.659 [info] > git for-each-ref --format=%(refname)%00%(upstream:short)%00%(objectname)%00%(upstream:track)%00%(upstream:remotename)%00%(upstream:remoteref) refs/heads/main refs/remotes/main [17ms]
2024-02-27 15:24:13.720 [warning] ENOENT: no such file or directory, open '/root/ros_ws/src/assignment_2_2023/.git/refs/remotes/origin/main'
2024-02-27 15:24:13.734 [info] > git rev-parse refs/remotes/origin/main [13ms]
2024-02-27 15:24:13.835 [info] > git status -z -uall [41ms]
2024-02-27 15:24:19.019 [info] > git config --get commit.template [66ms]
2024-02-27 15:24:19.028 [info] > git for-each-ref --format=%(refname)%00%(upstream:short)%00%(objectname)%00%(upstream:track)%00%(upstream:remotename)%00%(upstream:remoteref) refs/heads/main refs/remotes/main [14ms]
2024-02-27 15:24:19.093 [warning] ENOENT: no such file or directory, open '/root/ros_ws/src/assignment_2_2023/.git/refs/remotes/origin/main'
2024-02-27 15:24:19.106 [info] > git rev-parse refs/remotes/origin/main [14ms]
2024-02-27 15:24:19.217 [info] > git status -z -uall [43ms]
2024-02-27 15:24:24.443 [info] > git config --get commit.template [69ms]
2024-02-27 15:24:24.449 [info] > git for-each-ref --format=%(refname)%00%(upstream:short)%00%(objectname)%00%(upstream:track)%00%(upstream:remotename)%00%(upstream:remoteref) refs/heads/main refs/remotes/main [18ms]
2024-02-27 15:24:24.506 [warning] ENOENT: no such file or directory, open '/root/ros_ws/src/assignment_2_2023/.git/refs/remotes/origin/main'
2024-02-27 15:24:24.518 [info] > git rev-parse refs/remotes/origin/main [12ms]
2024-02-27 15:24:24.622 [info] > git status -z -uall [40ms]
2024-02-27 15:24:29.819 [info] > git config --get commit.template [64ms]
2024-02-27 15:24:29.831 [info] > git for-each-ref --format=%(refname)%00%(upstream:short)%00%(objectname)%00%(upstream:track)%00%(upstream:remotename)%00%(upstream:remoteref) refs/heads/main refs/remotes/main [16ms]
2024-02-27 15:24:29.887 [warning] ENOENT: no such file or directory, open '/root/ros_ws/src/assignment_2_2023/.git/refs/remotes/origin/main'
2024-02-27 15:24:29.898 [info] > git rev-parse refs/remotes/origin/main [12ms]
2024-02-27 15:24:29.987 [info] > git status -z -uall [34ms]
2024-02-27 15:24:35.189 [info] > git config --get commit.template [66ms]
2024-02-27 15:24:35.198 [info] > git for-each-ref --format=%(refname)%00%(upstream:short)%00%(objectname)%00%(upstream:track)%00%(upstream:remotename)%00%(upstream:remoteref) refs/heads/main refs/remotes/main [14ms]
2024-02-27 15:24:35.260 [warning] ENOENT: no such file or directory, open '/root/ros_ws/src/assignment_2_2023/.git/refs/remotes/origin/main'
2024-02-27 15:24:35.274 [info] > git rev-parse refs/remotes/origin/main [14ms]
2024-02-27 15:24:35.379 [info] > git status -z -uall [45ms]
2024-02-27 15:24:40.584 [info] > git config --get commit.template [74ms]
2024-02-27 15:24:40.593 [info] > git for-each-ref --format=%(refname)%00%(upstream:short)%00%(objectname)%00%(upstream:track)%00%(upstream:remotename)%00%(upstream:remoteref) refs/heads/main refs/remotes/main [15ms]
2024-02-27 15:24:40.652 [warning] ENOENT: no such file or directory, open '/root/ros_ws/src/assignment_2_2023/.git/refs/remotes/origin/main'
2024-02-27 15:24:40.665 [info] > git rev-parse refs/remotes/origin/main [13ms]
2024-02-27 15:24:40.771 [info] > git status -z -uall [50ms]
2024-02-27 15:24:45.957 [info] > git config --get commit.template [66ms]
2024-02-27 15:24:45.967 [info] > git for-each-ref --format=%(refname)%00%(upstream:short)%00%(objectname)%00%(upstream:track)%00%(upstream:remotename)%00%(upstream:remoteref) refs/heads/main refs/remotes/main [14ms]
2024-02-27 15:24:46.025 [warning] ENOENT: no such file or directory, open '/root/ros_ws/src/assignment_2_2023/.git/refs/remotes/origin/main'
2024-02-27 15:24:46.035 [info] > git rev-parse refs/remotes/origin/main [10ms]
2024-02-27 15:24:46.129 [info] > git status -z -uall [38ms]
2024-02-27 15:24:51.327 [info] > git config --get commit.template [63ms]
2024-02-27 15:24:51.336 [info] > git for-each-ref --format=%(refname)%00%(upstream:short)%00%(objectname)%00%(upstream:track)%00%(upstream:remotename)%00%(upstream:remoteref) refs/heads/main refs/remotes/main [13ms]
2024-02-27 15:24:51.394 [warning] ENOENT: no such file or directory, open '/root/ros_ws/src/assignment_2_2023/.git/refs/remotes/origin/main'
2024-02-27 15:24:51.405 [info] > git rev-parse refs/remotes/origin/main [12ms]
2024-02-27 15:24:51.500 [info] > git status -z -uall [38ms]
2024-02-27 15:24:56.651 [info] > git config --get commit.template [12ms]
2024-02-27 15:24:56.720 [info] > git for-each-ref --format=%(refname)%00%(upstream:short)%00%(objectname)%00%(upstream:track)%00%(upstream:remotename)%00%(upstream:remoteref) refs/heads/main refs/remotes/main [13ms]
2024-02-27 15:24:56.786 [warning] ENOENT: no such file or directory, open '/root/ros_ws/src/assignment_2_2023/.git/refs/remotes/origin/main'
2024-02-27 15:24:56.799 [info] > git rev-parse refs/remotes/origin/main [12ms]
2024-02-27 15:24:56.898 [info] > git status -z -uall [37ms]
2024-02-27 15:25:02.026 [info] > git config --get commit.template [12ms]
2024-02-27 15:25:02.098 [info] > git for-each-ref --format=%(refname)%00%(upstream:short)%00%(objectname)%00%(upstream:track)%00%(upstream:remotename)%00%(upstream:remoteref) refs/heads/main refs/remotes/main [13ms]
2024-02-27 15:25:02.154 [warning] ENOENT: no such file or directory, open '/root/ros_ws/src/assignment_2_2023/.git/refs/remotes/origin/main'
2024-02-27 15:25:02.165 [info] > git rev-parse refs/remotes/origin/main [10ms]
2024-02-27 15:25:02.266 [info] > git status -z -uall [37ms]
2024-02-27 15:25:07.512 [info] > git config --get commit.template [85ms]
2024-02-27 15:25:07.520 [info] > git for-each-ref --format=%(refname)%00%(upstream:short)%00%(objectname)%00%(upstream:track)%00%(upstream:remotename)%00%(upstream:remoteref) refs/heads/main refs/remotes/main [17ms]
2024-02-27 15:25:07.604 [warning] ENOENT: no such file or directory, open '/root/ros_ws/src/assignment_2_2023/.git/refs/remotes/origin/main'
2024-02-27 15:25:07.617 [info] > git rev-parse refs/remotes/origin/main [13ms]
2024-02-27 15:25:07.728 [info] > git status -z -uall [42ms]
2024-02-27 15:25:12.944 [info] > git config --get commit.template [70ms]
2024-02-27 15:25:12.950 [info] > git for-each-ref --format=%(refname)%00%(upstream:short)%00%(objectname)%00%(upstream:track)%00%(upstream:remotename)%00%(upstream:remoteref) refs/heads/main refs/remotes/main [14ms]
2024-02-27 15:25:13.009 [warning] ENOENT: no such file or directory, open '/root/ros_ws/src/assignment_2_2023/.git/refs/remotes/origin/main'
2024-02-27 15:25:13.020 [info] > git rev-parse refs/remotes/origin/main [11ms]
2024-02-27 15:25:13.126 [info] > git status -z -uall [39ms]
2024-02-27 15:25:18.329 [info] > git config --get commit.template [70ms]
2024-02-27 15:25:18.338 [info] > git for-each-ref --format=%(refname)%00%(upstream:short)%00%(objectname)%00%(upstream:track)%00%(upstream:remotename)%00%(upstream:remoteref) refs/heads/main refs/remotes/main [15ms]
2024-02-27 15:25:18.392 [warning] ENOENT: no such file or directory, open '/root/ros_ws/src/assignment_2_2023/.git/refs/remotes/origin/main'
2024-02-27 15:25:18.409 [info] > git rev-parse refs/remotes/origin/main [16ms]
2024-02-27 15:25:18.506 [info] > git status -z -uall [38ms]
2024-02-27 15:25:23.715 [info] > git config --get commit.template [68ms]
2024-02-27 15:25:23.730 [info] > git for-each-ref --format=%(refname)%00%(upstream:short)%00%(objectname)%00%(upstream:track)%00%(upstream:remotename)%00%(upstream:remoteref) refs/heads/main refs/remotes/main [16ms]
2024-02-27 15:25:23.790 [warning] ENOENT: no such file or directory, open '/root/ros_ws/src/assignment_2_2023/.git/refs/remotes/origin/main'
2024-02-27 15:25:23.807 [info] > git rev-parse refs/remotes/origin/main [16ms]
2024-02-27 15:25:23.940 [info] > git status -z -uall [54ms]
2024-02-27 15:25:29.249 [info] > git config --get commit.template [79ms]
2024-02-27 15:25:29.253 [info] > git for-each-ref --format=%(refname)%00%(upstream:short)%00%(objectname)%00%(upstream:track)%00%(upstream:remotename)%00%(upstream:remoteref) refs/heads/main refs/remotes/main [15ms]
2024-02-27 15:25:29.318 [warning] ENOENT: no such file or directory, open '/root/ros_ws/src/assignment_2_2023/.git/refs/remotes/origin/main'
2024-02-27 15:25:29.330 [info] > git rev-parse refs/remotes/origin/main [12ms]
2024-02-27 15:25:29.447 [info] > git status -z -uall [46ms]
2024-02-27 15:25:34.596 [info] > git config --get commit.template [12ms]
2024-02-27 15:25:34.668 [info] > git for-each-ref --format=%(refname)%00%(upstream:short)%00%(objectname)%00%(upstream:track)%00%(upstream:remotename)%00%(upstream:remoteref) refs/heads/main refs/remotes/main [16ms]
2024-02-27 15:25:34.727 [warning] ENOENT: no such file or directory, open '/root/ros_ws/src/assignment_2_2023/.git/refs/remotes/origin/main'
2024-02-27 15:25:34.740 [info] > git rev-parse refs/remotes/origin/main [13ms]
2024-02-27 15:25:34.835 [info] > git status -z -uall [41ms]
2024-02-27 15:25:40.030 [info] > git config --get commit.template [62ms]
2024-02-27 15:25:40.040 [info] > git for-each-ref --format=%(refname)%00%(upstream:short)%00%(objectname)%00%(upstream:track)%00%(upstream:remotename)%00%(upstream:remoteref) refs/heads/main refs/remotes/main [14ms]
2024-02-27 15:25:40.096 [warning] ENOENT: no such file or directory, open '/root/ros_ws/src/assignment_2_2023/.git/refs/remotes/origin/main'
2024-02-27 15:25:40.109 [info] > git rev-parse refs/remotes/origin/main [12ms]
2024-02-27 15:25:40.213 [info] > git status -z -uall [46ms]
2024-02-27 15:25:45.535 [info] > git config --get commit.template [68ms]
2024-02-27 15:25:45.541 [info] > git for-each-ref --format=%(refname)%00%(upstream:short)%00%(objectname)%00%(upstream:track)%00%(upstream:remotename)%00%(upstream:remoteref) refs/heads/main refs/remotes/main [18ms]
2024-02-27 15:25:45.603 [warning] ENOENT: no such file or directory, open '/root/ros_ws/src/assignment_2_2023/.git/refs/remotes/origin/main'
2024-02-27 15:25:45.617 [info] > git rev-parse refs/remotes/origin/main [13ms]
2024-02-27 15:25:45.719 [info] > git status -z -uall [42ms]
2024-02-27 15:25:50.938 [info] > git config --get commit.template [83ms]
2024-02-27 15:25:50.941 [info] > git for-each-ref --format=%(refname)%00%(upstream:short)%00%(objectname)%00%(upstream:track)%00%(upstream:remotename)%00%(upstream:remoteref) refs/heads/main refs/remotes/main [18ms]
2024-02-27 15:25:51.004 [warning] ENOENT: no such file or directory, open '/root/ros_ws/src/assignment_2_2023/.git/refs/remotes/origin/main'
2024-02-27 15:25:51.018 [info] > git rev-parse refs/remotes/origin/main [14ms]
2024-02-27 15:25:51.116 [info] > git status -z -uall [39ms]
2024-02-27 15:25:56.298 [info] > git config --get commit.template [63ms]
2024-02-27 15:25:56.309 [info] > git for-each-ref --format=%(refname)%00%(upstream:short)%00%(objectname)%00%(upstream:track)%00%(upstream:remotename)%00%(upstream:remoteref) refs/heads/main refs/remotes/main [16ms]
2024-02-27 15:25:56.369 [warning] ENOENT: no such file or directory, open '/root/ros_ws/src/assignment_2_2023/.git/refs/remotes/origin/main'
2024-02-27 15:25:56.385 [info] > git rev-parse refs/remotes/origin/main [17ms]
2024-02-27 15:25:56.482 [info] > git status -z -uall [42ms]
2024-02-27 15:26:01.678 [info] > git config --get commit.template [61ms]
2024-02-27 15:26:01.690 [info] > git for-each-ref --format=%(refname)%00%(upstream:short)%00%(objectname)%00%(upstream:track)%00%(upstream:remotename)%00%(upstream:remoteref) refs/heads/main refs/remotes/main [14ms]
2024-02-27 15:26:01.748 [warning] ENOENT: no such file or directory, open '/root/ros_ws/src/assignment_2_2023/.git/refs/remotes/origin/main'
2024-02-27 15:26:01.761 [info] > git rev-parse refs/remotes/origin/main [13ms]
2024-02-27 15:26:01.854 [info] > git status -z -uall [37ms]
2024-02-27 15:26:07.047 [info] > git config --get commit.template [72ms]
2024-02-27 15:26:07.056 [info] > git for-each-ref --format=%(refname)%00%(upstream:short)%00%(objectname)%00%(upstream:track)%00%(upstream:remotename)%00%(upstream:remoteref) refs/heads/main refs/remotes/main [17ms]
2024-02-27 15:26:07.108 [warning] ENOENT: no such file or directory, open '/root/ros_ws/src/assignment_2_2023/.git/refs/remotes/origin/main'
2024-02-27 15:26:07.122 [info] > git rev-parse refs/remotes/origin/main [13ms]
2024-02-27 15:26:07.212 [info] > git status -z -uall [36ms]
2024-02-27 15:26:12.402 [info] > git config --get commit.template [63ms]
2024-02-27 15:26:12.412 [info] > git for-each-ref --format=%(refname)%00%(upstream:short)%00%(objectname)%00%(upstream:track)%00%(upstream:remotename)%00%(upstream:remoteref) refs/heads/main refs/remotes/main [13ms]
2024-02-27 15:26:12.469 [warning] ENOENT: no such file or directory, open '/root/ros_ws/src/assignment_2_2023/.git/refs/remotes/origin/main'
2024-02-27 15:26:12.480 [info] > git rev-parse refs/remotes/origin/main [10ms]
2024-02-27 15:26:12.574 [info] > git status -z -uall [37ms]
2024-02-27 15:26:17.705 [info] > git config --get commit.template [15ms]
2024-02-27 15:26:17.779 [info] > git for-each-ref --format=%(refname)%00%(upstream:short)%00%(objectname)%00%(upstream:track)%00%(upstream:remotename)%00%(upstream:remoteref) refs/heads/main refs/remotes/main [16ms]
2024-02-27 15:26:17.840 [warning] ENOENT: no such file or directory, open '/root/ros_ws/src/assignment_2_2023/.git/refs/remotes/origin/main'
2024-02-27 15:26:17.854 [info] > git rev-parse refs/remotes/origin/main [15ms]
2024-02-27 15:26:17.955 [info] > git status -z -uall [39ms]
2024-02-27 15:26:23.156 [info] > git config --get commit.template [69ms]
2024-02-27 15:26:23.165 [info] > git for-each-ref --format=%(refname)%00%(upstream:short)%00%(objectname)%00%(upstream:track)%00%(upstream:remotename)%00%(upstream:remoteref) refs/heads/main refs/remotes/main [14ms]
2024-02-27 15:26:23.220 [warning] ENOENT: no such file or directory, open '/root/ros_ws/src/assignment_2_2023/.git/refs/remotes/origin/main'
2024-02-27 15:26:23.231 [info] > git rev-parse refs/remotes/origin/main [12ms]
2024-02-27 15:26:23.326 [info] > git status -z -uall [35ms]
2024-02-27 15:26:28.526 [info] > git config --get commit.template [71ms]
2024-02-27 15:26:28.530 [info] > git for-each-ref --format=%(refname)%00%(upstream:short)%00%(objectname)%00%(upstream:track)%00%(upstream:remotename)%00%(upstream:remoteref) refs/heads/main refs/remotes/main [15ms]
2024-02-27 15:26:28.591 [warning] ENOENT: no such file or directory, open '/root/ros_ws/src/assignment_2_2023/.git/refs/remotes/origin/main'
2024-02-27 15:26:28.604 [info] > git rev-parse refs/remotes/origin/main [13ms]
2024-02-27 15:26:28.703 [info] > git status -z -uall [41ms]
2024-02-27 15:26:33.897 [info] > git config --get commit.template [67ms]
2024-02-27 15:26:33.906 [info] > git for-each-ref --format=%(refname)%00%(upstream:short)%00%(objectname)%00%(upstream:track)%00%(upstream:remotename)%00%(upstream:remoteref) refs/heads/main refs/remotes/main [14ms]
2024-02-27 15:26:33.961 [warning] ENOENT: no such file or directory, open '/root/ros_ws/src/assignment_2_2023/.git/refs/remotes/origin/main'
2024-02-27 15:26:33.972 [info] > git rev-parse refs/remotes/origin/main [11ms]
2024-02-27 15:26:34.073 [info] > git status -z -uall [46ms]
2024-02-27 15:26:39.259 [info] > git config --get commit.template [66ms]
2024-02-27 15:26:39.270 [info] > git for-each-ref --format=%(refname)%00%(upstream:short)%00%(objectname)%00%(upstream:track)%00%(upstream:remotename)%00%(upstream:remoteref) refs/heads/main refs/remotes/main [16ms]
2024-02-27 15:26:39.339 [warning] ENOENT: no such file or directory, open '/root/ros_ws/src/assignment_2_2023/.git/refs/remotes/origin/main'
2024-02-27 15:26:39.353 [info] > git rev-parse refs/remotes/origin/main [15ms]
2024-02-27 15:26:39.449 [info] > git status -z -uall [40ms]
2024-02-27 15:26:44.651 [info] > git config --get commit.template [70ms]
2024-02-27 15:26:44.653 [info] > git for-each-ref --format=%(refname)%00%(upstream:short)%00%(objectname)%00%(upstream:track)%00%(upstream:remotename)%00%(upstream:remoteref) refs/heads/main refs/remotes/main [16ms]
2024-02-27 15:26:44.706 [warning] ENOENT: no such file or directory, open '/root/ros_ws/src/assignment_2_2023/.git/refs/remotes/origin/main'
2024-02-27 15:26:44.718 [info] > git rev-parse refs/remotes/origin/main [13ms]
2024-02-27 15:26:44.814 [info] > git status -z -uall [37ms]
2024-02-27 15:26:49.996 [info] > git config --get commit.template [61ms]
2024-02-27 15:26:50.005 [info] > git for-each-ref --format=%(refname)%00%(upstream:short)%00%(objectname)%00%(upstream:track)%00%(upstream:remotename)%00%(upstream:remoteref) refs/heads/main refs/remotes/main [14ms]
2024-02-27 15:26:50.063 [warning] ENOENT: no such file or directory, open '/root/ros_ws/src/assignment_2_2023/.git/refs/remotes/origin/main'
2024-02-27 15:26:50.075 [info] > git rev-parse refs/remotes/origin/main [13ms]
2024-02-27 15:26:50.168 [info] > git status -z -uall [38ms]
2024-02-27 15:26:55.370 [info] > git config --get commit.template [72ms]
2024-02-27 15:26:55.383 [info] > git for-each-ref --format=%(refname)%00%(upstream:short)%00%(objectname)%00%(upstream:track)%00%(upstream:remotename)%00%(upstream:remoteref) refs/heads/main refs/remotes/main [18ms]
2024-02-27 15:26:55.439 [warning] ENOENT: no such file or directory, open '/root/ros_ws/src/assignment_2_2023/.git/refs/remotes/origin/main'
2024-02-27 15:26:55.453 [info] > git rev-parse refs/remotes/origin/main [14ms]
2024-02-27 15:26:55.550 [info] > git status -z -uall [41ms]
2024-02-27 15:27:00.780 [info] > git config --get commit.template [88ms]
2024-02-27 15:27:00.783 [info] > git for-each-ref --format=%(refname)%00%(upstream:short)%00%(objectname)%00%(upstream:track)%00%(upstream:remotename)%00%(upstream:remoteref) refs/heads/main refs/remotes/main [21ms]
2024-02-27 15:27:00.854 [warning] ENOENT: no such file or directory, open '/root/ros_ws/src/assignment_2_2023/.git/refs/remotes/origin/main'
2024-02-27 15:27:00.870 [info] > git rev-parse refs/remotes/origin/main [16ms]
2024-02-27 15:27:00.973 [info] > git status -z -uall [44ms]
2024-02-27 15:27:06.155 [info] > git config --get commit.template [62ms]
2024-02-27 15:27:06.164 [info] > git for-each-ref --format=%(refname)%00%(upstream:short)%00%(objectname)%00%(upstream:track)%00%(upstream:remotename)%00%(upstream:remoteref) refs/heads/main refs/remotes/main [13ms]
2024-02-27 15:27:06.219 [warning] ENOENT: no such file or directory, open '/root/ros_ws/src/assignment_2_2023/.git/refs/remotes/origin/main'
2024-02-27 15:27:06.233 [info] > git rev-parse refs/remotes/origin/main [14ms]
2024-02-27 15:27:06.333 [info] > git status -z -uall [40ms]
2024-02-27 15:27:11.521 [info] > git config --get commit.template [66ms]
2024-02-27 15:27:11.533 [info] > git for-each-ref --format=%(refname)%00%(upstream:short)%00%(objectname)%00%(upstream:track)%00%(upstream:remotename)%00%(upstream:remoteref) refs/heads/main refs/remotes/main [17ms]
2024-02-27 15:27:11.589 [warning] ENOENT: no such file or directory, open '/root/ros_ws/src/assignment_2_2023/.git/refs/remotes/origin/main'
2024-02-27 15:27:11.602 [info] > git rev-parse refs/remotes/origin/main [13ms]
2024-02-27 15:27:11.699 [info] > git status -z -uall [38ms]
2024-02-27 15:27:16.887 [info] > git config --get commit.template [66ms]
2024-02-27 15:27:16.896 [info] > git for-each-ref --format=%(refname)%00%(upstream:short)%00%(objectname)%00%(upstream:track)%00%(upstream:remotename)%00%(upstream:remoteref) refs/heads/main refs/remotes/main [14ms]
2024-02-27 15:27:16.953 [warning] ENOENT: no such file or directory, open '/root/ros_ws/src/assignment_2_2023/.git/refs/remotes/origin/main'
2024-02-27 15:27:16.967 [info] > git rev-parse refs/remotes/origin/main [15ms]
2024-02-27 15:27:17.071 [info] > git status -z -uall [46ms]
2024-02-27 15:27:22.270 [info] > git config --get commit.template [66ms]
2024-02-27 15:27:22.278 [info] > git for-each-ref --format=%(refname)%00%(upstream:short)%00%(objectname)%00%(upstream:track)%00%(upstream:remotename)%00%(upstream:remoteref) refs/heads/main refs/remotes/main [15ms]
2024-02-27 15:27:22.332 [warning] ENOENT: no such file or directory, open '/root/ros_ws/src/assignment_2_2023/.git/refs/remotes/origin/main'
2024-02-27 15:27:22.342 [info] > git rev-parse refs/remotes/origin/main [10ms]
2024-02-27 15:27:22.438 [info] > git status -z -uall [42ms]
2024-02-27 15:27:27.655 [info] > git config --get commit.template [61ms]
2024-02-27 15:27:27.664 [info] > git for-each-ref --format=%(refname)%00%(upstream:short)%00%(objectname)%00%(upstream:track)%00%(upstream:remotename)%00%(upstream:remoteref) refs/heads/main refs/remotes/main [13ms]
2024-02-27 15:27:27.719 [warning] ENOENT: no such file or directory, open '/root/ros_ws/src/assignment_2_2023/.git/refs/remotes/origin/main'
2024-02-27 15:27:27.733 [info] > git rev-parse refs/remotes/origin/main [15ms]
2024-02-27 15:27:27.836 [info] > git status -z -uall [37ms]
2024-02-27 15:27:32.983 [info] > git config --get commit.template [14ms]
2024-02-27 15:27:33.057 [info] > git for-each-ref --format=%(refname)%00%(upstream:short)%00%(objectname)%00%(upstream:track)%00%(upstream:remotename)%00%(upstream:remoteref) refs/heads/main refs/remotes/main [17ms]
2024-02-27 15:27:33.113 [warning] ENOENT: no such file or directory, open '/root/ros_ws/src/assignment_2_2023/.git/refs/remotes/origin/main'
2024-02-27 15:27:33.124 [info] > git rev-parse refs/remotes/origin/main [12ms]
2024-02-27 15:27:33.224 [info] > git status -z -uall [43ms]
2024-02-27 15:27:38.406 [info] > git config --get commit.template [65ms]
2024-02-27 15:27:38.414 [info] > git for-each-ref --format=%(refname)%00%(upstream:short)%00%(objectname)%00%(upstream:track)%00%(upstream:remotename)%00%(upstream:remoteref) refs/heads/main refs/remotes/main [12ms]
2024-02-27 15:27:38.469 [warning] ENOENT: no such file or directory, open '/root/ros_ws/src/assignment_2_2023/.git/refs/remotes/origin/main'
2024-02-27 15:27:38.485 [info] > git rev-parse refs/remotes/origin/main [16ms]
2024-02-27 15:27:38.582 [info] > git status -z -uall [42ms]
2024-02-27 15:27:43.835 [info] > git for-each-ref --format=%(refname)%00%(upstream:short)%00%(objectname)%00%(upstream:track)%00%(upstream:remotename)%00%(upstream:remoteref) refs/heads/main refs/remotes/main [19ms]
2024-02-27 15:27:43.837 [info] > git config --get commit.template [96ms]
2024-02-27 15:27:43.902 [warning] ENOENT: no such file or directory, open '/root/ros_ws/src/assignment_2_2023/.git/refs/remotes/origin/main'
2024-02-27 15:27:43.915 [info] > git rev-parse refs/remotes/origin/main [12ms]
2024-02-27 15:27:44.016 [info] > git status -z -uall [42ms]
2024-02-27 15:27:49.227 [info] > git config --get commit.template [79ms]
2024-02-27 15:27:49.237 [info] > git for-each-ref --format=%(refname)%00%(upstream:short)%00%(objectname)%00%(upstream:track)%00%(upstream:remotename)%00%(upstream:remoteref) refs/heads/main refs/remotes/main [19ms]
2024-02-27 15:27:49.306 [warning] ENOENT: no such file or directory, open '/root/ros_ws/src/assignment_2_2023/.git/refs/remotes/origin/main'
2024-02-27 15:27:49.322 [info] > git rev-parse refs/remotes/origin/main [17ms]
2024-02-27 15:27:49.437 [info] > git status -z -uall [40ms]
2024-02-27 15:27:54.648 [info] > git config --get commit.template [81ms]
2024-02-27 15:27:54.655 [info] > git for-each-ref --format=%(refname)%00%(upstream:short)%00%(objectname)%00%(upstream:track)%00%(upstream:remotename)%00%(upstream:remoteref) refs/heads/main refs/remotes/main [16ms]
2024-02-27 15:27:54.716 [warning] ENOENT: no such file or directory, open '/root/ros_ws/src/assignment_2_2023/.git/refs/remotes/origin/main'
2024-02-27 15:27:54.730 [info] > git rev-parse refs/remotes/origin/main [14ms]
2024-02-27 15:27:54.851 [info] > git status -z -uall [53ms]
2024-02-27 15:28:00.039 [info] > git config --get commit.template [61ms]
2024-02-27 15:28:00.050 [info] > git for-each-ref --format=%(refname)%00%(upstream:short)%00%(objectname)%00%(upstream:track)%00%(upstream:remotename)%00%(upstream:remoteref) refs/heads/main refs/remotes/main [14ms]
2024-02-27 15:28:00.104 [warning] ENOENT: no such file or directory, open '/root/ros_ws/src/assignment_2_2023/.git/refs/remotes/origin/main'
2024-02-27 15:28:00.123 [info] > git rev-parse refs/remotes/origin/main [19ms]
2024-02-27 15:28:00.219 [info] > git status -z -uall [39ms]
2024-02-27 15:28:05.405 [info] > git config --get commit.template [64ms]
2024-02-27 15:28:05.414 [info] > git for-each-ref --format=%(refname)%00%(upstream:short)%00%(objectname)%00%(upstream:track)%00%(upstream:remotename)%00%(upstream:remoteref) refs/heads/main refs/remotes/main [12ms]
2024-02-27 15:28:05.473 [warning] ENOENT: no such file or directory, open '/root/ros_ws/src/assignment_2_2023/.git/refs/remotes/origin/main'
2024-02-27 15:28:05.485 [info] > git rev-parse refs/remotes/origin/main [13ms]
2024-02-27 15:28:05.599 [info] > git status -z -uall [46ms]
2024-02-27 15:28:10.772 [info] > git config --get commit.template [15ms]
2024-02-27 15:28:10.865 [info] > git for-each-ref --format=%(refname)%00%(upstream:short)%00%(objectname)%00%(upstream:track)%00%(upstream:remotename)%00%(upstream:remoteref) refs/heads/main refs/remotes/main [24ms]
2024-02-27 15:28:10.941 [warning] ENOENT: no such file or directory, open '/root/ros_ws/src/assignment_2_2023/.git/refs/remotes/origin/main'
2024-02-27 15:28:10.984 [info] > git rev-parse refs/remotes/origin/main [43ms]
2024-02-27 15:28:11.100 [info] > git status -z -uall [48ms]
2024-02-27 15:28:16.317 [info] > git config --get commit.template [77ms]
2024-02-27 15:28:16.326 [info] > git for-each-ref --format=%(refname)%00%(upstream:short)%00%(objectname)%00%(upstream:track)%00%(upstream:remotename)%00%(upstream:remoteref) refs/heads/main refs/remotes/main [15ms]
2024-02-27 15:28:16.380 [warning] ENOENT: no such file or directory, open '/root/ros_ws/src/assignment_2_2023/.git/refs/remotes/origin/main'
2024-02-27 15:28:16.395 [info] > git rev-parse refs/remotes/origin/main [14ms]
2024-02-27 15:28:16.490 [info] > git status -z -uall [40ms]
2024-02-27 15:28:21.676 [info] > git config --get commit.template [63ms]
2024-02-27 15:28:21.686 [info] > git for-each-ref --format=%(refname)%00%(upstream:short)%00%(objectname)%00%(upstream:track)%00%(upstream:remotename)%00%(upstream:remoteref) refs/heads/main refs/remotes/main [15ms]
2024-02-27 15:28:21.740 [warning] ENOENT: no such file or directory, open '/root/ros_ws/src/assignment_2_2023/.git/refs/remotes/origin/main'
2024-02-27 15:28:21.754 [info] > git rev-parse refs/remotes/origin/main [14ms]
2024-02-27 15:28:21.868 [info] > git status -z -uall [44ms]
2024-02-27 15:28:27.086 [info] > git for-each-ref --format=%(refname)%00%(upstream:short)%00%(objectname)%00%(upstream:track)%00%(upstream:remotename)%00%(upstream:remoteref) refs/heads/main refs/remotes/main [17ms]
2024-02-27 15:28:27.088 [info] > git config --get commit.template [92ms]
2024-02-27 15:28:27.157 [warning] ENOENT: no such file or directory, open '/root/ros_ws/src/assignment_2_2023/.git/refs/remotes/origin/main'
2024-02-27 15:28:27.168 [info] > git rev-parse refs/remotes/origin/main [11ms]
2024-02-27 15:28:27.272 [info] > git status -z -uall [44ms]
2024-02-27 15:28:32.472 [info] > git config --get commit.template [64ms]
2024-02-27 15:28:32.481 [info] > git for-each-ref --format=%(refname)%00%(upstream:short)%00%(objectname)%00%(upstream:track)%00%(upstream:remotename)%00%(upstream:remoteref) refs/heads/main refs/remotes/main [14ms]
2024-02-27 15:28:32.535 [warning] ENOENT: no such file or directory, open '/root/ros_ws/src/assignment_2_2023/.git/refs/remotes/origin/main'
2024-02-27 15:28:32.548 [info] > git rev-parse refs/remotes/origin/main [14ms]
2024-02-27 15:28:32.644 [info] > git status -z -uall [35ms]
2024-02-27 15:28:37.789 [info] > git config --get commit.template [17ms]
2024-02-27 15:28:37.855 [info] > git for-each-ref --format=%(refname)%00%(upstream:short)%00%(objectname)%00%(upstream:track)%00%(upstream:remotename)%00%(upstream:remoteref) refs/heads/main refs/remotes/main [14ms]
2024-02-27 15:28:37.911 [warning] ENOENT: no such file or directory, open '/root/ros_ws/src/assignment_2_2023/.git/refs/remotes/origin/main'
2024-02-27 15:28:37.924 [info] > git rev-parse refs/remotes/origin/main [13ms]
2024-02-27 15:28:38.020 [info] > git status -z -uall [41ms]
2024-02-27 15:28:43.221 [info] > git config --get commit.template [62ms]
2024-02-27 15:28:43.232 [info] > git for-each-ref --format=%(refname)%00%(upstream:short)%00%(objectname)%00%(upstream:track)%00%(upstream:remotename)%00%(upstream:remoteref) refs/heads/main refs/remotes/main [15ms]
2024-02-27 15:28:43.289 [warning] ENOENT: no such file or directory, open '/root/ros_ws/src/assignment_2_2023/.git/refs/remotes/origin/main'
2024-02-27 15:28:43.302 [info] > git rev-parse refs/remotes/origin/main [13ms]
2024-02-27 15:28:43.414 [info] > git status -z -uall [47ms]
2024-02-27 15:28:48.626 [info] > git for-each-ref --format=%(refname)%00%(upstream:short)%00%(objectname)%00%(upstream:track)%00%(upstream:remotename)%00%(upstream:remoteref) refs/heads/main refs/remotes/main [19ms]
2024-02-27 15:28:48.627 [info] > git config --get commit.template [82ms]
2024-02-27 15:28:48.682 [warning] ENOENT: no such file or directory, open '/root/ros_ws/src/assignment_2_2023/.git/refs/remotes/origin/main'
2024-02-27 15:28:48.693 [info] > git rev-parse refs/remotes/origin/main [11ms]
2024-02-27 15:28:48.801 [info] > git status -z -uall [44ms]
2024-02-27 15:28:53.994 [info] > git config --get commit.template [66ms]
2024-02-27 15:28:54.003 [info] > git for-each-ref --format=%(refname)%00%(upstream:short)%00%(objectname)%00%(upstream:track)%00%(upstream:remotename)%00%(upstream:remoteref) refs/heads/main refs/remotes/main [14ms]
2024-02-27 15:28:54.060 [warning] ENOENT: no such file or directory, open '/root/ros_ws/src/assignment_2_2023/.git/refs/remotes/origin/main'
2024-02-27 15:28:54.074 [info] > git rev-parse refs/remotes/origin/main [13ms]
2024-02-27 15:28:54.174 [info] > git status -z -uall [37ms]
2024-02-27 15:28:59.393 [info] > git config --get commit.template [84ms]
2024-02-27 15:28:59.404 [info] > git for-each-ref --format=%(refname)%00%(upstream:short)%00%(objectname)%00%(upstream:track)%00%(upstream:remotename)%00%(upstream:remoteref) refs/heads/main refs/remotes/main [17ms]
2024-02-27 15:28:59.473 [warning] ENOENT: no such file or directory, open '/root/ros_ws/src/assignment_2_2023/.git/refs/remotes/origin/main'
2024-02-27 15:28:59.501 [info] > git rev-parse refs/remotes/origin/main [28ms]
2024-02-27 15:28:59.628 [info] > git status -z -uall [56ms]
2024-02-27 15:29:04.852 [info] > git config --get commit.template [81ms]
2024-02-27 15:29:04.865 [info] > git for-each-ref --format=%(refname)%00%(upstream:short)%00%(objectname)%00%(upstream:track)%00%(upstream:remotename)%00%(upstream:remoteref) refs/heads/main refs/remotes/main [17ms]
2024-02-27 15:29:04.926 [warning] ENOENT: no such file or directory, open '/root/ros_ws/src/assignment_2_2023/.git/refs/remotes/origin/main'
2024-02-27 15:29:04.941 [info] > git rev-parse refs/remotes/origin/main [15ms]
2024-02-27 15:29:05.064 [info] > git status -z -uall [55ms]
2024-02-27 15:29:10.309 [info] > git config --get commit.template [91ms]
2024-02-27 15:29:10.317 [info] > git for-each-ref --format=%(refname)%00%(upstream:short)%00%(objectname)%00%(upstream:track)%00%(upstream:remotename)%00%(upstream:remoteref) refs/heads/main refs/remotes/main [17ms]
2024-02-27 15:29:10.392 [warning] ENOENT: no such file or directory, open '/root/ros_ws/src/assignment_2_2023/.git/refs/remotes/origin/main'
2024-02-27 15:29:10.405 [info] > git rev-parse refs/remotes/origin/main [14ms]
2024-02-27 15:29:10.515 [info] > git status -z -uall [44ms]
2024-02-27 15:29:15.722 [info] > git config --get commit.template [70ms]
2024-02-27 15:29:15.730 [info] > git for-each-ref --format=%(refname)%00%(upstream:short)%00%(objectname)%00%(upstream:track)%00%(upstream:remotename)%00%(upstream:remoteref) refs/heads/main refs/remotes/main [13ms]
2024-02-27 15:29:15.800 [warning] ENOENT: no such file or directory, open '/root/ros_ws/src/assignment_2_2023/.git/refs/remotes/origin/main'
2024-02-27 15:29:15.818 [info] > git rev-parse refs/remotes/origin/main [18ms]
2024-02-27 15:29:15.933 [info] > git status -z -uall [46ms]
2024-02-27 15:29:21.154 [info] > git config --get commit.template [73ms]
2024-02-27 15:29:21.166 [info] > git for-each-ref --format=%(refname)%00%(upstream:short)%00%(objectname)%00%(upstream:track)%00%(upstream:remotename)%00%(upstream:remoteref) refs/heads/main refs/remotes/main [16ms]
2024-02-27 15:29:21.224 [warning] ENOENT: no such file or directory, open '/root/ros_ws/src/assignment_2_2023/.git/refs/remotes/origin/main'
2024-02-27 15:29:21.239 [info] > git rev-parse refs/remotes/origin/main [16ms]
2024-02-27 15:29:21.342 [info] > git status -z -uall [45ms]
2024-02-27 15:29:26.510 [info] > git config --get commit.template [31ms]
2024-02-27 15:29:26.641 [info] > git for-each-ref --format=%(refname)%00%(upstream:short)%00%(objectname)%00%(upstream:track)%00%(upstream:remotename)%00%(upstream:remoteref) refs/heads/main refs/remotes/main [15ms]
2024-02-27 15:29:26.726 [warning] ENOENT: no such file or directory, open '/root/ros_ws/src/assignment_2_2023/.git/refs/remotes/origin/main'
2024-02-27 15:29:26.756 [info] > git rev-parse refs/remotes/origin/main [29ms]
2024-02-27 15:29:26.883 [info] > git status -z -uall [50ms]
2024-02-27 15:29:32.177 [info] > git config --get commit.template [87ms]
2024-02-27 15:29:32.182 [info] > git for-each-ref --format=%(refname)%00%(upstream:short)%00%(objectname)%00%(upstream:track)%00%(upstream:remotename)%00%(upstream:remoteref) refs/heads/main refs/remotes/main [18ms]
2024-02-27 15:29:32.245 [warning] ENOENT: no such file or directory, open '/root/ros_ws/src/assignment_2_2023/.git/refs/remotes/origin/main'
2024-02-27 15:29:32.257 [info] > git rev-parse refs/remotes/origin/main [12ms]
2024-02-27 15:29:32.356 [info] > git status -z -uall [41ms]
2024-02-27 15:29:37.562 [info] > git config --get commit.template [65ms]
2024-02-27 15:29:37.571 [info] > git for-each-ref --format=%(refname)%00%(upstream:short)%00%(objectname)%00%(upstream:track)%00%(upstream:remotename)%00%(upstream:remoteref) refs/heads/main refs/remotes/main [13ms]
2024-02-27 15:29:37.625 [warning] ENOENT: no such file or directory, open '/root/ros_ws/src/assignment_2_2023/.git/refs/remotes/origin/main'
2024-02-27 15:29:37.636 [info] > git rev-parse refs/remotes/origin/main [10ms]
2024-02-27 15:29:37.731 [info] > git status -z -uall [38ms]
2024-02-27 15:29:42.920 [info] > git config --get commit.template [63ms]
2024-02-27 15:29:42.930 [info] > git for-each-ref --format=%(refname)%00%(upstream:short)%00%(objectname)%00%(upstream:track)%00%(upstream:remotename)%00%(upstream:remoteref) refs/heads/main refs/remotes/main [14ms]
2024-02-27 15:29:42.989 [warning] ENOENT: no such file or directory, open '/root/ros_ws/src/assignment_2_2023/.git/refs/remotes/origin/main'
2024-02-27 15:29:43.000 [info] > git rev-parse refs/remotes/origin/main [11ms]
2024-02-27 15:29:43.109 [info] > git status -z -uall [44ms]
2024-02-27 15:29:48.269 [info] > git config --get commit.template [15ms]
2024-02-27 15:29:48.366 [info] > git for-each-ref --format=%(refname)%00%(upstream:short)%00%(objectname)%00%(upstream:track)%00%(upstream:remotename)%00%(upstream:remoteref) refs/heads/main refs/remotes/main [24ms]
2024-02-27 15:29:48.436 [warning] ENOENT: no such file or directory, open '/root/ros_ws/src/assignment_2_2023/.git/refs/remotes/origin/main'
2024-02-27 15:29:48.450 [info] > git rev-parse refs/remotes/origin/main [14ms]
2024-02-27 15:29:48.571 [info] > git status -z -uall [57ms]
2024-02-27 15:29:53.739 [info] > git config --get commit.template [10ms]
2024-02-27 15:29:53.824 [info] > git for-each-ref --format=%(refname)%00%(upstream:short)%00%(objectname)%00%(upstream:track)%00%(upstream:remotename)%00%(upstream:remoteref) refs/heads/main refs/remotes/main [16ms]
2024-02-27 15:29:53.896 [warning] ENOENT: no such file or directory, open '/root/ros_ws/src/assignment_2_2023/.git/refs/remotes/origin/main'
2024-02-27 15:29:53.908 [info] > git rev-parse refs/remotes/origin/main [12ms]
2024-02-27 15:29:54.009 [info] > git status -z -uall [34ms]
2024-02-27 15:29:59.186 [info] > git config --get commit.template [56ms]
2024-02-27 15:29:59.194 [info] > git for-each-ref --format=%(refname)%00%(upstream:short)%00%(objectname)%00%(upstream:track)%00%(upstream:remotename)%00%(upstream:remoteref) refs/heads/main refs/remotes/main [11ms]
2024-02-27 15:29:59.247 [warning] ENOENT: no such file or directory, open '/root/ros_ws/src/assignment_2_2023/.git/refs/remotes/origin/main'
2024-02-27 15:29:59.260 [info] > git rev-parse refs/remotes/origin/main [12ms]
2024-02-27 15:29:59.353 [info] > git status -z -uall [37ms]
2024-02-27 15:30:04.569 [info] > git for-each-ref --format=%(refname)%00%(upstream:short)%00%(objectname)%00%(upstream:track)%00%(upstream:remotename)%00%(upstream:remoteref) refs/heads/main refs/remotes/main [15ms]
2024-02-27 15:30:04.570 [info] > git config --get commit.template [87ms]
2024-02-27 15:30:04.632 [warning] ENOENT: no such file or directory, open '/root/ros_ws/src/assignment_2_2023/.git/refs/remotes/origin/main'
2024-02-27 15:30:04.644 [info] > git rev-parse refs/remotes/origin/main [12ms]
2024-02-27 15:30:04.747 [info] > git status -z -uall [43ms]
2024-02-27 15:30:09.968 [info] > git config --get commit.template [67ms]
2024-02-27 15:30:09.984 [info] > git for-each-ref --format=%(refname)%00%(upstream:short)%00%(objectname)%00%(upstream:track)%00%(upstream:remotename)%00%(upstream:remoteref) refs/heads/main refs/remotes/main [20ms]
2024-02-27 15:30:10.039 [warning] ENOENT: no such file or directory, open '/root/ros_ws/src/assignment_2_2023/.git/refs/remotes/origin/main'
2024-02-27 15:30:10.055 [info] > git rev-parse refs/remotes/origin/main [15ms]
2024-02-27 15:30:10.140 [info] > git status -z -uall [33ms]
2024-02-27 15:30:15.345 [info] > git config --get commit.template [87ms]
2024-02-27 15:30:15.348 [info] > git for-each-ref --format=%(refname)%00%(upstream:short)%00%(objectname)%00%(upstream:track)%00%(upstream:remotename)%00%(upstream:remoteref) refs/heads/main refs/remotes/main [21ms]
2024-02-27 15:30:15.415 [warning] ENOENT: no such file or directory, open '/root/ros_ws/src/assignment_2_2023/.git/refs/remotes/origin/main'
2024-02-27 15:30:15.426 [info] > git rev-parse refs/remotes/origin/main [11ms]
2024-02-27 15:30:15.526 [info] > git status -z -uall [41ms]
2024-02-27 15:30:20.703 [info] > git config --get commit.template [57ms]
2024-02-27 15:30:20.712 [info] > git for-each-ref --format=%(refname)%00%(upstream:short)%00%(objectname)%00%(upstream:track)%00%(upstream:remotename)%00%(upstream:remoteref) refs/heads/main refs/remotes/main [14ms]
2024-02-27 15:30:20.762 [warning] ENOENT: no such file or directory, open '/root/ros_ws/src/assignment_2_2023/.git/refs/remotes/origin/main'
2024-02-27 15:30:20.771 [info] > git rev-parse refs/remotes/origin/main [9ms]
2024-02-27 15:30:20.853 [info] > git status -z -uall [32ms]
2024-02-27 15:30:26.019 [info] > git config --get commit.template [60ms]
2024-02-27 15:30:26.029 [info] > git for-each-ref --format=%(refname)%00%(upstream:short)%00%(objectname)%00%(upstream:track)%00%(upstream:remotename)%00%(upstream:remoteref) refs/heads/main refs/remotes/main [13ms]
2024-02-27 15:30:26.087 [warning] ENOENT: no such file or directory, open '/root/ros_ws/src/assignment_2_2023/.git/refs/remotes/origin/main'
2024-02-27 15:30:26.100 [info] > git rev-parse refs/remotes/origin/main [12ms]
2024-02-27 15:30:26.208 [info] > git status -z -uall [37ms]
2024-02-27 15:30:31.405 [info] > git config --get commit.template [62ms]
2024-02-27 15:30:31.413 [info] > git for-each-ref --format=%(refname)%00%(upstream:short)%00%(objectname)%00%(upstream:track)%00%(upstream:remotename)%00%(upstream:remoteref) refs/heads/main refs/remotes/main [12ms]
2024-02-27 15:30:31.465 [warning] ENOENT: no such file or directory, open '/root/ros_ws/src/assignment_2_2023/.git/refs/remotes/origin/main'
2024-02-27 15:30:31.475 [info] > git rev-parse refs/remotes/origin/main [9ms]
2024-02-27 15:30:31.558 [info] > git status -z -uall [33ms]
2024-02-27 15:30:36.771 [info] > git config --get commit.template [90ms]
2024-02-27 15:30:36.776 [info] > git for-each-ref --format=%(refname)%00%(upstream:short)%00%(objectname)%00%(upstream:track)%00%(upstream:remotename)%00%(upstream:remoteref) refs/heads/main refs/remotes/main [19ms]
2024-02-27 15:30:36.855 [warning] ENOENT: no such file or directory, open '/root/ros_ws/src/assignment_2_2023/.git/refs/remotes/origin/main'
2024-02-27 15:30:36.868 [info] > git rev-parse refs/remotes/origin/main [13ms]
2024-02-27 15:30:36.989 [info] > git status -z -uall [48ms]
2024-02-27 15:30:42.154 [info] > git config --get commit.template [57ms]
2024-02-27 15:30:42.162 [info] > git for-each-ref --format=%(refname)%00%(upstream:short)%00%(objectname)%00%(upstream:track)%00%(upstream:remotename)%00%(upstream:remoteref) refs/heads/main refs/remotes/main [10ms]
2024-02-27 15:30:42.209 [warning] ENOENT: no such file or directory, open '/root/ros_ws/src/assignment_2_2023/.git/refs/remotes/origin/main'
2024-02-27 15:30:42.218 [info] > git rev-parse refs/remotes/origin/main [10ms]
2024-02-27 15:30:42.301 [info] > git status -z -uall [32ms]
2024-02-27 15:30:47.466 [info] > git config --get commit.template [56ms]
2024-02-27 15:30:47.479 [info] > git for-each-ref --format=%(refname)%00%(upstream:short)%00%(objectname)%00%(upstream:track)%00%(upstream:remotename)%00%(upstream:remoteref) refs/heads/main refs/remotes/main [17ms]
2024-02-27 15:30:47.542 [warning] ENOENT: no such file or directory, open '/root/ros_ws/src/assignment_2_2023/.git/refs/remotes/origin/main'
2024-02-27 15:30:47.552 [info] > git rev-parse refs/remotes/origin/main [10ms]
2024-02-27 15:30:47.638 [info] > git status -z -uall [33ms]
2024-02-27 15:30:52.817 [info] > git config --get commit.template [55ms]
2024-02-27 15:30:52.825 [info] > git for-each-ref --format=%(refname)%00%(upstream:short)%00%(objectname)%00%(upstream:track)%00%(upstream:remotename)%00%(upstream:remoteref) refs/heads/main refs/remotes/main [12ms]
2024-02-27 15:30:52.876 [warning] ENOENT: no such file or directory, open '/root/ros_ws/src/assignment_2_2023/.git/refs/remotes/origin/main'
2024-02-27 15:30:52.884 [info] > git rev-parse refs/remotes/origin/main [9ms]
2024-02-27 15:30:52.962 [info] > git status -z -uall [30ms]
