2024-02-28 09:38:08.876 [info] Extension host with pid 475 started
2024-02-28 09:38:08.876 [info] Skipping acquiring lock for /root/ros_ws/src/assignment_2_2023/User/workspaceStorage/cc23f0f6d248ae602a57ccb25d071c22.
2024-02-28 09:38:10.435 [info] ExtensionService#_doActivateExtension vscode.emmet, startup: false, activationEvent: 'onLanguage'
2024-02-28 09:38:10.535 [info] ExtensionService#_doActivateExtension ms-python.python, startup: false, activationEvent: 'onLanguage:python', root cause: ms-iot.vscode-ros
2024-02-28 09:38:11.313 [info] ExtensionService#_doActivateExtension ms-vscode.cpptools, startup: false, activationEvent: 'onLanguage:python', root cause: ms-iot.vscode-ros
2024-02-28 09:38:12.093 [info] ExtensionService#_doActivateExtension ms-python.debugpy, startup: false, activationEvent: 'onLanguage:python'
2024-02-28 09:38:13.423 [info] ExtensionService#_doActivateExtension vscode.git-base, startup: true, activationEvent: '*', root cause: vscode.git
2024-02-28 09:38:13.446 [info] ExtensionService#_doActivateExtension ms-vscode.cmake-tools, startup: true, activationEvent: 'workspaceContains:CMakeLists.txt'
2024-02-28 09:38:15.995 [info] ExtensionService#_doActivateExtension ms-python.vscode-pylance, startup: false, activationEvent: 'onLanguage:python'
2024-02-28 09:38:18.528 [info] ExtensionService#_doActivateExtension vscode.git, startup: true, activationEvent: '*'
2024-02-28 09:38:18.700 [info] ExtensionService#_doActivateExtension vscode.github, startup: true, activationEvent: '*'
2024-02-28 09:38:22.677 [info] ExtensionService#_doActivateExtension vscode.debug-auto-launch, startup: false, activationEvent: 'onStartupFinished'
2024-02-28 09:38:22.707 [info] ExtensionService#_doActivateExtension vscode.merge-conflict, startup: false, activationEvent: 'onStartupFinished'
2024-02-28 09:38:24.614 [warning] [Decorations] CAPPING events from decorations provider vscode.git 411
2024-02-28 09:38:26.202 [info] ExtensionService#_doActivateExtension vscode.extension-editing, startup: false, activationEvent: 'onLanguage:json'
2024-02-28 09:38:26.235 [info] ExtensionService#_doActivateExtension vscode.json-language-features, startup: false, activationEvent: 'onLanguage:json'
2024-02-28 09:38:26.361 [info] ExtensionService#_doActivateExtension vscode.npm, startup: false, activationEvent: 'onLanguage:json'
2024-02-28 09:38:26.513 [info] ExtensionService#_doActivateExtension vscode.github-authentication, startup: false, activationEvent: 'onAuthenticationRequest:github'
2024-02-28 09:38:26.818 [info] ExtensionService#_doActivateExtension vscode.typescript-language-features, startup: false, activationEvent: 'onLanguage:jsonc'
2024-02-28 09:38:27.408 [info] ExtensionService#_doActivateExtension ms-iot.vscode-ros, startup: false, activationEvent: 'onLanguage:python'
2024-02-28 09:38:29.482 [warning] [Decorations] CAPPING events from decorations provider vscode.git 415
2024-02-28 09:38:35.530 [warning] [Decorations] CAPPING events from decorations provider vscode.git 418
2024-02-28 09:38:41.627 [warning] [Decorations] CAPPING events from decorations provider vscode.git 418
2024-02-28 09:38:48.405 [info] Eager extensions activated
2024-02-28 09:39:28.208 [warning] [Decorations] CAPPING events from decorations provider vscode.git 417
2024-02-28 09:39:33.584 [warning] [Decorations] CAPPING events from decorations provider vscode.git 416
2024-02-28 09:39:38.959 [warning] [Decorations] CAPPING events from decorations provider vscode.git 416
2024-02-28 09:39:44.309 [warning] [Decorations] CAPPING events from decorations provider vscode.git 416
2024-02-28 09:39:49.675 [warning] [Decorations] CAPPING events from decorations provider vscode.git 416
2024-02-28 09:39:55.025 [warning] [Decorations] CAPPING events from decorations provider vscode.git 416
2024-02-28 09:40:00.388 [warning] [Decorations] CAPPING events from decorations provider vscode.git 416
2024-02-28 09:40:05.806 [warning] [Decorations] CAPPING events from decorations provider vscode.git 416
2024-02-28 09:40:11.176 [warning] [Decorations] CAPPING events from decorations provider vscode.git 416
2024-02-28 09:40:16.530 [warning] [Decorations] CAPPING events from decorations provider vscode.git 416
2024-02-28 09:40:21.914 [warning] [Decorations] CAPPING events from decorations provider vscode.git 416
2024-02-28 09:40:27.312 [warning] [Decorations] CAPPING events from decorations provider vscode.git 416
2024-02-28 09:40:32.699 [warning] [Decorations] CAPPING events from decorations provider vscode.git 416
2024-02-28 09:40:38.018 [warning] [Decorations] CAPPING events from decorations provider vscode.git 416
2024-02-28 09:40:43.413 [warning] [Decorations] CAPPING events from decorations provider vscode.git 416
2024-02-28 09:40:48.820 [warning] [Decorations] CAPPING events from decorations provider vscode.git 416
2024-02-28 09:40:54.189 [warning] [Decorations] CAPPING events from decorations provider vscode.git 416
2024-02-28 09:40:59.515 [warning] [Decorations] CAPPING events from decorations provider vscode.git 416
2024-02-28 09:41:04.913 [warning] [Decorations] CAPPING events from decorations provider vscode.git 416
2024-02-28 09:41:10.311 [warning] [Decorations] CAPPING events from decorations provider vscode.git 416
2024-02-28 09:41:15.748 [warning] [Decorations] CAPPING events from decorations provider vscode.git 416
2024-02-28 09:41:21.212 [warning] [Decorations] CAPPING events from decorations provider vscode.git 416
2024-02-28 09:41:26.601 [warning] [Decorations] CAPPING events from decorations provider vscode.git 416
2024-02-28 09:41:32.042 [warning] [Decorations] CAPPING events from decorations provider vscode.git 416
2024-02-28 09:41:37.501 [warning] [Decorations] CAPPING events from decorations provider vscode.git 416
2024-02-28 09:41:42.837 [warning] [Decorations] CAPPING events from decorations provider vscode.git 416
2024-02-28 09:41:48.380 [warning] [Decorations] CAPPING events from decorations provider vscode.git 416
2024-02-28 09:41:53.893 [warning] [Decorations] CAPPING events from decorations provider vscode.git 416
2024-02-28 09:41:59.505 [warning] [Decorations] CAPPING events from decorations provider vscode.git 416
2024-02-28 09:42:05.140 [warning] [Decorations] CAPPING events from decorations provider vscode.git 416
2024-02-28 09:42:10.663 [warning] [Decorations] CAPPING events from decorations provider vscode.git 416
2024-02-28 09:42:16.187 [warning] [Decorations] CAPPING events from decorations provider vscode.git 416
2024-02-28 09:42:21.855 [warning] [Decorations] CAPPING events from decorations provider vscode.git 416
2024-02-28 09:42:27.399 [warning] [Decorations] CAPPING events from decorations provider vscode.git 416
2024-02-28 09:42:32.848 [warning] [Decorations] CAPPING events from decorations provider vscode.git 416
2024-02-28 09:42:38.251 [warning] [Decorations] CAPPING events from decorations provider vscode.git 416
2024-02-28 09:42:43.849 [warning] [Decorations] CAPPING events from decorations provider vscode.git 416
2024-02-28 09:42:49.304 [warning] [Decorations] CAPPING events from decorations provider vscode.git 416
2024-02-28 09:42:54.813 [warning] [Decorations] CAPPING events from decorations provider vscode.git 416
2024-02-28 09:43:00.344 [warning] [Decorations] CAPPING events from decorations provider vscode.git 416
2024-02-28 09:43:05.770 [warning] [Decorations] CAPPING events from decorations provider vscode.git 416
2024-02-28 09:43:11.196 [warning] [Decorations] CAPPING events from decorations provider vscode.git 416
2024-02-28 09:43:16.655 [warning] [Decorations] CAPPING events from decorations provider vscode.git 416
2024-02-28 09:43:22.149 [warning] [Decorations] CAPPING events from decorations provider vscode.git 416
2024-02-28 09:43:27.620 [warning] [Decorations] CAPPING events from decorations provider vscode.git 416
2024-02-28 09:43:33.034 [warning] [Decorations] CAPPING events from decorations provider vscode.git 416
2024-02-28 09:43:38.439 [warning] [Decorations] CAPPING events from decorations provider vscode.git 416
2024-02-28 09:43:43.888 [warning] [Decorations] CAPPING events from decorations provider vscode.git 416
2024-02-28 09:43:49.357 [warning] [Decorations] CAPPING events from decorations provider vscode.git 416
2024-02-28 09:43:54.778 [warning] [Decorations] CAPPING events from decorations provider vscode.git 416
2024-02-28 09:44:00.182 [warning] [Decorations] CAPPING events from decorations provider vscode.git 416
2024-02-28 09:44:05.605 [warning] [Decorations] CAPPING events from decorations provider vscode.git 416
2024-02-28 09:44:11.023 [warning] [Decorations] CAPPING events from decorations provider vscode.git 416
2024-02-28 09:44:16.430 [warning] [Decorations] CAPPING events from decorations provider vscode.git 416
2024-02-28 09:44:21.820 [warning] [Decorations] CAPPING events from decorations provider vscode.git 416
2024-02-28 09:44:27.225 [warning] [Decorations] CAPPING events from decorations provider vscode.git 416
2024-02-28 09:44:32.624 [warning] [Decorations] CAPPING events from decorations provider vscode.git 416
2024-02-28 09:44:38.018 [warning] [Decorations] CAPPING events from decorations provider vscode.git 416
2024-02-28 09:44:43.411 [warning] [Decorations] CAPPING events from decorations provider vscode.git 416
2024-02-28 09:44:48.817 [warning] [Decorations] CAPPING events from decorations provider vscode.git 416
2024-02-28 09:44:54.321 [warning] [Decorations] CAPPING events from decorations provider vscode.git 416
2024-02-28 09:44:59.756 [warning] [Decorations] CAPPING events from decorations provider vscode.git 416
2024-02-28 09:45:05.202 [warning] [Decorations] CAPPING events from decorations provider vscode.git 416
2024-02-28 09:45:10.625 [warning] [Decorations] CAPPING events from decorations provider vscode.git 416
2024-02-28 09:45:16.032 [warning] [Decorations] CAPPING events from decorations provider vscode.git 416
2024-02-28 09:45:21.393 [warning] [Decorations] CAPPING events from decorations provider vscode.git 416
2024-02-28 09:45:26.783 [warning] [Decorations] CAPPING events from decorations provider vscode.git 416
2024-02-28 09:45:32.187 [warning] [Decorations] CAPPING events from decorations provider vscode.git 416
2024-02-28 09:45:37.591 [warning] [Decorations] CAPPING events from decorations provider vscode.git 416
2024-02-28 09:45:42.948 [warning] [Decorations] CAPPING events from decorations provider vscode.git 416
2024-02-28 09:45:48.329 [warning] [Decorations] CAPPING events from decorations provider vscode.git 416
2024-02-28 09:45:53.687 [warning] [Decorations] CAPPING events from decorations provider vscode.git 416
2024-02-28 09:45:59.096 [warning] [Decorations] CAPPING events from decorations provider vscode.git 416
2024-02-28 09:46:04.552 [warning] [Decorations] CAPPING events from decorations provider vscode.git 416
2024-02-28 09:46:09.956 [warning] [Decorations] CAPPING events from decorations provider vscode.git 416
2024-02-28 09:46:15.371 [warning] [Decorations] CAPPING events from decorations provider vscode.git 416
2024-02-28 09:46:20.748 [warning] [Decorations] CAPPING events from decorations provider vscode.git 416
2024-02-28 09:46:26.111 [warning] [Decorations] CAPPING events from decorations provider vscode.git 416
2024-02-28 09:46:31.478 [warning] [Decorations] CAPPING events from decorations provider vscode.git 416
2024-02-28 09:46:36.830 [warning] [Decorations] CAPPING events from decorations provider vscode.git 416
2024-02-28 09:46:42.235 [warning] [Decorations] CAPPING events from decorations provider vscode.git 416
2024-02-28 09:46:47.684 [warning] [Decorations] CAPPING events from decorations provider vscode.git 416
2024-02-28 09:46:53.121 [warning] [Decorations] CAPPING events from decorations provider vscode.git 416
2024-02-28 09:46:58.528 [warning] [Decorations] CAPPING events from decorations provider vscode.git 416
2024-02-28 09:47:04.044 [warning] [Decorations] CAPPING events from decorations provider vscode.git 416
2024-02-28 09:47:09.601 [warning] [Decorations] CAPPING events from decorations provider vscode.git 416
2024-02-28 09:47:15.126 [warning] [Decorations] CAPPING events from decorations provider vscode.git 416
2024-02-28 09:47:20.469 [warning] [Decorations] CAPPING events from decorations provider vscode.git 416
2024-02-28 09:47:25.796 [warning] [Decorations] CAPPING events from decorations provider vscode.git 416
2024-02-28 09:47:31.166 [warning] [Decorations] CAPPING events from decorations provider vscode.git 416
2024-02-28 09:47:36.508 [warning] [Decorations] CAPPING events from decorations provider vscode.git 416
2024-02-28 09:47:41.857 [warning] [Decorations] CAPPING events from decorations provider vscode.git 416
2024-02-28 09:47:47.207 [warning] [Decorations] CAPPING events from decorations provider vscode.git 416
2024-02-28 09:47:52.528 [warning] [Decorations] CAPPING events from decorations provider vscode.git 416
2024-02-28 09:47:57.872 [warning] [Decorations] CAPPING events from decorations provider vscode.git 416
2024-02-28 09:48:03.238 [warning] [Decorations] CAPPING events from decorations provider vscode.git 416
2024-02-28 09:48:08.564 [warning] [Decorations] CAPPING events from decorations provider vscode.git 416
2024-02-28 09:48:13.905 [warning] [Decorations] CAPPING events from decorations provider vscode.git 416
2024-02-28 09:48:19.233 [warning] [Decorations] CAPPING events from decorations provider vscode.git 416
2024-02-28 09:48:24.567 [warning] [Decorations] CAPPING events from decorations provider vscode.git 416
2024-02-28 09:48:29.880 [warning] [Decorations] CAPPING events from decorations provider vscode.git 416
2024-02-28 09:48:35.225 [warning] [Decorations] CAPPING events from decorations provider vscode.git 416
2024-02-28 09:48:40.656 [warning] [Decorations] CAPPING events from decorations provider vscode.git 416
2024-02-28 09:48:45.958 [warning] [Decorations] CAPPING events from decorations provider vscode.git 416
2024-02-28 09:48:51.345 [warning] [Decorations] CAPPING events from decorations provider vscode.git 416
2024-02-28 09:50:55.203 [warning] [Decorations] CAPPING events from decorations provider vscode.git 416
2024-02-28 09:51:00.148 [info] ExtensionService#_doActivateExtension twxs.cmake, startup: false, activationEvent: 'onLanguage:cmake'
2024-02-28 09:51:01.336 [warning] [Decorations] CAPPING events from decorations provider vscode.git 416
2024-02-28 09:51:06.779 [warning] [Decorations] CAPPING events from decorations provider vscode.git 416
2024-02-28 09:51:12.170 [warning] [Decorations] CAPPING events from decorations provider vscode.git 417
2024-02-28 09:51:17.537 [warning] [Decorations] CAPPING events from decorations provider vscode.git 417
2024-02-28 09:51:23.189 [warning] [Decorations] CAPPING events from decorations provider vscode.git 417
2024-02-28 09:51:28.892 [warning] [Decorations] CAPPING events from decorations provider vscode.git 417
2024-02-28 09:51:34.461 [warning] [Decorations] CAPPING events from decorations provider vscode.git 417
2024-02-28 09:51:40.026 [warning] [Decorations] CAPPING events from decorations provider vscode.git 417
2024-02-28 09:51:45.455 [warning] [Decorations] CAPPING events from decorations provider vscode.git 417
2024-02-28 09:51:51.012 [warning] [Decorations] CAPPING events from decorations provider vscode.git 417
2024-02-28 09:51:56.445 [warning] [Decorations] CAPPING events from decorations provider vscode.git 417
2024-02-28 09:52:01.895 [warning] [Decorations] CAPPING events from decorations provider vscode.git 417
2024-02-28 09:52:07.237 [warning] [Decorations] CAPPING events from decorations provider vscode.git 417
2024-02-28 09:52:12.553 [warning] [Decorations] CAPPING events from decorations provider vscode.git 417
2024-02-28 09:52:17.889 [warning] [Decorations] CAPPING events from decorations provider vscode.git 417
2024-02-28 09:52:23.254 [warning] [Decorations] CAPPING events from decorations provider vscode.git 417
2024-02-28 09:52:28.803 [warning] [Decorations] CAPPING events from decorations provider vscode.git 417
2024-02-28 09:52:34.273 [warning] [Decorations] CAPPING events from decorations provider vscode.git 417
2024-02-28 09:52:39.618 [warning] [Decorations] CAPPING events from decorations provider vscode.git 417
2024-02-28 09:52:44.942 [warning] [Decorations] CAPPING events from decorations provider vscode.git 417
2024-02-28 09:52:50.268 [warning] [Decorations] CAPPING events from decorations provider vscode.git 417
2024-02-28 09:52:55.609 [warning] [Decorations] CAPPING events from decorations provider vscode.git 417
2024-02-28 09:53:01.046 [warning] [Decorations] CAPPING events from decorations provider vscode.git 417
2024-02-28 09:53:06.399 [warning] [Decorations] CAPPING events from decorations provider vscode.git 417
2024-02-28 09:53:11.845 [warning] [Decorations] CAPPING events from decorations provider vscode.git 417
2024-02-28 09:53:17.162 [warning] [Decorations] CAPPING events from decorations provider vscode.git 417
2024-02-28 09:53:22.473 [warning] [Decorations] CAPPING events from decorations provider vscode.git 417
2024-02-28 09:53:27.792 [warning] [Decorations] CAPPING events from decorations provider vscode.git 417
2024-02-28 09:53:33.138 [warning] [Decorations] CAPPING events from decorations provider vscode.git 417
2024-02-28 09:53:38.487 [warning] [Decorations] CAPPING events from decorations provider vscode.git 417
2024-02-28 09:53:43.835 [warning] [Decorations] CAPPING events from decorations provider vscode.git 417
2024-02-28 09:53:49.175 [warning] [Decorations] CAPPING events from decorations provider vscode.git 417
2024-02-28 09:53:54.765 [warning] [Decorations] CAPPING events from decorations provider vscode.git 417
2024-02-28 09:54:00.092 [warning] [Decorations] CAPPING events from decorations provider vscode.git 417
2024-02-28 09:54:05.429 [warning] [Decorations] CAPPING events from decorations provider vscode.git 417
2024-02-28 09:54:10.764 [warning] [Decorations] CAPPING events from decorations provider vscode.git 417
2024-02-28 09:54:16.301 [warning] [Decorations] CAPPING events from decorations provider vscode.git 417
2024-02-28 09:54:21.818 [warning] [Decorations] CAPPING events from decorations provider vscode.git 417
2024-02-28 09:54:27.295 [warning] [Decorations] CAPPING events from decorations provider vscode.git 417
2024-02-28 09:54:32.898 [warning] [Decorations] CAPPING events from decorations provider vscode.git 417
2024-02-28 09:54:38.290 [warning] [Decorations] CAPPING events from decorations provider vscode.git 417
2024-02-28 09:54:43.779 [warning] [Decorations] CAPPING events from decorations provider vscode.git 417
2024-02-28 09:54:49.207 [warning] [Decorations] CAPPING events from decorations provider vscode.git 417
2024-02-28 09:54:54.579 [warning] [Decorations] CAPPING events from decorations provider vscode.git 417
2024-02-28 09:54:59.919 [warning] [Decorations] CAPPING events from decorations provider vscode.git 417
2024-02-28 09:55:05.264 [warning] [Decorations] CAPPING events from decorations provider vscode.git 417
2024-02-28 09:55:10.787 [warning] [Decorations] CAPPING events from decorations provider vscode.git 417
2024-02-28 09:55:16.265 [warning] [Decorations] CAPPING events from decorations provider vscode.git 417
2024-02-28 09:55:21.677 [warning] [Decorations] CAPPING events from decorations provider vscode.git 417
2024-02-28 09:55:27.137 [warning] [Decorations] CAPPING events from decorations provider vscode.git 417
2024-02-28 09:55:32.457 [warning] [Decorations] CAPPING events from decorations provider vscode.git 417
2024-02-28 09:55:37.806 [warning] [Decorations] CAPPING events from decorations provider vscode.git 417
2024-02-28 09:55:43.132 [warning] [Decorations] CAPPING events from decorations provider vscode.git 417
2024-02-28 09:55:48.445 [warning] [Decorations] CAPPING events from decorations provider vscode.git 417
2024-02-28 09:55:53.777 [warning] [Decorations] CAPPING events from decorations provider vscode.git 417
2024-02-28 09:55:59.079 [warning] [Decorations] CAPPING events from decorations provider vscode.git 417
2024-02-28 09:56:04.389 [warning] [Decorations] CAPPING events from decorations provider vscode.git 417
2024-02-28 09:56:09.831 [warning] [Decorations] CAPPING events from decorations provider vscode.git 417
2024-02-28 09:56:15.183 [warning] [Decorations] CAPPING events from decorations provider vscode.git 417
2024-02-28 09:56:20.531 [warning] [Decorations] CAPPING events from decorations provider vscode.git 417
2024-02-28 09:56:25.838 [warning] [Decorations] CAPPING events from decorations provider vscode.git 417
2024-02-28 09:56:31.218 [warning] [Decorations] CAPPING events from decorations provider vscode.git 417
2024-02-28 09:56:36.630 [warning] [Decorations] CAPPING events from decorations provider vscode.git 417
2024-02-28 09:56:41.959 [warning] [Decorations] CAPPING events from decorations provider vscode.git 417
2024-02-28 09:56:47.351 [warning] [Decorations] CAPPING events from decorations provider vscode.git 417
2024-02-28 09:56:52.773 [warning] [Decorations] CAPPING events from decorations provider vscode.git 417
2024-02-28 09:56:58.167 [warning] [Decorations] CAPPING events from decorations provider vscode.git 417
2024-02-28 09:57:03.507 [warning] [Decorations] CAPPING events from decorations provider vscode.git 417
2024-02-28 09:57:08.869 [warning] [Decorations] CAPPING events from decorations provider vscode.git 417
2024-02-28 09:57:14.288 [warning] [Decorations] CAPPING events from decorations provider vscode.git 417
2024-02-28 09:57:19.628 [warning] [Decorations] CAPPING events from decorations provider vscode.git 417
2024-02-28 09:57:25.008 [warning] [Decorations] CAPPING events from decorations provider vscode.git 417
2024-02-28 09:57:30.541 [warning] [Decorations] CAPPING events from decorations provider vscode.git 417
2024-02-28 09:57:35.908 [warning] [Decorations] CAPPING events from decorations provider vscode.git 417
2024-02-28 09:57:41.371 [warning] [Decorations] CAPPING events from decorations provider vscode.git 417
2024-02-28 09:57:46.836 [warning] [Decorations] CAPPING events from decorations provider vscode.git 417
2024-02-28 09:57:52.227 [warning] [Decorations] CAPPING events from decorations provider vscode.git 417
2024-02-28 09:57:57.745 [warning] [Decorations] CAPPING events from decorations provider vscode.git 417
2024-02-28 09:58:03.157 [warning] [Decorations] CAPPING events from decorations provider vscode.git 417
2024-02-28 09:58:08.660 [warning] [Decorations] CAPPING events from decorations provider vscode.git 417
2024-02-28 09:58:14.184 [warning] [Decorations] CAPPING events from decorations provider vscode.git 417
2024-02-28 09:58:19.721 [warning] [Decorations] CAPPING events from decorations provider vscode.git 417
2024-02-28 09:58:25.200 [warning] [Decorations] CAPPING events from decorations provider vscode.git 417
2024-02-28 09:58:30.564 [warning] [Decorations] CAPPING events from decorations provider vscode.git 417
2024-02-28 09:58:35.967 [warning] [Decorations] CAPPING events from decorations provider vscode.git 417
2024-02-28 09:58:41.387 [warning] [Decorations] CAPPING events from decorations provider vscode.git 417
2024-02-28 09:58:46.770 [warning] [Decorations] CAPPING events from decorations provider vscode.git 417
2024-02-28 09:58:52.192 [warning] [Decorations] CAPPING events from decorations provider vscode.git 417
2024-02-28 09:58:57.538 [warning] [Decorations] CAPPING events from decorations provider vscode.git 417
2024-02-28 09:59:02.896 [warning] [Decorations] CAPPING events from decorations provider vscode.git 417
2024-02-28 09:59:08.233 [warning] [Decorations] CAPPING events from decorations provider vscode.git 417
2024-02-28 09:59:13.633 [warning] [Decorations] CAPPING events from decorations provider vscode.git 417
2024-02-28 09:59:18.964 [warning] [Decorations] CAPPING events from decorations provider vscode.git 417
2024-02-28 09:59:24.296 [warning] [Decorations] CAPPING events from decorations provider vscode.git 417
2024-02-28 09:59:29.623 [warning] [Decorations] CAPPING events from decorations provider vscode.git 417
2024-02-28 09:59:35.021 [warning] [Decorations] CAPPING events from decorations provider vscode.git 417
2024-02-28 09:59:40.360 [warning] [Decorations] CAPPING events from decorations provider vscode.git 417
2024-02-28 09:59:45.779 [warning] [Decorations] CAPPING events from decorations provider vscode.git 417
2024-02-28 09:59:51.191 [warning] [Decorations] CAPPING events from decorations provider vscode.git 417
2024-02-28 09:59:56.524 [warning] [Decorations] CAPPING events from decorations provider vscode.git 417
2024-02-28 10:00:01.890 [warning] [Decorations] CAPPING events from decorations provider vscode.git 417
2024-02-28 10:00:07.260 [warning] [Decorations] CAPPING events from decorations provider vscode.git 417
2024-02-28 10:00:12.607 [warning] [Decorations] CAPPING events from decorations provider vscode.git 417
2024-02-28 10:00:17.961 [warning] [Decorations] CAPPING events from decorations provider vscode.git 417
2024-02-28 10:00:23.288 [warning] [Decorations] CAPPING events from decorations provider vscode.git 417
2024-02-28 10:00:28.730 [warning] [Decorations] CAPPING events from decorations provider vscode.git 417
2024-02-28 10:00:34.065 [warning] [Decorations] CAPPING events from decorations provider vscode.git 417
2024-02-28 10:00:39.386 [warning] [Decorations] CAPPING events from decorations provider vscode.git 417
2024-02-28 10:00:44.721 [warning] [Decorations] CAPPING events from decorations provider vscode.git 417
2024-02-28 10:00:50.042 [warning] [Decorations] CAPPING events from decorations provider vscode.git 417
2024-02-28 10:00:55.355 [warning] [Decorations] CAPPING events from decorations provider vscode.git 417
2024-02-28 10:01:00.689 [warning] [Decorations] CAPPING events from decorations provider vscode.git 417
2024-02-28 10:01:06.005 [warning] [Decorations] CAPPING events from decorations provider vscode.git 417
2024-02-28 10:01:11.348 [warning] [Decorations] CAPPING events from decorations provider vscode.git 417
2024-02-28 10:01:16.702 [warning] [Decorations] CAPPING events from decorations provider vscode.git 417
2024-02-28 10:01:22.163 [warning] [Decorations] CAPPING events from decorations provider vscode.git 417
2024-02-28 10:01:27.513 [warning] [Decorations] CAPPING events from decorations provider vscode.git 417
2024-02-28 10:01:32.830 [warning] [Decorations] CAPPING events from decorations provider vscode.git 417
2024-02-28 10:01:38.338 [warning] [Decorations] CAPPING events from decorations provider vscode.git 417
2024-02-28 10:01:43.672 [warning] [Decorations] CAPPING events from decorations provider vscode.git 417
2024-02-28 10:01:49.002 [warning] [Decorations] CAPPING events from decorations provider vscode.git 417
2024-02-28 10:01:54.379 [warning] [Decorations] CAPPING events from decorations provider vscode.git 417
2024-02-28 10:01:59.846 [warning] [Decorations] CAPPING events from decorations provider vscode.git 417
2024-02-28 10:02:05.300 [warning] [Decorations] CAPPING events from decorations provider vscode.git 417
2024-02-28 10:02:10.699 [warning] [Decorations] CAPPING events from decorations provider vscode.git 417
2024-02-28 10:02:16.039 [warning] [Decorations] CAPPING events from decorations provider vscode.git 417
2024-02-28 10:02:21.361 [warning] [Decorations] CAPPING events from decorations provider vscode.git 417
2024-02-28 10:02:26.750 [warning] [Decorations] CAPPING events from decorations provider vscode.git 417
2024-02-28 10:02:32.118 [warning] [Decorations] CAPPING events from decorations provider vscode.git 417
2024-02-28 10:02:37.436 [warning] [Decorations] CAPPING events from decorations provider vscode.git 417
2024-02-28 10:02:42.752 [warning] [Decorations] CAPPING events from decorations provider vscode.git 417
2024-02-28 10:02:48.089 [warning] [Decorations] CAPPING events from decorations provider vscode.git 417
2024-02-28 10:02:53.772 [warning] [Decorations] CAPPING events from decorations provider vscode.git 417
2024-02-28 10:02:59.091 [warning] [Decorations] CAPPING events from decorations provider vscode.git 417
2024-02-28 10:03:04.430 [warning] [Decorations] CAPPING events from decorations provider vscode.git 417
2024-02-28 10:03:09.756 [warning] [Decorations] CAPPING events from decorations provider vscode.git 417
2024-02-28 10:03:15.166 [warning] [Decorations] CAPPING events from decorations provider vscode.git 417
2024-02-28 10:03:20.541 [warning] [Decorations] CAPPING events from decorations provider vscode.git 417
2024-02-28 10:03:25.958 [warning] [Decorations] CAPPING events from decorations provider vscode.git 417
2024-02-28 10:03:31.368 [warning] [Decorations] CAPPING events from decorations provider vscode.git 417
2024-02-28 10:03:36.719 [warning] [Decorations] CAPPING events from decorations provider vscode.git 417
2024-02-28 10:03:42.048 [warning] [Decorations] CAPPING events from decorations provider vscode.git 417
2024-02-28 10:03:47.387 [warning] [Decorations] CAPPING events from decorations provider vscode.git 417
2024-02-28 10:03:52.740 [warning] [Decorations] CAPPING events from decorations provider vscode.git 417
2024-02-28 10:03:58.112 [warning] [Decorations] CAPPING events from decorations provider vscode.git 417
2024-02-28 10:04:03.457 [warning] [Decorations] CAPPING events from decorations provider vscode.git 417
2024-02-28 10:04:08.776 [warning] [Decorations] CAPPING events from decorations provider vscode.git 417
2024-02-28 10:04:14.135 [warning] [Decorations] CAPPING events from decorations provider vscode.git 417
2024-02-28 10:04:19.470 [warning] [Decorations] CAPPING events from decorations provider vscode.git 417
2024-02-28 10:04:24.796 [warning] [Decorations] CAPPING events from decorations provider vscode.git 417
2024-02-28 10:04:30.132 [warning] [Decorations] CAPPING events from decorations provider vscode.git 417
2024-02-28 10:04:35.444 [warning] [Decorations] CAPPING events from decorations provider vscode.git 417
2024-02-28 10:04:40.773 [warning] [Decorations] CAPPING events from decorations provider vscode.git 417
2024-02-28 10:04:46.183 [warning] [Decorations] CAPPING events from decorations provider vscode.git 417
2024-02-28 10:04:51.736 [warning] [Decorations] CAPPING events from decorations provider vscode.git 417
2024-02-28 10:04:57.138 [warning] [Decorations] CAPPING events from decorations provider vscode.git 417
2024-02-28 10:05:02.460 [warning] [Decorations] CAPPING events from decorations provider vscode.git 417
2024-02-28 10:05:07.844 [warning] [Decorations] CAPPING events from decorations provider vscode.git 417
2024-02-28 10:05:13.205 [warning] [Decorations] CAPPING events from decorations provider vscode.git 417
2024-02-28 10:05:18.539 [warning] [Decorations] CAPPING events from decorations provider vscode.git 417
2024-02-28 10:05:23.906 [warning] [Decorations] CAPPING events from decorations provider vscode.git 417
2024-02-28 10:05:29.247 [warning] [Decorations] CAPPING events from decorations provider vscode.git 417
2024-02-28 10:05:34.573 [warning] [Decorations] CAPPING events from decorations provider vscode.git 417
2024-02-28 10:05:39.895 [warning] [Decorations] CAPPING events from decorations provider vscode.git 417
2024-02-28 10:05:45.232 [warning] [Decorations] CAPPING events from decorations provider vscode.git 417
2024-02-28 10:05:50.601 [warning] [Decorations] CAPPING events from decorations provider vscode.git 417
2024-02-28 10:05:55.941 [warning] [Decorations] CAPPING events from decorations provider vscode.git 417
2024-02-28 10:06:01.309 [warning] [Decorations] CAPPING events from decorations provider vscode.git 417
2024-02-28 10:06:06.630 [warning] [Decorations] CAPPING events from decorations provider vscode.git 417
2024-02-28 10:06:12.017 [warning] [Decorations] CAPPING events from decorations provider vscode.git 417
2024-02-28 10:06:17.400 [warning] [Decorations] CAPPING events from decorations provider vscode.git 417
2024-02-28 10:06:22.787 [warning] [Decorations] CAPPING events from decorations provider vscode.git 417
2024-02-28 10:06:28.138 [warning] [Decorations] CAPPING events from decorations provider vscode.git 417
2024-02-28 10:06:33.583 [warning] [Decorations] CAPPING events from decorations provider vscode.git 417
2024-02-28 10:06:39.132 [warning] [Decorations] CAPPING events from decorations provider vscode.git 417
2024-02-28 10:06:44.636 [warning] [Decorations] CAPPING events from decorations provider vscode.git 417
2024-02-28 10:06:50.042 [warning] [Decorations] CAPPING events from decorations provider vscode.git 417
2024-02-28 10:06:55.577 [warning] [Decorations] CAPPING events from decorations provider vscode.git 417
2024-02-28 10:07:01.017 [warning] [Decorations] CAPPING events from decorations provider vscode.git 417
2024-02-28 10:07:06.438 [warning] [Decorations] CAPPING events from decorations provider vscode.git 417
2024-02-28 10:07:11.891 [warning] [Decorations] CAPPING events from decorations provider vscode.git 417
2024-02-28 10:07:17.414 [warning] [Decorations] CAPPING events from decorations provider vscode.git 417
2024-02-28 10:07:23.065 [warning] [Decorations] CAPPING events from decorations provider vscode.git 417
2024-02-28 10:07:25.616 [info] Extension host terminating: renderer closed the MessagePort
2024-02-28 10:07:26.508 [error] Canceled: Canceled
	at new g (/usr/share/code/resources/app/out/vs/workbench/api/node/extensionHostProcess.js:141:110274)
	at l.U (/usr/share/code/resources/app/out/vs/workbench/api/node/extensionHostProcess.js:150:10866)
	at P.<computed>.j.charCodeAt.P.<computed> (/usr/share/code/resources/app/out/vs/workbench/api/node/extensionHostProcess.js:150:8317)
	at d.g (/usr/share/code/resources/app/out/vs/workbench/api/node/extensionHostProcess.js:141:139555)
	at d.executeCommand (/usr/share/code/resources/app/out/vs/workbench/api/node/extensionHostProcess.js:141:138993)
	at p.registerCommand.description (/usr/share/code/resources/app/out/vs/workbench/api/node/extensionHostProcess.js:141:138317)
	at d.h (/usr/share/code/resources/app/out/vs/workbench/api/node/extensionHostProcess.js:141:140094)
	at d.g (/usr/share/code/resources/app/out/vs/workbench/api/node/extensionHostProcess.js:141:139086)
	at d.executeCommand (/usr/share/code/resources/app/out/vs/workbench/api/node/extensionHostProcess.js:141:138993)
	at Object.executeCommand (/usr/share/code/resources/app/out/vs/workbench/api/node/extensionHostProcess.js:158:21333)
	at f.I [as value] (/usr/share/code/resources/app/extensions/git/dist/main.js:2:924696)
	at n.y (/usr/share/code/resources/app/out/vs/workbench/api/node/extensionHostProcess.js:80:1902)
	at n.z (/usr/share/code/resources/app/out/vs/workbench/api/node/extensionHostProcess.js:80:1972)
	at n.fire (/usr/share/code/resources/app/out/vs/workbench/api/node/extensionHostProcess.js:80:2188)
	at Object.m [as dispose] (/usr/share/code/resources/app/extensions/git/dist/main.js:2:940613)
	at /usr/share/code/resources/app/extensions/git/dist/main.js:2:945566
	at Array.forEach (<anonymous>)
	at p.dispose (/usr/share/code/resources/app/extensions/git/dist/main.js:2:945552)
	at u.<anonymous> (/usr/share/code/resources/app/out/vs/workbench/api/node/extensionHostProcess.js:137:3620)
	at u.dispose (/usr/share/code/resources/app/out/vs/workbench/api/node/extensionHostProcess.js:137:3717)
	at u.<anonymous> (/usr/share/code/resources/app/extensions/git/dist/main.js:2:926708)
	at u.dispose (/usr/share/code/resources/app/out/vs/workbench/api/node/extensionHostProcess.js:137:3717)
	at s (/usr/share/code/resources/app/out/vs/workbench/api/node/extensionHostProcess.js:30:754)
	at f.cb (/usr/share/code/resources/app/out/vs/workbench/api/node/extensionHostProcess.js:154:9873)
	at /usr/share/code/resources/app/out/vs/workbench/api/node/extensionHostProcess.js:154:7808
	at Array.map (<anonymous>)
	at f.Y (/usr/share/code/resources/app/out/vs/workbench/api/node/extensionHostProcess.js:154:7795)
	at f.terminate (/usr/share/code/resources/app/out/vs/workbench/api/node/extensionHostProcess.js:154:8068)
	at s.terminate (/usr/share/code/resources/app/out/vs/workbench/api/node/extensionHostProcess.js:158:1513)
	at a (/usr/share/code/resources/app/out/vs/workbench/api/node/extensionHostProcess.js:171:9802)
	at MessagePortMain.<anonymous> (/usr/share/code/resources/app/out/vs/workbench/api/node/extensionHostProcess.js:171:6227)
	at MessagePortMain.emit (node:events:513:28)
	at MessagePortMain._internalPort.emit (node:electron/js2c/utility_init:2:367) setContext undefined
2024-02-28 10:07:26.518 [error] Canceled: Canceled
	at new g (/usr/share/code/resources/app/out/vs/workbench/api/node/extensionHostProcess.js:141:110274)
	at l.U (/usr/share/code/resources/app/out/vs/workbench/api/node/extensionHostProcess.js:150:10866)
	at P.<computed>.j.charCodeAt.P.<computed> (/usr/share/code/resources/app/out/vs/workbench/api/node/extensionHostProcess.js:150:8317)
	at d.g (/usr/share/code/resources/app/out/vs/workbench/api/node/extensionHostProcess.js:141:139555)
	at d.executeCommand (/usr/share/code/resources/app/out/vs/workbench/api/node/extensionHostProcess.js:141:138993)
	at p.registerCommand.description (/usr/share/code/resources/app/out/vs/workbench/api/node/extensionHostProcess.js:141:138317)
	at d.h (/usr/share/code/resources/app/out/vs/workbench/api/node/extensionHostProcess.js:141:140094)
	at d.g (/usr/share/code/resources/app/out/vs/workbench/api/node/extensionHostProcess.js:141:139086)
	at d.executeCommand (/usr/share/code/resources/app/out/vs/workbench/api/node/extensionHostProcess.js:141:138993)
	at Object.executeCommand (/usr/share/code/resources/app/out/vs/workbench/api/node/extensionHostProcess.js:158:21333)
	at set b [as b] (/usr/share/code/resources/app/extensions/github/dist/extension.js:2:322364)
	at /usr/share/code/resources/app/extensions/github/dist/extension.js:2:323005
	at f.value (/usr/share/code/resources/app/extensions/git/dist/main.js:2:1016450)
	at n.y (/usr/share/code/resources/app/out/vs/workbench/api/node/extensionHostProcess.js:80:1902)
	at n.z (/usr/share/code/resources/app/out/vs/workbench/api/node/extensionHostProcess.js:80:1972)
	at n.fire (/usr/share/code/resources/app/out/vs/workbench/api/node/extensionHostProcess.js:80:2188)
	at Object.m [as dispose] (/usr/share/code/resources/app/extensions/git/dist/main.js:2:940613)
	at /usr/share/code/resources/app/extensions/git/dist/main.js:2:945566
	at Array.forEach (<anonymous>)
	at p.dispose (/usr/share/code/resources/app/extensions/git/dist/main.js:2:945552)
	at u.<anonymous> (/usr/share/code/resources/app/out/vs/workbench/api/node/extensionHostProcess.js:137:3620)
	at u.dispose (/usr/share/code/resources/app/out/vs/workbench/api/node/extensionHostProcess.js:137:3717)
	at u.<anonymous> (/usr/share/code/resources/app/extensions/git/dist/main.js:2:926708)
	at u.dispose (/usr/share/code/resources/app/out/vs/workbench/api/node/extensionHostProcess.js:137:3717)
	at s (/usr/share/code/resources/app/out/vs/workbench/api/node/extensionHostProcess.js:30:754)
	at f.cb (/usr/share/code/resources/app/out/vs/workbench/api/node/extensionHostProcess.js:154:9873)
	at /usr/share/code/resources/app/out/vs/workbench/api/node/extensionHostProcess.js:154:7808
	at Array.map (<anonymous>)
	at f.Y (/usr/share/code/resources/app/out/vs/workbench/api/node/extensionHostProcess.js:154:7795)
	at f.terminate (/usr/share/code/resources/app/out/vs/workbench/api/node/extensionHostProcess.js:154:8068)
	at s.terminate (/usr/share/code/resources/app/out/vs/workbench/api/node/extensionHostProcess.js:158:1513)
	at a (/usr/share/code/resources/app/out/vs/workbench/api/node/extensionHostProcess.js:171:9802)
	at MessagePortMain.<anonymous> (/usr/share/code/resources/app/out/vs/workbench/api/node/extensionHostProcess.js:171:6227)
	at MessagePortMain.emit (node:events:513:28)
	at MessagePortMain._internalPort.emit (node:electron/js2c/utility_init:2:367) setContext undefined
2024-02-28 10:07:27.381 [info] Extension host with pid 475 exiting with code 0
